#
# A fatal error has been detected by the Java Runtime Environment:
#
#  SIGSEGV (0xb) at pc=0x00000001289660cc, pid=9509, tid=775
#
# JRE version: Java(TM) SE Runtime Environment (9.0+11) (build 9.0.1+11)
# Java VM: Java HotSpot(TM) 64-Bit Server VM (9.0.1+11, mixed mode, tiered, compressed oops, g1 gc, bsd-amd64)
# Problematic frame:
# C  [libosxapp.dylib+0x20cc]  -[NSApplicationAWT sendEvent:]+0x179
#
# No core dump will be written. Core dumps have been disabled. To enable core dumping, try "ulimit -c unlimited" before starting Java again
#
# If you would like to submit a bug report, please visit:
#   http://bugreport.java.com/bugreport/crash.jsp
# The crash happened outside the Java Virtual Machine in native code.
# See problematic frame for where to report the bug.
#

---------------  S U M M A R Y ------------

Command Line: -Xmx512m -Dnativewindow.awt.nohidpi=true -DlanguageId_xjal=en0yxjlv -DFlowchartCountersVisible_xjal=true -DTileCachePath_xjal=/Applications/AnyLogic.app/Contents/Resources/Java/plugins/com.anylogic.gis_8.2.3.201712291404/tiles -DFlowchartPortStateAnimated_xjal=true -DuseProxy_xjal=false -Djava.library.path=/Applications/AnyLogic.app/Contents/Resources/Java/plugins/org.j3d.opengl.swt.carbon.osx_0.7.0:/Applications/AnyLogic.app/Contents/Resources/Java/plugins/org.j3d.opengl.swt.carbon.osx_0.7.0 -Dfile.encoding=UTF-8 com.anylogic.ms.MS final_project.Simulation 18385fd

Host: MacBookPro10,2 x86_64 2500 MHz, 4 cores, 8G, Darwin 17.4.0
Time: Sun Apr 15 10:53:46 2018 EDT elapsed time: 26 seconds (0d 0h 0m 26s)

---------------  T H R E A D  ---------------

Current thread (0x00007ff0e01e5800):  JavaThread "AppKit Thread" daemon [_thread_in_native, id=775, stack(0x00007ffee284b000,0x00007ffee304b000)]

Stack: [0x00007ffee284b000,0x00007ffee304b000],  sp=0x00007ffee3044f50,  free space=8167k
Native frames: (J=compiled Java code, A=aot compiled Java code, j=interpreted, Vv=VM code, C=native code)
C  [libosxapp.dylib+0x20cc]  -[NSApplicationAWT sendEvent:]+0x179
C  [AppKit+0x36d9d]  -[NSApplication run]+0x32c
C  [libosxapp.dylib+0x1d3a]  +[NSApplicationAWT runAWTLoopWithApp:]+0x9d
C  [libawt_lwawt.dylib+0x3a544]  +[AWTStarter starter:headless:]+0x342
C  [JavaNativeFoundation+0x6f4a]  +[JNFRunLoop _performCopiedBlock:]+0x11
C  [Foundation+0x681c5]  __NSThreadPerformPerform+0x14e
C  [CoreFoundation+0x9fa21]  __CFRUNLOOP_IS_CALLING_OUT_TO_A_SOURCE0_PERFORM_FUNCTION__+0x11
C  [CoreFoundation+0x15726c]  __CFRunLoopDoSource0+0x6c
C  [CoreFoundation+0x82ab0]  __CFRunLoopDoSources0+0xd0
C  [CoreFoundation+0x81f2d]  __CFRunLoopRun+0x50d
C  [CoreFoundation+0x81787]  CFRunLoopRunSpecific+0x1e7
C  [java+0x6b2e]  CreateExecutionEnvironment+0x35c
C  [java+0x2c65]  JLI_Launch+0x5a9
C  [java+0x1b62]  main+0x186
C  [java+0x19d4]  start+0x34
C  0x0000000000000010


siginfo: si_signo: 11 (SIGSEGV), si_code: 1 (SEGV_MAPERR), si_addr: 0x0000000000000010

Register to memory mapping:

RAX=0x0000000000000000 is an unknown value
RBX=0x0000000000000000 is an unknown value
RCX=0x000000000021e000 is an unknown value
RDX=0x000000000021e000 is an unknown value
RSP=0x00007ffee3044f50 is pointing into the stack for thread: 0x00007ff0e01e5800
RBP=0x00007ffee3044f80 is pointing into the stack for thread: 0x00007ff0e01e5800
RSI=0x00007fff31b053ac: .str.41.llvm.371263A9+0x4a636 in /System/Library/Frameworks/AppKit.framework/Versions/C/AppKit at 0x00007fff30e25000
RDI=0x0000000000000000 is an unknown value
R8 =0x00000000000001ff is an unknown value
R9 =0x00007ff0e5151ee0 is an unknown value
R10=0x00007fff8d2db1b8: OBJC_CLASS_$_NSEvent+0 in /System/Library/Frameworks/AppKit.framework/Versions/C/AppKit at 0x00007fff30e25000
R11=0x00007ff0dfbd00c0 is an unknown value
R12=0x00007ff0e5151ee0 is an unknown value
R13=0x00007ff0e5065f60 is an unknown value
R14=0x00007fff5a659e80: objc_msgSend+0 in /usr/lib/libobjc.A.dylib at 0x00007fff5a653000
R15=0x00007ff0de74bb30 is an unknown value


Registers:
RAX=0x0000000000000000, RBX=0x0000000000000000, RCX=0x000000000021e000, RDX=0x000000000021e000
RSP=0x00007ffee3044f50, RBP=0x00007ffee3044f80, RSI=0x00007fff31b053ac, RDI=0x0000000000000000
R8 =0x00000000000001ff, R9 =0x00007ff0e5151ee0, R10=0x00007fff8d2db1b8, R11=0x00007ff0dfbd00c0
R12=0x00007ff0e5151ee0, R13=0x00007ff0e5065f60, R14=0x00007fff5a659e80, R15=0x00007ff0de74bb30
RIP=0x00000001289660cc, EFLAGS=0x0000000000010246, ERR=0x0000000000000004
  TRAPNO=0x000000000000000e

Top of Stack: (sp=0x00007ffee3044f50)
0x00007ffee3044f50:   00007ffee3044f70 ffff800f1aeae120
0x00007ffee3044f60:   00007fff5a659e80 00007fff5a659e80
0x00007ffee3044f70:   0000000000000001 00007ff0de74bb30
0x00007ffee3044f80:   00007ffee3045030 00007fff30e5bd9d
0x00007ffee3044f90:   00007fff31afe3d8 00007ff0de74bb30
0x00007ffee3044fa0:   00007fff31af70a7 00007fff31aff2c5
0x00007ffee3044fb0:   00007fff8d88b178 00007fff31af5d04
0x00007ffee3044fc0:   00007fff31af59da 0000000000000010
0x00007ffee3044fd0:   00007fff31af51ca 00007fff31b053b2
0x00007ffee3044fe0:   00007fff31af5058 00007fff31af59f4
0x00007ffee3044ff0:   00007fff31af5a20 0000000000000062
0x00007ffee3045000:   00007fff31af5afe 00007ff0de74bb30
0x00007ffee3045010:   00007fff5a659e80 000000012896a690
0x00007ffee3045020:   00007fff31afe3d8 000000012896a6b0
0x00007ffee3045030:   00007ffee3045070 0000000128965d3a
0x00007ffee3045040:   0000000000000000 00007ff0de69d3c0
0x00007ffee3045050:   00007fff5a659e80 00007ff0de74bb30
0x00007ffee3045060:   00007ff0de513de0 0000000000000000
0x00007ffee3045070:   00007ffee30450c0 00000001288de544
0x00007ffee3045080:   00007ff0de74bb30 0000000000000000
0x00007ffee3045090:   00007ff0de513de0 00007ff0de7468c0
0x00007ffee30450a0:   00007ff0de701c10 00007fff31af5058
0x00007ffee30450b0:   00007ff0de746af0 0000000000000000
0x00007ffee30450c0:   00007ffee30450e0 00007fff3748df4a
0x00007ffee30450d0:   0000000000000018 0000000000000001
0x00007ffee30450e0:   00007ffee3045160 00007fff359c21c5
0x00007ffee30450f0:   0000000000000001 00007fff31af5137
0x00007ffee3045100:   00007ff0de701c10 00007ff0de746e90
0x00007ffee3045110:   00007fff31afc539 00007fff31b4f513
0x00007ffee3045120:   00007fff31afc53e 00007fff31af51ca
0x00007ffee3045130:   00007ffee3045170 00007fff359c2077
0x00007ffee3045140:   0000000300002e88 0000000000000000 

Instructions: (pc=0x00000001289660cc)
0x00000001289660ac:   41 5f 5d c3 48 8b 35 51 58 00 00 4c 8b 35 ca 3f
0x00000001289660bc:   00 00 48 89 df 41 ff d6 48 89 c3 31 c0 48 89 df
0x00000001289660cc:   ff 53 10 48 8b 35 1a 56 00 00 48 89 df 4c 89 f0
0x00000001289660dc:   48 83 c4 18 5b 41 5e 41 5f 5d ff e0 55 48 89 e5 


---------------  P R O C E S S  ---------------

Java Threads: ( => current thread )
  0x00007ff0dfa45000 JavaThread "AnyLogic user input event processor" daemon [_thread_blocked, id=69691, stack(0x0000700007199000,0x0000700007299000)]
  0x00007ff0e0720000 JavaThread "Thread-5" [_thread_in_native, id=57215, stack(0x0000700006d8d000,0x0000700006e8d000)]
  0x00007ff0e3995800 JavaThread "AV3D Runtime" [_thread_blocked, id=59671, stack(0x000070000739f000,0x000070000749f000)]
  0x00007ff0df4bb000 JavaThread "AnyLogic presentation frame manager" daemon [_thread_blocked, id=71683, stack(0x0000700007096000,0x0000700007196000)]
  0x00007ff0deb55000 JavaThread "DestroyJavaVM" [_thread_blocked, id=9987, stack(0x0000700004fb0000,0x00007000050b0000)]
  0x00007ff0df4a0800 JavaThread "TimerQueue" daemon [_thread_blocked, id=72455, stack(0x0000700006f93000,0x0000700007093000)]
  0x00007ff0dffed800 JavaThread "AnyLogic simulation performance monitor" [_thread_blocked, id=57867, stack(0x0000700006e90000,0x0000700006f90000)]
  0x00007ff0e2819000 JavaThread "AWT-EventQueue-0" [_thread_in_native, id=56335, stack(0x0000700006c8a000,0x0000700006d8a000)]
  0x00007ff0dfbf1000 JavaThread "AWT-Shutdown" [_thread_blocked, id=30291, stack(0x00007000066f5000,0x00007000067f5000)]
  0x00007ff0e0314000 JavaThread "Java2D Disposer" daemon [_thread_blocked, id=52495, stack(0x0000700006a84000,0x0000700006b84000)]
  0x00007ff0e0311000 JavaThread "Java2D Queue Flusher" daemon [_thread_blocked, id=47479, stack(0x0000700006981000,0x0000700006a81000)]
=>0x00007ff0e01e5800 JavaThread "AppKit Thread" daemon [_thread_in_native, id=775, stack(0x00007ffee284b000,0x00007ffee304b000)]
  0x00007ff0de809800 JavaThread "Service Thread" daemon [_thread_blocked, id=42243, stack(0x00007000064ef000,0x00007000065ef000)]
  0x00007ff0df88a000 JavaThread "Common-Cleaner" daemon [_thread_blocked, id=42755, stack(0x00007000063ec000,0x00007000064ec000)]
  0x00007ff0e0012800 JavaThread "Sweeper thread" daemon [_thread_blocked, id=23043, stack(0x00007000062e9000,0x00007000063e9000)]
  0x00007ff0e0029800 JavaThread "C1 CompilerThread2" daemon [_thread_blocked, id=22787, stack(0x00007000061e6000,0x00007000062e6000)]
  0x00007ff0e0028800 JavaThread "C2 CompilerThread1" daemon [_thread_in_native, id=22531, stack(0x00007000060e3000,0x00007000061e3000)]
  0x00007ff0e0027800 JavaThread "C2 CompilerThread0" daemon [_thread_in_native, id=22019, stack(0x0000700005fe0000,0x00007000060e0000)]
  0x00007ff0df03b000 JavaThread "Signal Dispatcher" daemon [_thread_blocked, id=16907, stack(0x0000700005edd000,0x0000700005fdd000)]
  0x00007ff0e000f000 JavaThread "Finalizer" daemon [_thread_blocked, id=18947, stack(0x0000700005dda000,0x0000700005eda000)]
  0x00007ff0e000a000 JavaThread "Reference Handler" daemon [_thread_blocked, id=15363, stack(0x0000700005cd7000,0x0000700005dd7000)]

Other Threads:
  0x00007ff0df00a800 VMThread "VM Thread" [stack: 0x0000700005bd4000,0x0000700005cd4000] [id=14851]
  0x00007ff0e000f800 WatcherThread [stack: 0x00007000065f2000,0x00007000066f2000] [id=41731]
  0x00007ff0df810800 GCTaskThread "GC Thread#0" [stack: 0x00007000050b3000,0x00007000051b3000] [id=21507]
  0x00007ff0df811000 GCTaskThread "GC Thread#1" [stack: 0x00007000051b6000,0x00007000052b6000] [id=11267]
  0x00007ff0df012000 GCTaskThread "GC Thread#2" [stack: 0x00007000052b9000,0x00007000053b9000] [id=11523]
  0x00007ff0de800800 GCTaskThread "GC Thread#3" [stack: 0x00007000053bc000,0x00007000054bc000] [id=11779]
  0x00007ff0df833800 ConcurrentGCThread "G1 Main Marker" [stack: 0x00007000059ce000,0x0000700005ace000] [id=14083]
  0x00007ff0df834000 ConcurrentGCThread "G1 Marker#0" [stack: 0x0000700005ad1000,0x0000700005bd1000] [id=19459]
  0x00007ff0df811800 ConcurrentGCThread "G1 Refine#0" [stack: 0x00007000057c8000,0x00007000058c8000] [id=13059]
  0x00007ff0de808800 ConcurrentGCThread "G1 Refine#1" [stack: 0x00007000056c5000,0x00007000057c5000] [id=20227]
  0x00007ff0de803000 ConcurrentGCThread "G1 Refine#2" [stack: 0x00007000055c2000,0x00007000056c2000] [id=12547]
  0x00007ff0de802800 ConcurrentGCThread "G1 Refine#3" [stack: 0x00007000054bf000,0x00007000055bf000] [id=12035]
  0x00007ff0df812800 ConcurrentGCThread "G1 Young RemSet Sampling" [stack: 0x00007000058cb000,0x00007000059cb000] [id=13571]

Threads with active compile tasks:
C2 CompilerThread16619       4       org.hsqldb.rowio.RowOutputBase::writeData (584 bytes)
C2 CompilerThread06612       4       javax.swing.DefaultListCellRenderer::firePropertyChange (40 bytes)

VM state:not at safepoint (normal execution)

VM Mutex/Monitor currently owned by a thread: None

Heap address: 0x00000007a0000000, size: 512 MB, Compressed Oops mode: Zero based, Oop shift amount: 3
Narrow klass base: 0x0000000000000000, Narrow klass shift: 3
Compressed class space size: 1073741824 Address: 0x00000007c0000000

Heap:
 garbage-first heap   total 131072K, used 97265K [0x00000007a0000000, 0x00000007a0100400, 0x00000007c0000000)
  region size 1024K, 26 young (26624K), 4 survivors (4096K)
 Metaspace       used 41472K, capacity 42909K, committed 43132K, reserved 1087488K
  class space    used 5442K, capacity 5745K, committed 5760K, reserved 1048576K
Heap Regions: E=young(eden), S=young(survivor), O=old, HS=humongous(starts), HC=humongous(continues), CS=collection set, F=free, A=archive, TS=gc time stamp, AC=allocation context, TAMS=top-at-mark-start (previous, next)
|   0|0x00000007a0000000, 0x00000007a0100000, 0x00000007a0100000|100%|HS|  |TS  0|AC  0|TAMS 0x00000007a0100000, 0x00000007a0100000|
|   1|0x00000007a0100000, 0x00000007a0200000, 0x00000007a0200000|100%| O|  |TS  0|AC  0|TAMS 0x00000007a0200000, 0x00000007a0200000|
|   2|0x00000007a0200000, 0x00000007a0300000, 0x00000007a0300000|100%| O|  |TS  0|AC  0|TAMS 0x00000007a0300000, 0x00000007a0300000|
|   3|0x00000007a0300000, 0x00000007a0400000, 0x00000007a0400000|100%| O|  |TS  0|AC  0|TAMS 0x00000007a0400000, 0x00000007a0400000|
|   4|0x00000007a0400000, 0x00000007a0500000, 0x00000007a0500000|100%| O|  |TS  0|AC  0|TAMS 0x00000007a0500000, 0x00000007a0500000|
|   5|0x00000007a0500000, 0x00000007a0600000, 0x00000007a0600000|100%| O|  |TS  0|AC  0|TAMS 0x00000007a0600000, 0x00000007a0600000|
|   6|0x00000007a0600000, 0x00000007a0700000, 0x00000007a0700000|100%| O|  |TS  0|AC  0|TAMS 0x00000007a0700000, 0x00000007a0700000|
|   7|0x00000007a0700000, 0x00000007a0800000, 0x00000007a0800000|100%|HS|  |TS  0|AC  0|TAMS 0x00000007a0800000, 0x00000007a0800000|
|   8|0x00000007a0800000, 0x00000007a0900000, 0x00000007a0900000|100%|HC|  |TS  0|AC  0|TAMS 0x00000007a0900000, 0x00000007a0900000|
|   9|0x00000007a0900000, 0x00000007a0a00000, 0x00000007a0a00000|100%|HC|  |TS  0|AC  0|TAMS 0x00000007a0a00000, 0x00000007a0a00000|
|  10|0x00000007a0a00000, 0x00000007a0b00000, 0x00000007a0b00000|100%| O|  |TS  0|AC  0|TAMS 0x00000007a0b00000, 0x00000007a0b00000|
|  11|0x00000007a0b00000, 0x00000007a0c00000, 0x00000007a0c00000|100%| O|  |TS  0|AC  0|TAMS 0x00000007a0c00000, 0x00000007a0c00000|
|  12|0x00000007a0c00000, 0x00000007a0d00000, 0x00000007a0d00000|100%| O|  |TS  0|AC  0|TAMS 0x00000007a0d00000, 0x00000007a0d00000|
|  13|0x00000007a0d00000, 0x00000007a0e00000, 0x00000007a0e00000|100%| O|  |TS  0|AC  0|TAMS 0x00000007a0e00000, 0x00000007a0e00000|
|  14|0x00000007a0e00000, 0x00000007a0f00000, 0x00000007a0f00000|100%| O|  |TS  0|AC  0|TAMS 0x00000007a0f00000, 0x00000007a0f00000|
|  15|0x00000007a0f00000, 0x00000007a1000000, 0x00000007a1000000|100%|HS|  |TS  0|AC  0|TAMS 0x00000007a1000000, 0x00000007a1000000|
|  16|0x00000007a1000000, 0x00000007a1100000, 0x00000007a1100000|100%|HC|  |TS  0|AC  0|TAMS 0x00000007a1100000, 0x00000007a1100000|
|  17|0x00000007a1100000, 0x00000007a1200000, 0x00000007a1200000|100%|HC|  |TS  0|AC  0|TAMS 0x00000007a1200000, 0x00000007a1200000|
|  18|0x00000007a1200000, 0x00000007a1300000, 0x00000007a1300000|100%|HC|  |TS  0|AC  0|TAMS 0x00000007a1300000, 0x00000007a1300000|
|  19|0x00000007a1300000, 0x00000007a1400000, 0x00000007a1400000|100%|HS|  |TS  0|AC  0|TAMS 0x00000007a1400000, 0x00000007a1400000|
|  20|0x00000007a1400000, 0x00000007a1500000, 0x00000007a1500000|100%|HC|  |TS  0|AC  0|TAMS 0x00000007a1500000, 0x00000007a1500000|
|  21|0x00000007a1500000, 0x00000007a1600000, 0x00000007a1600000|100%| O|  |TS  0|AC  0|TAMS 0x00000007a1600000, 0x00000007a1600000|
|  22|0x00000007a1600000, 0x00000007a1700000, 0x00000007a1700000|100%| O|  |TS  0|AC  0|TAMS 0x00000007a1700000, 0x00000007a1700000|
|  23|0x00000007a1700000, 0x00000007a1800000, 0x00000007a1800000|100%|HS|  |TS  0|AC  0|TAMS 0x00000007a1800000, 0x00000007a1800000|
|  24|0x00000007a1800000, 0x00000007a1900000, 0x00000007a1900000|100%|HC|  |TS  0|AC  0|TAMS 0x00000007a1900000, 0x00000007a1900000|
|  25|0x00000007a1900000, 0x00000007a1a00000, 0x00000007a1a00000|100%|HC|  |TS  0|AC  0|TAMS 0x00000007a1a00000, 0x00000007a1a00000|
|  26|0x00000007a1a00000, 0x00000007a1b00000, 0x00000007a1b00000|100%|HS|  |TS  0|AC  0|TAMS 0x00000007a1b00000, 0x00000007a1b00000|
|  27|0x00000007a1b00000, 0x00000007a1c00000, 0x00000007a1c00000|100%|HC|  |TS  0|AC  0|TAMS 0x00000007a1c00000, 0x00000007a1c00000|
|  28|0x00000007a1c00000, 0x00000007a1d00000, 0x00000007a1d00000|100%|HC|  |TS  0|AC  0|TAMS 0x00000007a1d00000, 0x00000007a1d00000|
|  29|0x00000007a1d00000, 0x00000007a1e00000, 0x00000007a1e00000|100%| O|  |TS  0|AC  0|TAMS 0x00000007a1e00000, 0x00000007a1e00000|
|  30|0x00000007a1e00000, 0x00000007a1f00000, 0x00000007a1f00000|100%| O|  |TS  0|AC  0|TAMS 0x00000007a1f00000, 0x00000007a1f00000|
|  31|0x00000007a1f00000, 0x00000007a2000000, 0x00000007a2000000|100%| O|  |TS  0|AC  0|TAMS 0x00000007a2000000, 0x00000007a2000000|
|  32|0x00000007a2000000, 0x00000007a2100000, 0x00000007a2100000|100%| O|  |TS  0|AC  0|TAMS 0x00000007a2100000, 0x00000007a2100000|
|  33|0x00000007a2100000, 0x00000007a2200000, 0x00000007a2200000|100%| O|  |TS  0|AC  0|TAMS 0x00000007a2200000, 0x00000007a2200000|
|  34|0x00000007a2200000, 0x00000007a2300000, 0x00000007a2300000|100%| O|  |TS  0|AC  0|TAMS 0x00000007a2300000, 0x00000007a2300000|
|  35|0x00000007a2300000, 0x00000007a2400000, 0x00000007a2400000|100%| O|  |TS  0|AC  0|TAMS 0x00000007a2400000, 0x00000007a2400000|
|  36|0x00000007a2400000, 0x00000007a2500000, 0x00000007a2500000|100%| O|  |TS  0|AC  0|TAMS 0x00000007a2500000, 0x00000007a2500000|
|  37|0x00000007a2500000, 0x00000007a2500000, 0x00000007a2600000|  0%| F|  |TS  0|AC  0|TAMS 0x00000007a2500000, 0x00000007a2500000|
|  38|0x00000007a2600000, 0x00000007a2600000, 0x00000007a2700000|  0%| F|  |TS  0|AC  0|TAMS 0x00000007a2600000, 0x00000007a2600000|
|  39|0x00000007a2700000, 0x00000007a2800000, 0x00000007a2800000|100%| O|  |TS  0|AC  0|TAMS 0x00000007a2800000, 0x00000007a2800000|
|  40|0x00000007a2800000, 0x00000007a2900000, 0x00000007a2900000|100%| O|  |TS  0|AC  0|TAMS 0x00000007a2900000, 0x00000007a2900000|
|  41|0x00000007a2900000, 0x00000007a2a00000, 0x00000007a2a00000|100%| O|  |TS  0|AC  0|TAMS 0x00000007a2a00000, 0x00000007a2a00000|
|  42|0x00000007a2a00000, 0x00000007a2b00000, 0x00000007a2b00000|100%| O|  |TS  0|AC  0|TAMS 0x00000007a2b00000, 0x00000007a2b00000|
|  43|0x00000007a2b00000, 0x00000007a2c00000, 0x00000007a2c00000|100%| O|  |TS  0|AC  0|TAMS 0x00000007a2c00000, 0x00000007a2c00000|
|  44|0x00000007a2c00000, 0x00000007a2d00000, 0x00000007a2d00000|100%| O|  |TS  0|AC  0|TAMS 0x00000007a2d00000, 0x00000007a2d00000|
|  45|0x00000007a2d00000, 0x00000007a2e00000, 0x00000007a2e00000|100%| O|  |TS  0|AC  0|TAMS 0x00000007a2e00000, 0x00000007a2e00000|
|  46|0x00000007a2e00000, 0x00000007a2f00000, 0x00000007a2f00000|100%| O|  |TS  0|AC  0|TAMS 0x00000007a2f00000, 0x00000007a2f00000|
|  47|0x00000007a2f00000, 0x00000007a3000000, 0x00000007a3000000|100%| O|  |TS  0|AC  0|TAMS 0x00000007a3000000, 0x00000007a3000000|
|  48|0x00000007a3000000, 0x00000007a3100000, 0x00000007a3100000|100%| O|  |TS  0|AC  0|TAMS 0x00000007a3100000, 0x00000007a3100000|
|  49|0x00000007a3100000, 0x00000007a3200000, 0x00000007a3200000|100%| O|  |TS  0|AC  0|TAMS 0x00000007a3200000, 0x00000007a3200000|
|  50|0x00000007a3200000, 0x00000007a3300000, 0x00000007a3300000|100%| O|  |TS  0|AC  0|TAMS 0x00000007a3300000, 0x00000007a3300000|
|  51|0x00000007a3300000, 0x00000007a3400000, 0x00000007a3400000|100%| O|  |TS  0|AC  0|TAMS 0x00000007a3400000, 0x00000007a3400000|
|  52|0x00000007a3400000, 0x00000007a3500000, 0x00000007a3500000|100%| O|  |TS  0|AC  0|TAMS 0x00000007a3500000, 0x00000007a3500000|
|  53|0x00000007a3500000, 0x00000007a3600000, 0x00000007a3600000|100%| O|  |TS  0|AC  0|TAMS 0x00000007a3600000, 0x00000007a3600000|
|  54|0x00000007a3600000, 0x00000007a3700000, 0x00000007a3700000|100%| O|  |TS  0|AC  0|TAMS 0x00000007a3700000, 0x00000007a3700000|
|  55|0x00000007a3700000, 0x00000007a3800000, 0x00000007a3800000|100%| O|  |TS  0|AC  0|TAMS 0x00000007a3800000, 0x00000007a3800000|
|  56|0x00000007a3800000, 0x00000007a3900000, 0x00000007a3900000|100%| O|  |TS  0|AC  0|TAMS 0x00000007a3900000, 0x00000007a3900000|
|  57|0x00000007a3900000, 0x00000007a3a00000, 0x00000007a3a00000|100%| O|  |TS  0|AC  0|TAMS 0x00000007a3a00000, 0x00000007a3a00000|
|  58|0x00000007a3a00000, 0x00000007a3b00000, 0x00000007a3b00000|100%| O|  |TS  0|AC  0|TAMS 0x00000007a3b00000, 0x00000007a3b00000|
|  59|0x00000007a3b00000, 0x00000007a3c00000, 0x00000007a3c00000|100%| O|  |TS  0|AC  0|TAMS 0x00000007a3c00000, 0x00000007a3c00000|
|  60|0x00000007a3c00000, 0x00000007a3d00000, 0x00000007a3d00000|100%| O|  |TS  0|AC  0|TAMS 0x00000007a3d00000, 0x00000007a3d00000|
|  61|0x00000007a3d00000, 0x00000007a3e00000, 0x00000007a3e00000|100%|HS|  |TS  0|AC  0|TAMS 0x00000007a3e00000, 0x00000007a3e00000|
|  62|0x00000007a3e00000, 0x00000007a3f00000, 0x00000007a3f00000|100%|HC|  |TS  0|AC  0|TAMS 0x00000007a3f00000, 0x00000007a3f00000|
|  63|0x00000007a3f00000, 0x00000007a4000000, 0x00000007a4000000|100%| O|  |TS  0|AC  0|TAMS 0x00000007a4000000, 0x00000007a4000000|
|  64|0x00000007a4000000, 0x00000007a4100000, 0x00000007a4100000|100%| O|  |TS  0|AC  0|TAMS 0x00000007a4100000, 0x00000007a4100000|
|  65|0x00000007a4100000, 0x00000007a4200000, 0x00000007a4200000|100%| O|  |TS  0|AC  0|TAMS 0x00000007a4200000, 0x00000007a4200000|
|  66|0x00000007a4200000, 0x00000007a4300000, 0x00000007a4300000|100%| O|  |TS  0|AC  0|TAMS 0x00000007a4300000, 0x00000007a4300000|
|  67|0x00000007a4300000, 0x00000007a4400000, 0x00000007a4400000|100%| O|  |TS  0|AC  0|TAMS 0x00000007a4400000, 0x00000007a4400000|
|  68|0x00000007a4400000, 0x00000007a4454c00, 0x00000007a4500000| 33%| O|  |TS  0|AC  0|TAMS 0x00000007a4454c00, 0x00000007a4454c00|
|  69|0x00000007a4500000, 0x00000007a4600000, 0x00000007a4600000|100%|HS|  |TS  0|AC  0|TAMS 0x00000007a4500000, 0x00000007a4500000|
|  70|0x00000007a4600000, 0x00000007a4700000, 0x00000007a4700000|100%|HC|  |TS  0|AC  0|TAMS 0x00000007a4600000, 0x00000007a4600000|
|  71|0x00000007a4700000, 0x00000007a4800000, 0x00000007a4800000|100%|HC|  |TS  0|AC  0|TAMS 0x00000007a4700000, 0x00000007a4700000|
|  72|0x00000007a4800000, 0x00000007a4900000, 0x00000007a4900000|100%|HC|  |TS  0|AC  0|TAMS 0x00000007a4800000, 0x00000007a4800000|
|  73|0x00000007a4900000, 0x00000007a4900000, 0x00000007a4a00000|  0%| F|  |TS  0|AC  0|TAMS 0x00000007a4900000, 0x00000007a4900000|
|  74|0x00000007a4a00000, 0x00000007a4a00000, 0x00000007a4b00000|  0%| F|  |TS  0|AC  0|TAMS 0x00000007a4a00000, 0x00000007a4a00000|
|  75|0x00000007a4b00000, 0x00000007a4b00000, 0x00000007a4c00000|  0%| F|  |TS  0|AC  0|TAMS 0x00000007a4b00000, 0x00000007a4b00000|
|  76|0x00000007a4c00000, 0x00000007a4c00000, 0x00000007a4d00000|  0%| F|  |TS  0|AC  0|TAMS 0x00000007a4c00000, 0x00000007a4c00000|
|  77|0x00000007a4d00000, 0x00000007a4d00000, 0x00000007a4e00000|  0%| F|  |TS  0|AC  0|TAMS 0x00000007a4d00000, 0x00000007a4d00000|
|  78|0x00000007a4e00000, 0x00000007a4e00000, 0x00000007a4f00000|  0%| F|  |TS  0|AC  0|TAMS 0x00000007a4e00000, 0x00000007a4e00000|
|  79|0x00000007a4f00000, 0x00000007a4f00000, 0x00000007a5000000|  0%| F|  |TS  0|AC  0|TAMS 0x00000007a4f00000, 0x00000007a4f00000|
|  80|0x00000007a5000000, 0x00000007a5000000, 0x00000007a5100000|  0%| F|  |TS  0|AC  0|TAMS 0x00000007a5000000, 0x00000007a5000000|
|  81|0x00000007a5100000, 0x00000007a5100000, 0x00000007a5200000|  0%| F|  |TS  0|AC  0|TAMS 0x00000007a5100000, 0x00000007a5100000|
|  82|0x00000007a5200000, 0x00000007a5200000, 0x00000007a5300000|  0%| F|  |TS  0|AC  0|TAMS 0x00000007a5200000, 0x00000007a5200000|
|  83|0x00000007a5300000, 0x00000007a5300000, 0x00000007a5400000|  0%| F|  |TS  0|AC  0|TAMS 0x00000007a5300000, 0x00000007a5300000|
|  84|0x00000007a5400000, 0x00000007a5400000, 0x00000007a5500000|  0%| F|  |TS  0|AC  0|TAMS 0x00000007a5400000, 0x00000007a5400000|
|  85|0x00000007a5500000, 0x00000007a5500000, 0x00000007a5600000|  0%| F|  |TS  0|AC  0|TAMS 0x00000007a5500000, 0x00000007a5500000|
|  86|0x00000007a5600000, 0x00000007a5600000, 0x00000007a5700000|  0%| F|  |TS  0|AC  0|TAMS 0x00000007a5600000, 0x00000007a5600000|
|  87|0x00000007a5700000, 0x00000007a5700000, 0x00000007a5800000|  0%| F|  |TS  0|AC  0|TAMS 0x00000007a5700000, 0x00000007a5700000|
|  88|0x00000007a5800000, 0x00000007a5800000, 0x00000007a5900000|  0%| F|  |TS  0|AC  0|TAMS 0x00000007a5800000, 0x00000007a5800000|
|  89|0x00000007a5900000, 0x00000007a5900000, 0x00000007a5a00000|  0%| F|  |TS  0|AC  0|TAMS 0x00000007a5900000, 0x00000007a5900000|
|  90|0x00000007a5a00000, 0x00000007a5a00000, 0x00000007a5b00000|  0%| F|  |TS  0|AC  0|TAMS 0x00000007a5a00000, 0x00000007a5a00000|
|  91|0x00000007a5b00000, 0x00000007a5b00000, 0x00000007a5c00000|  0%| F|  |TS  0|AC  0|TAMS 0x00000007a5b00000, 0x00000007a5b00000|
|  92|0x00000007a5c00000, 0x00000007a5ca7b40, 0x00000007a5d00000| 65%| S|CS|TS  0|AC  0|TAMS 0x00000007a5c00000, 0x00000007a5c00000|
|  93|0x00000007a5d00000, 0x00000007a5e00000, 0x00000007a5e00000|100%| S|CS|TS  0|AC  0|TAMS 0x00000007a5d00000, 0x00000007a5d00000|
|  94|0x00000007a5e00000, 0x00000007a5f00000, 0x00000007a5f00000|100%| S|CS|TS  0|AC  0|TAMS 0x00000007a5e00000, 0x00000007a5e00000|
|  95|0x00000007a5f00000, 0x00000007a6000000, 0x00000007a6000000|100%| S|CS|TS  0|AC  0|TAMS 0x00000007a5f00000, 0x00000007a5f00000|
|  96|0x00000007a6000000, 0x00000007a6000000, 0x00000007a6100000|  0%| F|  |TS  0|AC  0|TAMS 0x00000007a6000000, 0x00000007a6000000|
|  97|0x00000007a6100000, 0x00000007a6100000, 0x00000007a6200000|  0%| F|  |TS  0|AC  0|TAMS 0x00000007a6100000, 0x00000007a6100000|
|  98|0x00000007a6200000, 0x00000007a6200000, 0x00000007a6300000|  0%| F|  |TS  0|AC  0|TAMS 0x00000007a6200000, 0x00000007a6200000|
|  99|0x00000007a6300000, 0x00000007a6300000, 0x00000007a6400000|  0%| F|  |TS  0|AC  0|TAMS 0x00000007a6300000, 0x00000007a6300000|
| 100|0x00000007a6400000, 0x00000007a6400000, 0x00000007a6500000|  0%| F|  |TS  0|AC  0|TAMS 0x00000007a6400000, 0x00000007a6400000|
| 101|0x00000007a6500000, 0x00000007a6500000, 0x00000007a6600000|  0%| F|  |TS  0|AC  0|TAMS 0x00000007a6500000, 0x00000007a6500000|
| 102|0x00000007a6600000, 0x00000007a6600000, 0x00000007a6700000|  0%| F|  |TS  0|AC  0|TAMS 0x00000007a6600000, 0x00000007a6600000|
| 103|0x00000007a6700000, 0x00000007a6700000, 0x00000007a6800000|  0%| F|  |TS  0|AC  0|TAMS 0x00000007a6700000, 0x00000007a6700000|
| 104|0x00000007a6800000, 0x00000007a6800000, 0x00000007a6900000|  0%| F|  |TS  0|AC  0|TAMS 0x00000007a6800000, 0x00000007a6800000|
| 105|0x00000007a6900000, 0x00000007a6900000, 0x00000007a6a00000|  0%| F|  |TS  0|AC  0|TAMS 0x00000007a6900000, 0x00000007a6900000|
| 106|0x00000007a6a00000, 0x00000007a6a481c0, 0x00000007a6b00000| 28%| E|  |TS  0|AC  0|TAMS 0x00000007a6a00000, 0x00000007a6a00000|
| 107|0x00000007a6b00000, 0x00000007a6c00000, 0x00000007a6c00000|100%| E|CS|TS  0|AC  0|TAMS 0x00000007a6b00000, 0x00000007a6b00000|
| 108|0x00000007a6c00000, 0x00000007a6d00000, 0x00000007a6d00000|100%| E|CS|TS  0|AC  0|TAMS 0x00000007a6c00000, 0x00000007a6c00000|
| 109|0x00000007a6d00000, 0x00000007a6e00000, 0x00000007a6e00000|100%| E|CS|TS  0|AC  0|TAMS 0x00000007a6d00000, 0x00000007a6d00000|
| 110|0x00000007a6e00000, 0x00000007a6f00000, 0x00000007a6f00000|100%| E|CS|TS  0|AC  0|TAMS 0x00000007a6e00000, 0x00000007a6e00000|
| 111|0x00000007a6f00000, 0x00000007a7000000, 0x00000007a7000000|100%| E|CS|TS  0|AC  0|TAMS 0x00000007a6f00000, 0x00000007a6f00000|
| 112|0x00000007a7000000, 0x00000007a7100000, 0x00000007a7100000|100%| E|CS|TS  0|AC  0|TAMS 0x00000007a7000000, 0x00000007a7000000|
| 113|0x00000007a7100000, 0x00000007a7200000, 0x00000007a7200000|100%| E|CS|TS  0|AC  0|TAMS 0x00000007a7100000, 0x00000007a7100000|
| 114|0x00000007a7200000, 0x00000007a7300000, 0x00000007a7300000|100%| E|CS|TS  0|AC  0|TAMS 0x00000007a7200000, 0x00000007a7200000|
| 115|0x00000007a7300000, 0x00000007a7400000, 0x00000007a7400000|100%| E|CS|TS  0|AC  0|TAMS 0x00000007a7300000, 0x00000007a7300000|
| 116|0x00000007a7400000, 0x00000007a7500000, 0x00000007a7500000|100%| E|CS|TS  0|AC  0|TAMS 0x00000007a7400000, 0x00000007a7400000|
| 117|0x00000007a7500000, 0x00000007a7600000, 0x00000007a7600000|100%| E|CS|TS  0|AC  0|TAMS 0x00000007a7500000, 0x00000007a7500000|
| 118|0x00000007a7600000, 0x00000007a7700000, 0x00000007a7700000|100%| E|CS|TS  0|AC  0|TAMS 0x00000007a7600000, 0x00000007a7600000|
| 119|0x00000007a7700000, 0x00000007a7800000, 0x00000007a7800000|100%| E|CS|TS  0|AC  0|TAMS 0x00000007a7700000, 0x00000007a7700000|
| 120|0x00000007a7800000, 0x00000007a7900000, 0x00000007a7900000|100%| E|CS|TS  0|AC  0|TAMS 0x00000007a7800000, 0x00000007a7800000|
| 121|0x00000007a7900000, 0x00000007a7a00000, 0x00000007a7a00000|100%| E|CS|TS  0|AC  0|TAMS 0x00000007a7900000, 0x00000007a7900000|
| 122|0x00000007a7a00000, 0x00000007a7b00000, 0x00000007a7b00000|100%| E|CS|TS  0|AC  0|TAMS 0x00000007a7a00000, 0x00000007a7a00000|
| 123|0x00000007a7b00000, 0x00000007a7c00000, 0x00000007a7c00000|100%| E|CS|TS  0|AC  0|TAMS 0x00000007a7b00000, 0x00000007a7b00000|
| 124|0x00000007a7c00000, 0x00000007a7d00000, 0x00000007a7d00000|100%| E|CS|TS  0|AC  0|TAMS 0x00000007a7c00000, 0x00000007a7c00000|
| 125|0x00000007a7d00000, 0x00000007a7e00000, 0x00000007a7e00000|100%| E|CS|TS  0|AC  0|TAMS 0x00000007a7d00000, 0x00000007a7d00000|
| 126|0x00000007a7e00000, 0x00000007a7f00000, 0x00000007a7f00000|100%| E|CS|TS  0|AC  0|TAMS 0x00000007a7e00000, 0x00000007a7e00000|
| 127|0x00000007a7f00000, 0x00000007a8000000, 0x00000007a8000000|100%| E|CS|TS  0|AC  0|TAMS 0x00000007a7f00000, 0x00000007a7f00000|

Card table byte_map: [0x000000010e908000,0x000000010ea08000] byte_map_base: 0x000000010ac08000

Marking Bits (Prev, Next): (CMBitMap*) 0x00007ff0df832a70, (CMBitMap*) 0x00007ff0df832aa8
 Prev Bits: [0x000000010eb08000, 0x000000010f308000)
 Next Bits: [0x000000010f308000, 0x000000010fb08000)

Polling page: 0x000000010cbf6000

CodeHeap 'non-profiled nmethods': size=120032Kb used=3651Kb max_used=3651Kb free=116380Kb
 bounds [0x000000011efbe000, 0x000000011f35e000, 0x00000001264f6000]
CodeHeap 'profiled nmethods': size=120032Kb used=15400Kb max_used=15400Kb free=104631Kb
 bounds [0x0000000117a86000, 0x0000000118996000, 0x000000011efbe000]
CodeHeap 'non-nmethods': size=5696Kb used=1770Kb max_used=1810Kb free=3925Kb
 bounds [0x00000001174f6000, 0x0000000117766000, 0x0000000117a86000]
 total_blobs=9590 nmethods=6594 adapters=1182
 compilation: enabled

Compilation events (10 events):
Event: 26.059 Thread 0x00007ff0e0029800 6682   !   3       javax.swing.JComponent::paintChildren (691 bytes)
Event: 26.071 Thread 0x00007ff0e0029800 nmethod 6682 0x0000000118984290 code [0x00000001189849a0, 0x000000011898a168]
Event: 26.071 Thread 0x00007ff0e0029800 6685       3       javax.swing.text.AbstractDocument$LeafElement::getStartOffset (10 bytes)
Event: 26.073 Thread 0x00007ff0e0029800 nmethod 6685 0x000000011898c610 code [0x000000011898c7e0, 0x000000011898ca88]
Event: 26.073 Thread 0x00007ff0e0029800 6683       3       javax.swing.text.AbstractDocument::getProperty (9 bytes)
Event: 26.074 Thread 0x00007ff0e0029800 nmethod 6683 0x000000011898cb90 code [0x000000011898cda0, 0x000000011898d258]
Event: 26.074 Thread 0x00007ff0e0029800 6684       3       javax.swing.text.PlainView::updateMetrics (122 bytes)
Event: 26.078 Thread 0x00007ff0e0029800 nmethod 6684 0x000000011898d410 code [0x000000011898d7e0, 0x000000011898fc88]
Event: 26.088 Thread 0x00007ff0e0028800 nmethod 6551 0x000000011f34e390 code [0x000000011f34e560, 0x000000011f34eb78]
Event: 26.089 Thread 0x00007ff0e0028800 6619       4       org.hsqldb.rowio.RowOutputBase::writeData (584 bytes)

GC Heap History (10 events):
Event: 10.904 GC heap before
{Heap before GC invocations=8 (full 0):
 garbage-first heap   total 131072K, used 67545K [0x00000007a0000000, 0x00000007a0100400, 0x00000007c0000000)
  region size 1024K, 7 young (7168K), 4 survivors (4096K)
 Metaspace       used 33180K, capacity 34500K, committed 34812K, reserved 1079296K
  class space    used 4826K, capacity 5114K, committed 5120K, reserved 1048576K
}
Event: 10.913 GC heap after
{Heap after GC invocations=9 (full 0):
 garbage-first heap   total 131072K, used 46299K [0x00000007a0000000, 0x00000007a0100400, 0x00000007c0000000)
  region size 1024K, 1 young (1024K), 1 survivors (1024K)
 Metaspace       used 33180K, capacity 34500K, committed 34812K, reserved 1079296K
  class space    used 4826K, capacity 5114K, committed 5120K, reserved 1048576K
}
Event: 12.669 GC heap before
{Heap before GC invocations=10 (full 0):
 garbage-first heap   total 131072K, used 85211K [0x00000007a0000000, 0x00000007a0100400, 0x00000007c0000000)
  region size 1024K, 36 young (36864K), 1 survivors (1024K)
 Metaspace       used 38805K, capacity 40147K, committed 40444K, reserved 1083392K
  class space    used 5255K, capacity 5562K, committed 5632K, reserved 1048576K
}
Event: 12.676 GC heap after
{Heap after GC invocations=11 (full 0):
 garbage-first heap   total 131072K, used 49478K [0x00000007a0000000, 0x00000007a0100400, 0x00000007c0000000)
  region size 1024K, 5 young (5120K), 5 survivors (5120K)
 Metaspace       used 38805K, capacity 40147K, committed 40444K, reserved 1083392K
  class space    used 5255K, capacity 5562K, committed 5632K, reserved 1048576K
}
Event: 16.657 GC heap before
{Heap before GC invocations=11 (full 0):
 garbage-first heap   total 131072K, used 88390K [0x00000007a0000000, 0x00000007a0100400, 0x00000007c0000000)
  region size 1024K, 44 young (45056K), 5 survivors (5120K)
 Metaspace       used 40648K, capacity 42083K, committed 42364K, reserved 1085440K
  class space    used 5400K, capacity 5692K, committed 5760K, reserved 1048576K
}
Event: 16.678 GC heap after
{Heap after GC invocations=12 (full 0):
 garbage-first heap   total 131072K, used 63903K [0x00000007a0000000, 0x00000007a0100400, 0x00000007c0000000)
  region size 1024K, 6 young (6144K), 6 survivors (6144K)
 Metaspace       used 40648K, capacity 42083K, committed 42364K, reserved 1085440K
  class space    used 5400K, capacity 5692K, committed 5760K, reserved 1048576K
}
Event: 20.660 GC heap before
{Heap before GC invocations=12 (full 0):
 garbage-first heap   total 131072K, used 91551K [0x00000007a0000000, 0x00000007a0100400, 0x00000007c0000000)
  region size 1024K, 33 young (33792K), 6 survivors (6144K)
 Metaspace       used 40929K, capacity 42359K, committed 42620K, reserved 1085440K
  class space    used 5416K, capacity 5698K, committed 5760K, reserved 1048576K
}
Event: 20.676 GC heap after
{Heap after GC invocations=13 (full 0):
 garbage-first heap   total 131072K, used 69868K [0x00000007a0000000, 0x00000007a0100400, 0x00000007c0000000)
  region size 1024K, 5 young (5120K), 5 survivors (5120K)
 Metaspace       used 40929K, capacity 42359K, committed 42620K, reserved 1085440K
  class space    used 5416K, capacity 5698K, committed 5760K, reserved 1048576K
}
Event: 23.592 GC heap before
{Heap before GC invocations=13 (full 0):
 garbage-first heap   total 131072K, used 96492K [0x00000007a0000000, 0x00000007a0100400, 0x00000007c0000000)
  region size 1024K, 32 young (32768K), 5 survivors (5120K)
 Metaspace       used 41014K, capacity 42359K, committed 42620K, reserved 1085440K
  class space    used 5416K, capacity 5698K, committed 5760K, reserved 1048576K
}
Event: 23.599 GC heap after
{Heap after GC invocations=14 (full 0):
 garbage-first heap   total 131072K, used 73713K [0x00000007a0000000, 0x00000007a0100400, 0x00000007c0000000)
  region size 1024K, 4 young (4096K), 4 survivors (4096K)
 Metaspace       used 41014K, capacity 42359K, committed 42620K, reserved 1085440K
  class space    used 5416K, capacity 5698K, committed 5760K, reserved 1048576K
}

Deoptimization events (10 events):
Event: 24.262 Thread 0x00007ff0e3995800 Uncommon trap: reason=array_check action=maybe_recompile pc=0x000000011f313c94 method=java.util.TimSort.mergeHi(IIII)V @ 419 c2
Event: 25.133 Thread 0x00007ff0e2819000 Uncommon trap: reason=unstable_if action=reinterpret pc=0x000000011f1dfd30 method=java.awt.Component.inside(II)Z @ 1 c2
Event: 25.895 Thread 0x00007ff0e2819000 Uncommon trap: reason=unstable_if action=reinterpret pc=0x000000011f1b27a4 method=sun.java2d.SunGraphics2D.setColor(Ljava/awt/Color;)V @ 42 c2
Event: 25.896 Thread 0x00007ff0e2819000 Uncommon trap: reason=null_check action=make_not_entrant pc=0x000000011f1d55d4 method=sun.java2d.ReentrantContextProviderTL.acquire()Lsun/java2d/ReentrantContext; @ 9 c2
Event: 25.896 Thread 0x00007ff0e2819000 Uncommon trap: reason=unstable_if action=reinterpret pc=0x000000011f150548 method=sun.java2d.marlin.Renderer.curveBreakIntoLinesAndAdd(FFLsun/java2d/marlin/Curve;FF)V @ 143 c2
Event: 25.896 Thread 0x00007ff0e2819000 Uncommon trap: reason=class_check action=maybe_recompile pc=0x000000011f1be674 method=sun.java2d.pipe.AlphaColorPipe.renderPathTile(Ljava/lang/Object;[BIIIIII)V @ 35 c2
Event: 25.912 Thread 0x00007ff0df4bb000 Uncommon trap: reason=unstable_if action=reinterpret pc=0x000000011f343edc method=sun.java2d.SunGraphics2D.setColor(Ljava/awt/Color;)V @ 42 c2
Event: 25.913 Thread 0x00007ff0df4bb000 Uncommon trap: reason=bimorphic_or_optimized_type_check action=maybe_recompile pc=0x000000011f1f8608 method=com.anylogic.engine.Presentable.drawPresentation(Lcom/anylogic/engine/presentation/Panel;Ljava/awt/Graphics2D;Z)V @ 45 c2
Event: 25.916 Thread 0x00007ff0df4bb000 Uncommon trap: reason=unstable_if action=reinterpret pc=0x000000011f329010 method=sun.java2d.SunGraphics2D.setColor(Ljava/awt/Color;)V @ 42 c2
Event: 26.053 Thread 0x00007ff0e2819000 Uncommon trap: reason=unstable_if action=reinterpret pc=0x000000011f1ef228 method=java.awt.geom.Rectangle2D.intersects(DDDD)Z @ 52 c2

Classes redefined (0 events):
No events

Internal exceptions (10 events):
Event: 19.694 Thread 0x00007ff0df29a000 Exception <a 'java/lang/NoSuchMethodError'{0x00000007a6c2d450}: method resolution failed> (0x00000007a6c2d450) thrown at [/scratch/mesos/slaves/5af44a71-976a-41b7-81de-5773b84ec572-S38393/frameworks/1735e8a2-a1db-478c-8104-60c8b0af87dd-0196/executors/8b85
Event: 19.698 Thread 0x00007ff0df29a000 Implicit null exception at 0x000000011f22124c to 0x000000011f221e39
Event: 19.698 Thread 0x00007ff0df29a000 Implicit null exception at 0x000000011f121235 to 0x000000011f121a45
Event: 25.896 Thread 0x00007ff0e2819000 Implicit null exception at 0x000000011f1d406b to 0x000000011f1d55a9
Event: 25.928 Thread 0x00007ff0e0720000 Exception <a 'java/lang/NoSuchMethodError'{0x00000007a6b40fd0}: method resolution failed> (0x00000007a6b40fd0) thrown at [/scratch/mesos/slaves/5af44a71-976a-41b7-81de-5773b84ec572-S38393/frameworks/1735e8a2-a1db-478c-8104-60c8b0af87dd-0196/executors/8b85
Event: 25.929 Thread 0x00007ff0e0720000 Exception <a 'java/lang/NoSuchMethodError'{0x00000007a6b47d68}: method resolution failed> (0x00000007a6b47d68) thrown at [/scratch/mesos/slaves/5af44a71-976a-41b7-81de-5773b84ec572-S38393/frameworks/1735e8a2-a1db-478c-8104-60c8b0af87dd-0196/executors/8b85
Event: 25.930 Thread 0x00007ff0e0720000 Exception <a 'java/lang/NoSuchMethodError'{0x00000007a6b4b888}: method resolution failed> (0x00000007a6b4b888) thrown at [/scratch/mesos/slaves/5af44a71-976a-41b7-81de-5773b84ec572-S38393/frameworks/1735e8a2-a1db-478c-8104-60c8b0af87dd-0196/executors/8b85
Event: 25.932 Thread 0x00007ff0e0720000 Exception <a 'java/lang/NoSuchMethodError'{0x00000007a6b56570}: method resolution failed> (0x00000007a6b56570) thrown at [/scratch/mesos/slaves/5af44a71-976a-41b7-81de-5773b84ec572-S38393/frameworks/1735e8a2-a1db-478c-8104-60c8b0af87dd-0196/executors/8b85
Event: 25.933 Thread 0x00007ff0e0720000 Exception <a 'java/lang/NoSuchMethodError'{0x00000007a6b5d8e8}: method resolution failed> (0x00000007a6b5d8e8) thrown at [/scratch/mesos/slaves/5af44a71-976a-41b7-81de-5773b84ec572-S38393/frameworks/1735e8a2-a1db-478c-8104-60c8b0af87dd-0196/executors/8b85
Event: 25.934 Thread 0x00007ff0e0720000 Exception <a 'java/lang/NoSuchMethodError'{0x00000007a6b61720}: method resolution failed> (0x00000007a6b61720) thrown at [/scratch/mesos/slaves/5af44a71-976a-41b7-81de-5773b84ec572-S38393/frameworks/1735e8a2-a1db-478c-8104-60c8b0af87dd-0196/executors/8b85

Events (10 events):
Event: 25.932 loading class com/anylogic/engine/Agent done
Event: 25.933 loading class com/anylogic/engine/Agent
Event: 25.933 loading class com/anylogic/engine/Agent done
Event: 26.053 Thread 0x00007ff0e2819000 Uncommon trap: trap_request=0xffffff5d fr.pc=0x000000011f1ef228 relative=0x0000000000002788
Event: 26.053 Thread 0x00007ff0e2819000 DEOPT PACKING pc=0x000000011f1ef228 sp=0x0000700006d85820
Event: 26.053 Thread 0x00007ff0e2819000 DEOPT UNPACKING pc=0x0000000117543c9f sp=0x0000700006d85730 mode 2
Event: 26.078 loading class jogamp/opengl/macosx/cgl/MacOSXCGLContext$NSOpenGLImpl$DetachGLLayerCmd
Event: 26.078 loading class jogamp/opengl/macosx/cgl/MacOSXCGLContext$NSOpenGLImpl$DetachGLLayerCmd done
Event: 26.080 loading class jogamp/nativewindow/jawt/macosx/MacOSXJAWTWindow$4
Event: 26.080 loading class jogamp/nativewindow/jawt/macosx/MacOSXJAWTWindow$4 done


Dynamic libraries:
0x00007fff33065000 	/System/Library/Frameworks/Cocoa.framework/Versions/A/Cocoa
0x00007fff3f44c000 	/System/Library/Frameworks/Security.framework/Versions/A/Security
0x00007fff31cd4000 	/System/Library/Frameworks/ApplicationServices.framework/Versions/A/ApplicationServices
0x00007fff5b03b000 	/usr/lib/libz.1.dylib
0x00007fff58fd0000 	/usr/lib/libSystem.B.dylib
0x00007fff3380d000 	/System/Library/Frameworks/CoreFoundation.framework/Versions/A/CoreFoundation
0x00007fff3595a000 	/System/Library/Frameworks/Foundation.framework/Versions/C/Foundation
0x00007fff5a653000 	/usr/lib/libobjc.A.dylib
0x00007fff30e25000 	/System/Library/Frameworks/AppKit.framework/Versions/C/AppKit
0x00007fff333dd000 	/System/Library/Frameworks/CoreData.framework/Versions/A/CoreData
0x00007fff52a01000 	/System/Library/PrivateFrameworks/RemoteViewServices.framework/Versions/A/RemoteViewServices
0x00007fff57056000 	/System/Library/PrivateFrameworks/UIFoundation.framework/Versions/A/UIFoundation
0x00007fff47a4b000 	/System/Library/PrivateFrameworks/DFRFoundation.framework/Versions/A/DFRFoundation
0x00007fff37e36000 	/System/Library/Frameworks/Metal.framework/Versions/A/Metal
0x00007fff47bec000 	/System/Library/PrivateFrameworks/DesktopServicesPriv.framework/Versions/A/DesktopServicesPriv
0x00007fff59c55000 	/usr/lib/libenergytrace.dylib
0x00007fff5517a000 	/System/Library/PrivateFrameworks/SkyLight.framework/Versions/A/SkyLight
0x00007fff33ca8000 	/System/Library/Frameworks/CoreGraphics.framework/Versions/A/CoreGraphics
0x00007fff58fcb000 	/usr/lib/libScreenReader.dylib
0x00007fff2fb5d000 	/System/Library/Frameworks/Accelerate.framework/Versions/A/Accelerate
0x00007fff360d1000 	/System/Library/Frameworks/IOSurface.framework/Versions/A/IOSurface
0x00007fff3221e000 	/System/Library/Frameworks/AudioToolbox.framework/Versions/A/AudioToolbox
0x00007fff324ab000 	/System/Library/Frameworks/AudioUnit.framework/Versions/A/AudioUnit
0x00007fff47ae7000 	/System/Library/PrivateFrameworks/DataDetectorsCore.framework/Versions/A/DataDetectorsCore
0x00007fff32b6c000 	/System/Library/Frameworks/Carbon.framework/Versions/A/Frameworks/HIToolbox.framework/Versions/A/HIToolbox
0x00007fff59daf000 	/usr/lib/libicucore.A.dylib
0x00007fff3e9cb000 	/System/Library/Frameworks/QuartzCore.framework/Versions/A/QuartzCore
0x00007fff32f52000 	/System/Library/Frameworks/Carbon.framework/Versions/A/Frameworks/SpeechRecognition.framework/Versions/A/SpeechRecognition
0x00007fff591ae000 	/usr/lib/libauto.dylib
0x00007fff5af2a000 	/usr/lib/libxml2.2.dylib
0x00007fff476c5000 	/System/Library/PrivateFrameworks/CoreUI.framework/Versions/A/CoreUI
0x00007fff332b9000 	/System/Library/Frameworks/CoreAudio.framework/Versions/A/CoreAudio
0x00007fff35794000 	/System/Library/Frameworks/DiskArbitration.framework/Versions/A/DiskArbitration
0x00007fff5a023000 	/usr/lib/liblangid.dylib
0x00007fff4ef50000 	/System/Library/PrivateFrameworks/MultitouchSupport.framework/Versions/A/MultitouchSupport
0x00007fff36034000 	/System/Library/Frameworks/IOKit.framework/Versions/A/IOKit
0x00007fff58c68000 	/usr/lib/libDiagnosticMessagesClient.dylib
0x00007fff34984000 	/System/Library/Frameworks/CoreServices.framework/Versions/A/CoreServices
0x00007fff509ea000 	/System/Library/PrivateFrameworks/PerformanceAnalysis.framework/Versions/A/PerformanceAnalysis
0x00007fff3db75000 	/System/Library/Frameworks/OpenGL.framework/Versions/A/OpenGL
0x00007fff33073000 	/System/Library/Frameworks/ColorSync.framework/Versions/A/ColorSync
0x00007fff342d5000 	/System/Library/Frameworks/CoreImage.framework/Versions/A/CoreImage
0x00007fff35305000 	/System/Library/Frameworks/CoreText.framework/Versions/A/CoreText
0x00007fff3612f000 	/System/Library/Frameworks/ImageIO.framework/Versions/A/ImageIO
0x00007fff43f1e000 	/System/Library/PrivateFrameworks/Backup.framework/Versions/A/Backup
0x00007fff5907c000 	/usr/lib/libarchive.2.dylib
0x00007fff327c0000 	/System/Library/Frameworks/CFNetwork.framework/Versions/A/CFNetwork
0x00007fff3fbc8000 	/System/Library/Frameworks/SystemConfiguration.framework/Versions/A/SystemConfiguration
0x00007fff58b91000 	/usr/lib/libCRFSuite.dylib
0x00007fff59286000 	/usr/lib/libc++.1.dylib
0x00007fff592dd000 	/usr/lib/libc++abi.dylib
0x00007fff5b0eb000 	/usr/lib/system/libcache.dylib
0x00007fff5b0f0000 	/usr/lib/system/libcommonCrypto.dylib
0x00007fff5b0fb000 	/usr/lib/system/libcompiler_rt.dylib
0x00007fff5b103000 	/usr/lib/system/libcopyfile.dylib
0x00007fff5b10c000 	/usr/lib/system/libcorecrypto.dylib
0x00007fff5b219000 	/usr/lib/system/libdispatch.dylib
0x00007fff5b253000 	/usr/lib/system/libdyld.dylib
0x00007fff5b271000 	/usr/lib/system/libkeymgr.dylib
0x00007fff5b27f000 	/usr/lib/system/liblaunch.dylib
0x00007fff5b280000 	/usr/lib/system/libmacho.dylib
0x00007fff5b285000 	/usr/lib/system/libquarantine.dylib
0x00007fff5b288000 	/usr/lib/system/libremovefile.dylib
0x00007fff5b28a000 	/usr/lib/system/libsystem_asl.dylib
0x00007fff5b2a2000 	/usr/lib/system/libsystem_blocks.dylib
0x00007fff5b2a3000 	/usr/lib/system/libsystem_c.dylib
0x00007fff5b32d000 	/usr/lib/system/libsystem_configuration.dylib
0x00007fff5b331000 	/usr/lib/system/libsystem_coreservices.dylib
0x00007fff5b335000 	/usr/lib/system/libsystem_darwin.dylib
0x00007fff5b337000 	/usr/lib/system/libsystem_dnssd.dylib
0x00007fff5b33e000 	/usr/lib/system/libsystem_info.dylib
0x00007fff5b3ae000 	/usr/lib/system/libsystem_m.dylib
0x00007fff5b3fa000 	/usr/lib/system/libsystem_malloc.dylib
0x00007fff5b41a000 	/usr/lib/system/libsystem_network.dylib
0x00007fff5b4bf000 	/usr/lib/system/libsystem_networkextension.dylib
0x00007fff5b4ca000 	/usr/lib/system/libsystem_notify.dylib
0x00007fff5b4e8000 	/usr/lib/system/libsystem_sandbox.dylib
0x00007fff5b4ec000 	/usr/lib/system/libsystem_secinit.dylib
0x00007fff5b388000 	/usr/lib/system/libsystem_kernel.dylib
0x00007fff5b4d4000 	/usr/lib/system/libsystem_platform.dylib
0x00007fff5b4dc000 	/usr/lib/system/libsystem_pthread.dylib
0x00007fff5b4ee000 	/usr/lib/system/libsystem_symptoms.dylib
0x00007fff5b4f6000 	/usr/lib/system/libsystem_trace.dylib
0x00007fff5b50b000 	/usr/lib/system/libunwind.dylib
0x00007fff5b511000 	/usr/lib/system/libxpc.dylib
0x00007fff58abe000 	/usr/lib/closure/libclosured.dylib
0x00007fff59267000 	/usr/lib/libbsm.0.dylib
0x00007fff5b272000 	/usr/lib/system/libkxld.dylib
0x00007fff58ea2000 	/usr/lib/libOpenScriptingUtil.dylib
0x00007fff595d7000 	/usr/lib/libcoretls.dylib
0x00007fff595f0000 	/usr/lib/libcoretls_cfhelpers.dylib
0x00007fff5aa57000 	/usr/lib/libpam.2.dylib
0x00007fff5ab7d000 	/usr/lib/libsqlite3.dylib
0x00007fff5af19000 	/usr/lib/libxar.1.dylib
0x00007fff59278000 	/usr/lib/libbz2.1.0.dylib
0x00007fff5a025000 	/usr/lib/liblzma.5.dylib
0x00007fff5a506000 	/usr/lib/libnetwork.dylib
0x00007fff59065000 	/usr/lib/libapple_nghttp2.dylib
0x00007fff5aa5e000 	/usr/lib/libpcap.A.dylib
0x00007fff591af000 	/usr/lib/libboringssl.dylib
0x00007fff5aedb000 	/usr/lib/libusrtcp.dylib
0x00007fff59064000 	/usr/lib/libapple_crypto.dylib
0x00007fff34d07000 	/System/Library/Frameworks/CoreServices.framework/Versions/A/Frameworks/FSEvents.framework/Versions/A/FSEvents
0x00007fff349fa000 	/System/Library/Frameworks/CoreServices.framework/Versions/A/Frameworks/CarbonCore.framework/Versions/A/CarbonCore
0x00007fff34ec9000 	/System/Library/Frameworks/CoreServices.framework/Versions/A/Frameworks/Metadata.framework/Versions/A/Metadata
0x00007fff34f79000 	/System/Library/Frameworks/CoreServices.framework/Versions/A/Frameworks/OSServices.framework/Versions/A/OSServices
0x00007fff34fd7000 	/System/Library/Frameworks/CoreServices.framework/Versions/A/Frameworks/SearchKit.framework/Versions/A/SearchKit
0x00007fff34985000 	/System/Library/Frameworks/CoreServices.framework/Versions/A/Frameworks/AE.framework/Versions/A/AE
0x00007fff34d10000 	/System/Library/Frameworks/CoreServices.framework/Versions/A/Frameworks/LaunchServices.framework/Versions/A/LaunchServices
0x00007fff34cd2000 	/System/Library/Frameworks/CoreServices.framework/Versions/A/Frameworks/DictionaryServices.framework/Versions/A/DictionaryServices
0x00007fff35046000 	/System/Library/Frameworks/CoreServices.framework/Versions/A/Frameworks/SharedFileList.framework/Versions/A/SharedFileList
0x00007fff39002000 	/System/Library/Frameworks/NetFS.framework/Versions/A/NetFS
0x00007fff4f1dd000 	/System/Library/PrivateFrameworks/NetAuth.framework/Versions/A/NetAuth
0x00007fff58958000 	/System/Library/PrivateFrameworks/login.framework/Versions/A/Frameworks/loginsupport.framework/Versions/A/loginsupport
0x00007fff56cda000 	/System/Library/PrivateFrameworks/TCC.framework/Versions/A/TCC
0x00007fff5a106000 	/usr/lib/libmecabra.dylib
0x00007fff31cd5000 	/System/Library/Frameworks/ApplicationServices.framework/Versions/A/Frameworks/ATS.framework/Versions/A/ATS
0x00007fff32083000 	/System/Library/Frameworks/ApplicationServices.framework/Versions/A/Frameworks/ColorSyncLegacy.framework/Versions/A/ColorSyncLegacy
0x00007fff32127000 	/System/Library/Frameworks/ApplicationServices.framework/Versions/A/Frameworks/HIServices.framework/Versions/A/HIServices
0x00007fff3217a000 	/System/Library/Frameworks/ApplicationServices.framework/Versions/A/Frameworks/LangAnalysis.framework/Versions/A/LangAnalysis
0x00007fff32189000 	/System/Library/Frameworks/ApplicationServices.framework/Versions/A/Frameworks/PrintCore.framework/Versions/A/PrintCore
0x00007fff321d6000 	/System/Library/Frameworks/ApplicationServices.framework/Versions/A/Frameworks/QD.framework/Versions/A/QD
0x00007fff32211000 	/System/Library/Frameworks/ApplicationServices.framework/Versions/A/Frameworks/SpeechSynthesis.framework/Versions/A/SpeechSynthesis
0x00007fff33740000 	/System/Library/Frameworks/CoreDisplay.framework/Versions/A/CoreDisplay
0x00007fff2fb76000 	/System/Library/Frameworks/Accelerate.framework/Versions/A/Frameworks/vImage.framework/Versions/A/vImage
0x00007fff30b35000 	/System/Library/Frameworks/Accelerate.framework/Versions/A/Frameworks/vecLib.framework/Versions/A/vecLib
0x00007fff3090b000 	/System/Library/Frameworks/Accelerate.framework/Versions/A/Frameworks/vecLib.framework/Versions/A/libvDSP.dylib
0x00007fff30467000 	/System/Library/Frameworks/Accelerate.framework/Versions/A/Frameworks/vecLib.framework/Versions/A/libBNNS.dylib
0x00007fff30893000 	/System/Library/Frameworks/Accelerate.framework/Versions/A/Frameworks/vecLib.framework/Versions/A/libQuadrature.dylib
0x00007fff30a7f000 	/System/Library/Frameworks/Accelerate.framework/Versions/A/Frameworks/vecLib.framework/Versions/A/libvMisc.dylib
0x00007fff304a2000 	/System/Library/Frameworks/Accelerate.framework/Versions/A/Frameworks/vecLib.framework/Versions/A/libLAPACK.dylib
0x00007fff302c5000 	/System/Library/Frameworks/Accelerate.framework/Versions/A/Frameworks/vecLib.framework/Versions/A/libBLAS.dylib
0x00007fff3087c000 	/System/Library/Frameworks/Accelerate.framework/Versions/A/Frameworks/vecLib.framework/Versions/A/libLinearAlgebra.dylib
0x00007fff30899000 	/System/Library/Frameworks/Accelerate.framework/Versions/A/Frameworks/vecLib.framework/Versions/A/libSparse.dylib
0x00007fff308f8000 	/System/Library/Frameworks/Accelerate.framework/Versions/A/Frameworks/vecLib.framework/Versions/A/libSparseBLAS.dylib
0x00007fff4d87f000 	/System/Library/PrivateFrameworks/IOAccelerator.framework/Versions/A/IOAccelerator
0x00007fff4d88a000 	/System/Library/PrivateFrameworks/IOPresentment.framework/Versions/A/IOPresentment
0x00007fff47a5d000 	/System/Library/PrivateFrameworks/DSExternalDisplay.framework/Versions/A/DSExternalDisplay
0x00007fff3cff7000 	/System/Library/Frameworks/OpenGL.framework/Versions/A/Libraries/libCoreFSCache.dylib
0x00007fff35454000 	/System/Library/Frameworks/CoreVideo.framework/Versions/A/CoreVideo
0x00007fff4ced2000 	/System/Library/PrivateFrameworks/GraphVisualizer.framework/Versions/A/GraphVisualizer
0x00007fff37ff9000 	/System/Library/Frameworks/MetalPerformanceShaders.framework/Versions/A/MetalPerformanceShaders
0x00007fff58ca0000 	/usr/lib/libFosl_dynamic.dylib
0x00007fff48a90000 	/System/Library/PrivateFrameworks/FaceCore.framework/Versions/A/FaceCore
0x00007fff3bdff000 	/System/Library/Frameworks/OpenCL.framework/Versions/A/OpenCL
0x00007fff59314000 	/usr/lib/libcompression.dylib
0x00007fff31dd4000 	/System/Library/Frameworks/ApplicationServices.framework/Versions/A/Frameworks/ATS.framework/Versions/A/Resources/libFontParser.dylib
0x00007fff31ef7000 	/System/Library/Frameworks/ApplicationServices.framework/Versions/A/Frameworks/ATS.framework/Versions/A/Resources/libFontRegistry.dylib
0x00007fff36398000 	/System/Library/Frameworks/ImageIO.framework/Versions/A/Resources/libJPEG.dylib
0x00007fff366c2000 	/System/Library/Frameworks/ImageIO.framework/Versions/A/Resources/libTIFF.dylib
0x00007fff36698000 	/System/Library/Frameworks/ImageIO.framework/Versions/A/Resources/libPng.dylib
0x00007fff362ab000 	/System/Library/Frameworks/ImageIO.framework/Versions/A/Resources/libGIF.dylib
0x00007fff362b0000 	/System/Library/Frameworks/ImageIO.framework/Versions/A/Resources/libJP2.dylib
0x00007fff366bf000 	/System/Library/Frameworks/ImageIO.framework/Versions/A/Resources/libRadiance.dylib
0x00007fff4367f000 	/System/Library/PrivateFrameworks/AppleJPEG.framework/Versions/A/AppleJPEG
0x00007fff4ecca000 	/System/Library/PrivateFrameworks/MetalTools.framework/Versions/A/MetalTools
0x00007fff37ed2000 	/System/Library/Frameworks/MetalPerformanceShaders.framework/Frameworks/MPSCore.framework/Versions/A/MPSCore
0x00007fff37ee8000 	/System/Library/Frameworks/MetalPerformanceShaders.framework/Frameworks/MPSImage.framework/Versions/A/MPSImage
0x00007fff37f54000 	/System/Library/Frameworks/MetalPerformanceShaders.framework/Frameworks/MPSMatrix.framework/Versions/A/MPSMatrix
0x00007fff37f78000 	/System/Library/Frameworks/MetalPerformanceShaders.framework/Frameworks/MPSNeuralNetwork.framework/Versions/A/MPSNeuralNetwork
0x00007fff3d1bf000 	/System/Library/Frameworks/OpenGL.framework/Versions/A/Libraries/libGLU.dylib
0x00007fff3d001000 	/System/Library/Frameworks/OpenGL.framework/Versions/A/Libraries/libGFXShared.dylib
0x00007fff3d00a000 	/System/Library/Frameworks/OpenGL.framework/Versions/A/Libraries/libGL.dylib
0x00007fff3d016000 	/System/Library/Frameworks/OpenGL.framework/Versions/A/Libraries/libGLImage.dylib
0x00007fff3cff4000 	/System/Library/Frameworks/OpenGL.framework/Versions/A/Libraries/libCVMSPluginSupport.dylib
0x00007fff3cffc000 	/System/Library/Frameworks/OpenGL.framework/Versions/A/Libraries/libCoreVMClient.dylib
0x00007fff59ac1000 	/usr/lib/libcups.2.dylib
0x00007fff3749e000 	/System/Library/Frameworks/Kerberos.framework/Versions/A/Kerberos
0x00007fff35d8f000 	/System/Library/Frameworks/GSS.framework/Versions/A/GSS
0x00007fff5ab11000 	/usr/lib/libresolv.9.dylib
0x00007fff59cbd000 	/usr/lib/libiconv.2.dylib
0x00007fff4cf59000 	/System/Library/PrivateFrameworks/Heimdal.framework/Versions/A/Heimdal
0x00007fff59c8c000 	/usr/lib/libheimdal-asn1.dylib
0x00007fff3be6a000 	/System/Library/Frameworks/OpenDirectory.framework/Versions/A/OpenDirectory
0x00007fff45935000 	/System/Library/PrivateFrameworks/CommonAuth.framework/Versions/A/CommonAuth
0x00007fff3be4d000 	/System/Library/Frameworks/OpenDirectory.framework/Versions/A/Frameworks/CFOpenDirectory.framework/Versions/A/CFOpenDirectory
0x00007fff3f764000 	/System/Library/Frameworks/SecurityFoundation.framework/Versions/A/SecurityFoundation
0x00007fff4286b000 	/System/Library/PrivateFrameworks/APFS.framework/Versions/A/APFS
0x00007fff5af15000 	/usr/lib/libutil.dylib
0x00007fff43702000 	/System/Library/PrivateFrameworks/AppleSauce.framework/Versions/A/AppleSauce
0x00007fff4e061000 	/System/Library/PrivateFrameworks/LinguisticData.framework/Versions/A/LinguisticData
0x00007fff5a03f000 	/usr/lib/libmarisa.dylib
0x00007fff4e01b000 	/System/Library/PrivateFrameworks/Lexicon.framework/Versions/A/Lexicon
0x00007fff58bcb000 	/usr/lib/libChineseTokenizer.dylib
0x00007fff59303000 	/usr/lib/libcmph.dylib
0x00007fff4df25000 	/System/Library/PrivateFrameworks/LanguageModeling.framework/Versions/A/LanguageModeling
0x00007fff4634b000 	/System/Library/PrivateFrameworks/CoreEmoji.framework/Versions/A/CoreEmoji
0x00007fff3f820000 	/System/Library/Frameworks/ServiceManagement.framework/Versions/A/ServiceManagement
0x00007fff43f16000 	/System/Library/PrivateFrameworks/BackgroundTaskManagement.framework/Versions/A/BackgroundTaskManagement
0x00007fff5b012000 	/usr/lib/libxslt.1.dylib
0x00007fff32e7c000 	/System/Library/Frameworks/Carbon.framework/Versions/A/Frameworks/Ink.framework/Versions/A/Ink
0x00007fff56eee000 	/System/Library/PrivateFrameworks/TextureIO.framework/Versions/A/TextureIO
0x00007fff590a7000 	/usr/lib/libate.dylib
0x00007fff479bf000 	/System/Library/PrivateFrameworks/CrashReporterSupport.framework/Versions/A/CrashReporterSupport
0x00007fff54341000 	/System/Library/PrivateFrameworks/Sharing.framework/Versions/A/Sharing
0x00007fff4dc6b000 	/System/Library/PrivateFrameworks/IconServices.framework/Versions/A/IconServices
0x00007fff52806000 	/System/Library/PrivateFrameworks/ProtocolBuffer.framework/Versions/A/ProtocolBuffer
0x00007fff4350a000 	/System/Library/PrivateFrameworks/Apple80211.framework/Versions/A/Apple80211
0x00007fff3548f000 	/System/Library/Frameworks/CoreWLAN.framework/Versions/A/CoreWLAN
0x00007fff477fa000 	/System/Library/PrivateFrameworks/CoreUtils.framework/Versions/A/CoreUtils
0x00007fff35ed1000 	/System/Library/Frameworks/IOBluetooth.framework/Versions/A/IOBluetooth
0x00007fff4795a000 	/System/Library/PrivateFrameworks/CoreWiFi.framework/Versions/A/CoreWiFi
0x00007fff333b3000 	/System/Library/Frameworks/CoreBluetooth.framework/Versions/A/CoreBluetooth
0x00007fff5447c000 	/System/Library/PrivateFrameworks/SignpostNotification.framework/Versions/A/SignpostNotification
0x00007fff47bab000 	/System/Library/PrivateFrameworks/DebugSymbols.framework/Versions/A/DebugSymbols
0x00007fff475b1000 	/System/Library/PrivateFrameworks/CoreSymbolication.framework/Versions/A/CoreSymbolication
0x00007fff56764000 	/System/Library/PrivateFrameworks/Symbolication.framework/Versions/A/Symbolication
0x00007fff43534000 	/System/Library/PrivateFrameworks/AppleFSCompression.framework/Versions/A/AppleFSCompression
0x00007fff55bc5000 	/System/Library/PrivateFrameworks/SpeechRecognitionCore.framework/Versions/A/SpeechRecognitionCore
0x000000010d400000 	/Applications/AnyLogic.app/Contents/jre/lib/server/libjvm.dylib
0x00007fff5ae0c000 	/usr/lib/libstdc++.6.0.9.dylib
0x000000010cbe8000 	/Applications/AnyLogic.app/Contents/jre/lib/libverify.dylib
0x000000010e0a2000 	/Applications/AnyLogic.app/Contents/jre/lib/libjava.dylib
0x000000010e116000 	/Applications/AnyLogic.app/Contents/jre/lib/libzip.dylib
0x000000010e11e000 	/Applications/AnyLogic.app/Contents/jre/lib/libjimage.dylib
0x0000000110759000 	/Applications/AnyLogic.app/Contents/jre/lib/libnio.dylib
0x0000000110769000 	/Applications/AnyLogic.app/Contents/jre/lib/./libnet.dylib
0x0000000128791000 	/Applications/AnyLogic.app/Contents/jre/lib/libawt.dylib
0x0000000128836000 	/Applications/AnyLogic.app/Contents/jre/lib/./libmlib_image.dylib
0x00007fff37487000 	/System/Library/Frameworks/JavaVM.framework/Versions/A/Frameworks/JavaNativeFoundation.framework/Versions/A/JavaNativeFoundation
0x00007fff37490000 	/System/Library/Frameworks/JavaVM.framework/Versions/A/Frameworks/JavaRuntimeSupport.framework/Versions/A/JavaRuntimeSupport
0x00007fff37499000 	/System/Library/Frameworks/JavaVM.framework/Versions/A/JavaVM
0x00007fff4de28000 	/System/Library/PrivateFrameworks/JavaLaunching.framework/Versions/A/JavaLaunching
0x00007fff32b67000 	/System/Library/Frameworks/Carbon.framework/Versions/A/Carbon
0x00007fff32b68000 	/System/Library/Frameworks/Carbon.framework/Versions/A/Frameworks/CommonPanels.framework/Versions/A/CommonPanels
0x00007fff32e72000 	/System/Library/Frameworks/Carbon.framework/Versions/A/Frameworks/Help.framework/Versions/A/Help
0x00007fff32e76000 	/System/Library/Frameworks/Carbon.framework/Versions/A/Frameworks/ImageCapture.framework/Versions/A/ImageCapture
0x00007fff32f12000 	/System/Library/Frameworks/Carbon.framework/Versions/A/Frameworks/OpenScripting.framework/Versions/A/OpenScripting
0x00007fff32f4d000 	/System/Library/Frameworks/Carbon.framework/Versions/A/Frameworks/Print.framework/Versions/A/Print
0x00007fff32f4f000 	/System/Library/Frameworks/Carbon.framework/Versions/A/Frameworks/SecurityHI.framework/Versions/A/SecurityHI
0x00000001288a4000 	/Applications/AnyLogic.app/Contents/jre/lib/libawt_lwawt.dylib
0x0000000128964000 	/Applications/AnyLogic.app/Contents/jre/lib/./libosxapp.dylib
0x00007fff35933000 	/System/Library/Frameworks/ExceptionHandling.framework/Versions/A/ExceptionHandling
0x0000000128a13000 	/Applications/AnyLogic.app/Contents/jre/lib/libfontmanager.dylib
0x00007fff47231000 	/System/Library/PrivateFrameworks/CoreServicesInternal.framework/Versions/A/CoreServicesInternal
0x00007fff2bc9e000 	/System/Library/CoreServices/RawCamera.bundle/Contents/MacOS/RawCamera
0x00007fff4ed3b000 	/System/Library/PrivateFrameworks/MobileAsset.framework/Versions/A/MobileAsset
0x00007fff5606b000 	/System/Library/PrivateFrameworks/StreamingZip.framework/Versions/A/StreamingZip
0x00007fff37819000 	/System/Library/Frameworks/MediaToolbox.framework/Versions/A/MediaToolbox
0x00007fff45fb0000 	/System/Library/PrivateFrameworks/CoreAVCHD.framework/Versions/A/CoreAVCHD
0x00007fff3776f000 	/System/Library/Frameworks/MediaAccessibility.framework/Versions/A/MediaAccessibility
0x00007fff4e88c000 	/System/Library/PrivateFrameworks/Mangrove.framework/Versions/A/Mangrove
0x00007fff34853000 	/System/Library/Frameworks/CoreMedia.framework/Versions/A/CoreMedia
0x00007fff3fded000 	/System/Library/Frameworks/VideoToolbox.framework/Versions/A/VideoToolbox
0x00007fff45bcf000 	/System/Library/PrivateFrameworks/CoreAUC.framework/Versions/A/CoreAUC
0x00007fff5ab7b000 	/usr/lib/libspindump.dylib
0x00007fff59b99000 	/usr/lib/libdscsym.dylib
0x00007fff437f7000 	/System/Library/PrivateFrameworks/AppleVA.framework/Versions/A/AppleVA
0x00007fff2fb5e000 	/System/Library/Frameworks/Accelerate.framework/Versions/A/Frameworks/vImage.framework/Versions/A/Libraries/libCGInterfaces.dylib
0x00007fff31fe6000 	/System/Library/Frameworks/ApplicationServices.framework/Versions/A/Frameworks/ATS.framework/Versions/A/Resources/libTrueTypeScaler.dylib
0x00007fff3db84000 	/System/Library/Frameworks/OpenGL.framework/Versions/A/Resources/GLEngine.bundle/GLEngine
0x00007fff3d052000 	/System/Library/Frameworks/OpenGL.framework/Versions/A/Libraries/libGLProgrammability.dylib
0x000000012c7ae000 	/System/Library/Extensions/AppleIntelHD4000GraphicsGLDriver.bundle/Contents/MacOS/AppleIntelHD4000GraphicsGLDriver
0x00007fff4c186000 	/System/Library/PrivateFrameworks/GPUSupport.framework/Versions/A/Libraries/libGPUSupportMercury.dylib
0x00007fff3dd1c000 	/System/Library/Frameworks/OpenGL.framework/Versions/A/Resources/GLRendererFloat.bundle/GLRendererFloat
0x00007fff3bdf6000 	/System/Library/Frameworks/OpenCL.framework/Versions/A/Libraries/libcldcpuengine.dylib
0x00007fff5978a000 	/usr/lib/libcrypto.35.dylib
0x00007fff5704f000 	/System/Library/PrivateFrameworks/TrustEvaluationAgent.framework/Versions/A/TrustEvaluationAgent
0x00007fff2d4b2000 	/System/Library/Extensions/AppleIntelHD4000GraphicsMTLDriver.bundle/Contents/MacOS/AppleIntelHD4000GraphicsMTLDriver
0x00007fff4ab26000 	/System/Library/PrivateFrameworks/GPUCompiler.framework/Versions/3802/Libraries/libmetal_timestamp.dylib
0x000000012a7ff000 	/Applications/AnyLogic.app/Contents/jre/lib/libosxui.dylib
0x00007fff57ece000 	/System/Library/PrivateFrameworks/ViewBridge.framework/Versions/A/ViewBridge
0x0000000170020000 	/Applications/AnyLogic.app/Contents/jre/lib/libjavajpeg.dylib
0x000000016e0f7000 	/Applications/AnyLogic.app/Contents/jre/lib/libmanagement.dylib
0x000000016e0fc000 	/Applications/AnyLogic.app/Contents/jre/lib/libmanagement_ext.dylib
0x000000012c561000 	/Applications/AnyLogic.app/Contents/Resources/Java/plugins/org.j3d.opengl.swt.carbon.osx_0.7.0/libgluegen-rt.jnilib
0x000000012c565000 	/Applications/AnyLogic.app/Contents/Resources/Java/plugins/org.j3d.opengl.swt.carbon.osx_0.7.0/libnativewindow_awt.jnilib
0x000000012c568000 	/Applications/AnyLogic.app/Contents/jre/lib/libjawt.dylib
0x000000012c56b000 	/Applications/AnyLogic.app/Contents/Resources/Java/plugins/org.j3d.opengl.swt.carbon.osx_0.7.0/libnativewindow_macosx.jnilib
0x00000001766f8000 	/Applications/AnyLogic.app/Contents/Resources/Java/plugins/org.j3d.opengl.swt.carbon.osx_0.7.0/libjogl_desktop.jnilib

VM Arguments:
jvm_args: -Xmx512m -Dnativewindow.awt.nohidpi=true -DlanguageId_xjal=en0yxjlv -DFlowchartCountersVisible_xjal=true -DTileCachePath_xjal=/Applications/AnyLogic.app/Contents/Resources/Java/plugins/com.anylogic.gis_8.2.3.201712291404/tiles -DFlowchartPortStateAnimated_xjal=true -DuseProxy_xjal=false -Djava.library.path=/Applications/AnyLogic.app/Contents/Resources/Java/plugins/org.j3d.opengl.swt.carbon.osx_0.7.0:/Applications/AnyLogic.app/Contents/Resources/Java/plugins/org.j3d.opengl.swt.carbon.osx_0.7.0 -Dfile.encoding=UTF-8 
java_command: com.anylogic.ms.MS final_project.Simulation 18385fd
java_class_path (initial): /Users/BlakeNguyen/.AnyLogicPLE/Workspace8/Final_Project_BUILD/classes:/Applications/AnyLogic.app/Contents/Resources/Java/plugins/com.anylogic.engine_8.2.3.201712291404/com.anylogic.engine.jar:/Applications/AnyLogic.app/Contents/Resources/Java/plugins/com.anylogic.engine_8.2.3.201712291404/com.anylogic.engine.al3d.jar:/Applications/AnyLogic.app/Contents/Resources/Java/plugins/com.anylogic.engine_8.2.3.201712291404/com.anylogic.engine.resources.jar:/Applications/AnyLogic.app/Contents/Resources/Java/plugins/com.anylogic.engine_8.2.3.201712291404/com.anylogic.engine.nl.jar:/Applications/AnyLogic.app/Contents/Resources/Java/plugins/com.anylogic.optimizer_8.2.3.201712291404/lib/OptQuest.jar:/Applications/AnyLogic.app/Contents/Resources/Java/plugins/com.anylogic.third_party_libraries_8.2.3.201712291404/lib/database/hsqldb.jar:/Applications/AnyLogic.app/Contents/Resources/Java/plugins/com.anylogic.third_party_libraries_8.2.3.201712291404/lib/database/querydsl/org.apache.servicemix.bundles.javax-inject-1_2.jar:/Applications/AnyLogic.app/Contents/Resources/Java/plugins/com.anylogic.third_party_libraries_8.2.3.201712291404/lib/database/querydsl/ant-launcher-1.8.1.jar:/Applications/AnyLogic.app/Contents/Resources/Java/plugins/com.anylogic.third_party_libraries_8.2.3.201712291404/lib/database/querydsl/guava-18.0.jar:/Applications/AnyLogic.app/Contents/Resources/Java/plugins/org.apache.poi_1.0.0/lib/poi-examples-3.10.1-20140818.jar:/Applications/AnyLogic.app/Contents/Resources/Java/plugins/com.anylogic.third_party_libraries_8.2.3.201712291404/lib/database/querydsl/geolatte-geom-0.13.jar:/Applications/AnyLogic.app/Contents/Resources/Java/plugins/org.apache.poi_1.0.0/lib/poi-3.10.1-20140818.jar:/Applications/AnyLogic.app/Contents/Resources/Java/plugins/com.anylogic.third_party_libraries_8.2.3.201712291404/lib/database/querydsl/postgis-stubs-1.3.3.jar:/Applications/AnyLogic.app/Contents/Resources/Java/plugins/com.anylogic.third_party_libraries_8.2.3.201
Launcher Type: SUN_STANDARD

Logging:
Log output configuration:
#0: stdout all=warning uptime,level,tags
#1: stderr all=off uptime,level,tags

Environment Variables:
PATH=/usr/bin:/bin:/usr/sbin:/sbin
SHELL=/bin/bash

Signal Handlers:
SIGSEGV: [libjvm.dylib+0x73e2dc], sa_mask[0]=11111111011111110111111111111111, sa_flags=SA_ONSTACK|SA_RESTART|SA_SIGINFO
SIGBUS: [libjvm.dylib+0x73e2dc], sa_mask[0]=11111111011111110111111111111111, sa_flags=SA_RESTART|SA_SIGINFO
SIGFPE: [libjvm.dylib+0x73e2dc], sa_mask[0]=11111111011111110111111111111111, sa_flags=SA_RESTART|SA_SIGINFO
SIGPIPE: [libjvm.dylib+0x5f15ac], sa_mask[0]=11111111011111110111111111111111, sa_flags=SA_RESTART|SA_SIGINFO
SIGXFSZ: [libjvm.dylib+0x5f15ac], sa_mask[0]=11111111011111110111111111111111, sa_flags=SA_RESTART|SA_SIGINFO
SIGILL: [libjvm.dylib+0x73e2dc], sa_mask[0]=11111111011111110111111111111111, sa_flags=SA_RESTART|SA_SIGINFO
SIGUSR2: [libjvm.dylib+0x5f1e3c], sa_mask[0]=00100000000000000000000000000000, sa_flags=SA_RESTART|SA_SIGINFO
SIGHUP: [libjvm.dylib+0x5f0679], sa_mask[0]=11111111011111110111111111111111, sa_flags=SA_RESTART|SA_SIGINFO
SIGINT: [libjvm.dylib+0x5f0679], sa_mask[0]=11111111011111110111111111111111, sa_flags=SA_RESTART|SA_SIGINFO
SIGTERM: [libjvm.dylib+0x5f0679], sa_mask[0]=11111111011111110111111111111111, sa_flags=SA_RESTART|SA_SIGINFO
SIGQUIT: [libjvm.dylib+0x5f0679], sa_mask[0]=11111111011111110111111111111111, sa_flags=SA_RESTART|SA_SIGINFO


---------------  S Y S T E M  ---------------

OS:uname:Darwin 17.4.0 Darwin Kernel Version 17.4.0: Sun Dec 17 09:19:54 PST 2017; root:xnu-4570.41.2~1/RELEASE_X86_64 x86_64
rlimit: STACK 8192k, CORE 0k, NPROC 709, NOFILE 10240, AS infinity
load average:4.08 3.72 3.58

CPU:total 4 (initial active 4) (2 cores per cpu, 2 threads per core) family 6 model 58 stepping 9, cmov, cx8, fxsr, mmx, sse, sse2, sse3, ssse3, sse4.1, sse4.2, popcnt, avx, aes, clmul, erms, ht, tsc, tscinvbit, tscinv

Memory: 4k page, physical 8388608k(54096k free)

vm_info: Java HotSpot(TM) 64-Bit Server VM (9.0.1+11) for bsd-amd64 JRE (9.0.1+11), built on Sep 28 2017 03:49:57 by "mach5one" with gcc 4.2.1 Compatible Apple LLVM 6.1.0 (clang-602.0.49)

END.
