#
# A fatal error has been detected by the Java Runtime Environment:
#
#  SIGSEGV (0xb) at pc=0x00000001249570cc, pid=12894, tid=775
#
# JRE version: Java(TM) SE Runtime Environment (9.0+11) (build 9.0.1+11)
# Java VM: Java HotSpot(TM) 64-Bit Server VM (9.0.1+11, mixed mode, tiered, compressed oops, g1 gc, bsd-amd64)
# Problematic frame:
# C  [libosxapp.dylib+0x20cc]  -[NSApplicationAWT sendEvent:]+0x179
#
# No core dump will be written. Core dumps have been disabled. To enable core dumping, try "ulimit -c unlimited" before starting Java again
#
# If you would like to submit a bug report, please visit:
#   http://bugreport.java.com/bugreport/crash.jsp
# The crash happened outside the Java Virtual Machine in native code.
# See problematic frame for where to report the bug.
#

---------------  S U M M A R Y ------------

Command Line: -Xmx2048m -Dnativewindow.awt.nohidpi=true -DlanguageId_xjal=en0q477n -DFlowchartCountersVisible_xjal=true -DTileCachePath_xjal=/Applications/AnyLogic.app/Contents/Resources/Java/plugins/com.anylogic.gis_8.2.3.201712291404/tiles -DFlowchartPortStateAnimated_xjal=true -DuseProxy_xjal=false -Djava.library.path=/Applications/AnyLogic.app/Contents/Resources/Java/plugins/org.j3d.opengl.swt.carbon.osx_0.7.0:/Applications/AnyLogic.app/Contents/Resources/Java/plugins/org.j3d.opengl.swt.carbon.osx_0.7.0 -Dfile.encoding=UTF-8 com.anylogic.ms.MS final_project_15APR2018.Simulation 183d572

Host: MacBookPro10,2 x86_64 2500 MHz, 4 cores, 8G, Darwin 17.5.0
Time: Sun Apr 29 13:55:21 2018 EDT elapsed time: 23 seconds (0d 0h 0m 23s)

---------------  T H R E A D  ---------------

Current thread (0x00007ffd95a9d800):  JavaThread "AppKit Thread" daemon [_thread_in_native, id=775, stack(0x00007ffeea486000,0x00007ffeeac86000)]

Stack: [0x00007ffeea486000,0x00007ffeeac86000],  sp=0x00007ffeeac7ff40,  free space=8167k
Native frames: (J=compiled Java code, A=aot compiled Java code, j=interpreted, Vv=VM code, C=native code)
C  [libosxapp.dylib+0x20cc]  -[NSApplicationAWT sendEvent:]+0x179
C  [AppKit+0x368b5]  -[NSApplication run]+0x32c
C  [libosxapp.dylib+0x1d3a]  +[NSApplicationAWT runAWTLoopWithApp:]+0x9d
C  [libawt_lwawt.dylib+0x3a544]  +[AWTStarter starter:headless:]+0x342
C  [JavaNativeFoundation+0x6f4a]  +[JNFRunLoop _performCopiedBlock:]+0x11
C  [Foundation+0x682b5]  __NSThreadPerformPerform+0x14e
C  [CoreFoundation+0x9fd81]  __CFRUNLOOP_IS_CALLING_OUT_TO_A_SOURCE0_PERFORM_FUNCTION__+0x11
C  [CoreFoundation+0x15765c]  __CFRunLoopDoSource0+0x6c
C  [CoreFoundation+0x82d30]  __CFRunLoopDoSources0+0xd0
C  [CoreFoundation+0x821ad]  __CFRunLoopRun+0x50d
C  [CoreFoundation+0x81a07]  CFRunLoopRunSpecific+0x1e7
C  [java+0x6b2e]  CreateExecutionEnvironment+0x35c
C  [java+0x2c65]  JLI_Launch+0x5a9
C  [java+0x1b62]  main+0x186
C  [java+0x19d4]  start+0x34
C  0x0000000000000010


siginfo: si_signo: 11 (SIGSEGV), si_code: 1 (SEGV_MAPERR), si_addr: 0x0000000000000010

Register to memory mapping:

RAX=0x0000000000000000 is an unknown value
RBX=0x0000000000000000 is an unknown value
RCX=0x000000000021e000 is an unknown value
RDX=0x000000000021e000 is an unknown value
RSP=0x00007ffeeac7ff40 is pointing into the stack for thread: 0x00007ffd95a9d800
RBP=0x00007ffeeac7ff70 is pointing into the stack for thread: 0x00007ffd95a9d800
RSI=0x00007fff4a62c1e5: .str.41.llvm.DC87FEEF+0x4a728 in /System/Library/Frameworks/AppKit.framework/Versions/C/AppKit at 0x00007fff4994b000
RDI=0x0000000000000000 is an unknown value
R8 =0x00000000000000ff is an unknown value
R9 =0x00007ffd99db6810 is an unknown value
R10=0x00007fffa5ccb728: OBJC_CLASS_$_NSEvent+0 in /System/Library/Frameworks/AppKit.framework/Versions/C/AppKit at 0x00007fff4994b000
R11=0x00007ffd96073850 is an unknown value
R12=0x00007ffd99db6810 is an unknown value
R13=0x00007ffd99d82570 is an unknown value
R14=0x00007fff73b8ae80: objc_msgSend+0 in /usr/lib/libobjc.A.dylib at 0x00007fff73b84000
R15=0x00007ffd9465c420 is an unknown value


Registers:
RAX=0x0000000000000000, RBX=0x0000000000000000, RCX=0x000000000021e000, RDX=0x000000000021e000
RSP=0x00007ffeeac7ff40, RBP=0x00007ffeeac7ff70, RSI=0x00007fff4a62c1e5, RDI=0x0000000000000000
R8 =0x00000000000000ff, R9 =0x00007ffd99db6810, R10=0x00007fffa5ccb728, R11=0x00007ffd96073850
R12=0x00007ffd99db6810, R13=0x00007ffd99d82570, R14=0x00007fff73b8ae80, R15=0x00007ffd9465c420
RIP=0x00000001249570cc, EFLAGS=0x0000000000010246, ERR=0x0000000000000004
  TRAPNO=0x000000000000000e

Top of Stack: (sp=0x00007ffeeac7ff40)
0x00007ffeeac7ff40:   00007ffeeac7ff60 ffff8002662497f0
0x00007ffeeac7ff50:   00007fff73b8ae80 00007fff73b8ae80
0x00007ffeeac7ff60:   0000000000000001 00007ffd9465c420
0x00007ffeeac7ff70:   00007ffeeac80020 00007fff499818b5
0x00007ffeeac7ff80:   00007fff4a625211 00007ffd9465c420
0x00007ffeeac7ff90:   00007fff4a61dee0 00007fff4a6260fe
0x00007ffeeac7ffa0:   00007fffa6283178 00007fff4a61cb3d
0x00007ffeeac7ffb0:   00007fff4a61c813 0000000000000010
0x00007ffeeac7ffc0:   00007fff4a61c003 00007fff4a62c1eb
0x00007ffeeac7ffd0:   00007fff4a61be91 00007fff4a61c82d
0x00007ffeeac7ffe0:   00007fff4a61c859 0000000000000062
0x00007ffeeac7fff0:   00007fff4a61c937 00007ffd9465c420
0x00007ffeeac80000:   00007fff73b8ae80 000000012495b690
0x00007ffeeac80010:   00007fff4a625211 000000012495b6b0
0x00007ffeeac80020:   00007ffeeac80060 0000000124956d3a
0x00007ffeeac80030:   0000000000000000 00007ffd9475bfc0
0x00007ffeeac80040:   00007fff73b8ae80 00007ffd9465c420
0x00007ffeeac80050:   00007ffd94632c10 0000000000000000
0x00007ffeeac80060:   00007ffeeac800b0 00000001248cf544
0x00007ffeeac80070:   00007ffd9465c420 0000000000000000
0x00007ffeeac80080:   00007ffd94632c10 00007ffd9463f940
0x00007ffeeac80090:   00007ffd947059f0 00007fff4a61be91
0x00007ffeeac800a0:   00007ffd94658b80 0000000000000000
0x00007ffeeac800b0:   00007ffeeac800d0 00007fff50129f4a
0x00007ffeeac800c0:   0000000000000018 0000000000000001
0x00007ffeeac800d0:   00007ffeeac80150 00007fff4e54d2b5
0x00007ffeeac800e0:   0000000000000001 00007fff4a61bf70
0x00007ffeeac800f0:   00007ffd947059f0 00007ffd94649b20
0x00007ffeeac80100:   00007fff4a623372 00007fff4a6763b7
0x00007ffeeac80110:   00007fff4a623377 00007fff4a61c003
0x00007ffeeac80120:   00007ffeeac80160 00007fff4e54d167
0x00007ffeeac80130:   0000000300002e88 0000000000000000 

Instructions: (pc=0x00000001249570cc)
0x00000001249570ac:   41 5f 5d c3 48 8b 35 51 58 00 00 4c 8b 35 ca 3f
0x00000001249570bc:   00 00 48 89 df 41 ff d6 48 89 c3 31 c0 48 89 df
0x00000001249570cc:   ff 53 10 48 8b 35 1a 56 00 00 48 89 df 4c 89 f0
0x00000001249570dc:   48 83 c4 18 5b 41 5e 41 5f 5d ff e0 55 48 89 e5 


---------------  P R O C E S S  ---------------

Java Threads: ( => current thread )
  0x00007ffd9a86b000 JavaThread "AV3D Runtime" [_thread_blocked, id=59159, stack(0x000070000d626000,0x000070000d726000)]
  0x00007ffd995bf000 JavaThread "Image Fetcher 0" daemon [_thread_blocked, id=68367, stack(0x000070000d729000,0x000070000d829000)]
  0x00007ffd95573000 JavaThread "Pedestrian Library SFM [3]" daemon [_thread_blocked, id=69123, stack(0x000070000d41d000,0x000070000d51d000)]
  0x00007ffd95d2c000 JavaThread "Pedestrian Library SFM [2]" daemon [_thread_blocked, id=57615, stack(0x000070000d31a000,0x000070000d41a000)]
  0x00007ffd95d2b000 JavaThread "Pedestrian Library SFM [1]" daemon [_thread_blocked, id=56835, stack(0x000070000d217000,0x000070000d317000)]
  0x00007ffd95dce000 JavaThread "Pedestrian Library SFM [0]" daemon [_thread_blocked, id=55123, stack(0x000070000cd08000,0x000070000ce08000)]
  0x00007ffd99262800 JavaThread "AnyLogic presentation frame manager" daemon [_thread_in_vm, id=56595, stack(0x000070000d114000,0x000070000d214000)]
  0x00007ffd994c1800 JavaThread "TimerQueue" daemon [_thread_blocked, id=70167, stack(0x000070000d011000,0x000070000d111000)]
  0x00007ffd95a66800 JavaThread "DestroyJavaVM" [_thread_blocked, id=9731, stack(0x000070000b02b000,0x000070000b12b000)]
  0x00007ffd962b6000 JavaThread "AnyLogic simulation performance monitor" [_thread_blocked, id=56075, stack(0x000070000cf0e000,0x000070000d00e000)]
  0x00007ffd962fe000 JavaThread "AnyLogic user input event processor" daemon [_thread_blocked, id=71191, stack(0x000070000ce0b000,0x000070000cf0b000)]
  0x00007ffd99170000 JavaThread "AWT-EventQueue-0" [_thread_in_native, id=43783, stack(0x000070000c8f6000,0x000070000c9f6000)]
  0x00007ffd9608c800 JavaThread "AWT-Shutdown" [_thread_blocked, id=36011, stack(0x000070000c7f3000,0x000070000c8f3000)]
  0x00007ffd95278000 JavaThread "Java2D Disposer" daemon [_thread_blocked, id=54799, stack(0x000070000cc05000,0x000070000cd05000)]
  0x00007ffd95aa9000 JavaThread "Java2D Queue Flusher" daemon [_thread_blocked, id=48691, stack(0x000070000cb02000,0x000070000cc02000)]
=>0x00007ffd95a9d800 JavaThread "AppKit Thread" daemon [_thread_in_native, id=775, stack(0x00007ffeea486000,0x00007ffeeac86000)]
  0x00007ffd94832800 JavaThread "Service Thread" daemon [_thread_blocked, id=23299, stack(0x000070000c5ed000,0x000070000c6ed000)]
  0x00007ffd94838800 JavaThread "Common-Cleaner" daemon [_thread_blocked, id=22787, stack(0x000070000c4ea000,0x000070000c5ea000)]
  0x00007ffd9600f000 JavaThread "Sweeper thread" daemon [_thread_blocked, id=22275, stack(0x000070000c3e7000,0x000070000c4e7000)]
  0x00007ffd95876800 JavaThread "C1 CompilerThread2" daemon [_thread_in_native, id=42499, stack(0x000070000c2e4000,0x000070000c3e4000)]
  0x00007ffd9600e000 JavaThread "C2 CompilerThread1" daemon [_thread_blocked, id=43011, stack(0x000070000c1e1000,0x000070000c2e1000)]
  0x00007ffd95010800 JavaThread "C2 CompilerThread0" daemon [_thread_in_native, id=22019, stack(0x000070000c0de000,0x000070000c1de000)]
  0x00007ffd94836000 JavaThread "Signal Dispatcher" daemon [_thread_blocked, id=15367, stack(0x000070000bfdb000,0x000070000c0db000)]
  0x00007ffd9589b000 JavaThread "Finalizer" daemon [_thread_blocked, id=16899, stack(0x000070000be55000,0x000070000bf55000)]
  0x00007ffd95898000 JavaThread "Reference Handler" daemon [_thread_blocked, id=17155, stack(0x000070000bd52000,0x000070000be52000)]

Other Threads:
  0x00007ffd95897800 VMThread "VM Thread" [stack: 0x000070000bc4f000,0x000070000bd4f000] [id=17667]
  0x00007ffd95877800 WatcherThread [stack: 0x000070000c6f0000,0x000070000c7f0000] [id=23811]
  0x00007ffd9501e800 GCTaskThread "GC Thread#0" [stack: 0x000070000b12e000,0x000070000b22e000] [id=10755]
  0x00007ffd9501f000 GCTaskThread "GC Thread#1" [stack: 0x000070000b231000,0x000070000b331000] [id=11011]
  0x00007ffd9501f800 GCTaskThread "GC Thread#2" [stack: 0x000070000b334000,0x000070000b434000] [id=20995]
  0x00007ffd95020000 GCTaskThread "GC Thread#3" [stack: 0x000070000b437000,0x000070000b537000] [id=20739]
  0x00007ffd94825800 ConcurrentGCThread "G1 Main Marker" [stack: 0x000070000ba49000,0x000070000bb49000] [id=18691]
  0x00007ffd95800800 ConcurrentGCThread "G1 Marker#0" [stack: 0x000070000bb4c000,0x000070000bc4c000] [id=18179]
  0x00007ffd95022800 ConcurrentGCThread "G1 Refine#0" [stack: 0x000070000b843000,0x000070000b943000] [id=19459]
  0x00007ffd95021800 ConcurrentGCThread "G1 Refine#1" [stack: 0x000070000b740000,0x000070000b840000] [id=19971]
  0x00007ffd96004000 ConcurrentGCThread "G1 Refine#2" [stack: 0x000070000b63d000,0x000070000b73d000] [id=12035]
  0x00007ffd95021000 ConcurrentGCThread "G1 Refine#3" [stack: 0x000070000b53a000,0x000070000b63a000] [id=11523]
  0x00007ffd95023000 ConcurrentGCThread "G1 Young RemSet Sampling" [stack: 0x000070000b946000,0x000070000ba46000] [id=19203]

Threads with active compile tasks:
C1 CompilerThread24656 %     3       sun.java2d.marlin.Renderer::_endRendering @ 787 (2473 bytes)
C2 CompilerThread04524   !   4       jdk.internal.loader.BuiltinClassLoader::loadClassOrNull (143 bytes)

VM state:not at safepoint (normal execution)

VM Mutex/Monitor currently owned by a thread: None

Heap address: 0x0000000740000000, size: 2048 MB, Compressed Oops mode: Zero based, Oop shift amount: 3
Narrow klass base: 0x0000000000000000, Narrow klass shift: 3
Compressed class space size: 1073741824 Address: 0x00000007c0000000

Heap:
 garbage-first heap   total 240640K, used 126598K [0x0000000740000000, 0x0000000740100758, 0x00000007c0000000)
  region size 1024K, 8 young (8192K), 4 survivors (4096K)
 Metaspace       used 45313K, capacity 46699K, committed 47004K, reserved 1089536K
  class space    used 7201K, capacity 7516K, committed 7636K, reserved 1048576K
Heap Regions: E=young(eden), S=young(survivor), O=old, HS=humongous(starts), HC=humongous(continues), CS=collection set, F=free, A=archive, TS=gc time stamp, AC=allocation context, TAMS=top-at-mark-start (previous, next)
|   0|0x0000000740000000, 0x0000000740100000, 0x0000000740100000|100%|HS|  |TS  0|AC  0|TAMS 0x0000000740100000, 0x0000000740100000|
|   1|0x0000000740100000, 0x0000000740200000, 0x0000000740200000|100%| O|  |TS  0|AC  0|TAMS 0x0000000740200000, 0x0000000740200000|
|   2|0x0000000740200000, 0x0000000740300000, 0x0000000740300000|100%| O|  |TS  0|AC  0|TAMS 0x0000000740300000, 0x0000000740300000|
|   3|0x0000000740300000, 0x0000000740400000, 0x0000000740400000|100%| O|  |TS  0|AC  0|TAMS 0x0000000740400000, 0x0000000740400000|
|   4|0x0000000740400000, 0x0000000740500000, 0x0000000740500000|100%| O|  |TS  0|AC  0|TAMS 0x0000000740500000, 0x0000000740500000|
|   5|0x0000000740500000, 0x0000000740600000, 0x0000000740600000|100%| O|  |TS  0|AC  0|TAMS 0x0000000740600000, 0x0000000740600000|
|   6|0x0000000740600000, 0x0000000740700000, 0x0000000740700000|100%| O|  |TS  0|AC  0|TAMS 0x0000000740700000, 0x0000000740700000|
|   7|0x0000000740700000, 0x0000000740800000, 0x0000000740800000|100%| O|  |TS  0|AC  0|TAMS 0x0000000740800000, 0x0000000740800000|
|   8|0x0000000740800000, 0x0000000740900000, 0x0000000740900000|100%|HS|  |TS  1|AC  0|TAMS 0x0000000740800000, 0x0000000740800000|
|   9|0x0000000740900000, 0x0000000740a00000, 0x0000000740a00000|100%|HC|  |TS  1|AC  0|TAMS 0x0000000740900000, 0x0000000740900000|
|  10|0x0000000740a00000, 0x0000000740b00000, 0x0000000740b00000|100%| O|  |TS  0|AC  0|TAMS 0x0000000740b00000, 0x0000000740b00000|
|  11|0x0000000740b00000, 0x0000000740c00000, 0x0000000740c00000|100%| O|  |TS  0|AC  0|TAMS 0x0000000740c00000, 0x0000000740c00000|
|  12|0x0000000740c00000, 0x0000000740d00000, 0x0000000740d00000|100%|HS|  |TS  0|AC  0|TAMS 0x0000000740d00000, 0x0000000740d00000|
|  13|0x0000000740d00000, 0x0000000740e00000, 0x0000000740e00000|100%|HC|  |TS  0|AC  0|TAMS 0x0000000740e00000, 0x0000000740e00000|
|  14|0x0000000740e00000, 0x0000000740f00000, 0x0000000740f00000|100%|HC|  |TS  0|AC  0|TAMS 0x0000000740f00000, 0x0000000740f00000|
|  15|0x0000000740f00000, 0x0000000741000000, 0x0000000741000000|100%|HC|  |TS  0|AC  0|TAMS 0x0000000741000000, 0x0000000741000000|
|  16|0x0000000741000000, 0x0000000741100000, 0x0000000741100000|100%|HS|  |TS  1|AC  0|TAMS 0x0000000741000000, 0x0000000741000000|
|  17|0x0000000741100000, 0x0000000741200000, 0x0000000741200000|100%|HC|  |TS  1|AC  0|TAMS 0x0000000741100000, 0x0000000741100000|
|  18|0x0000000741200000, 0x0000000741300000, 0x0000000741300000|100%|HS|  |TS  1|AC  0|TAMS 0x0000000741200000, 0x0000000741200000|
|  19|0x0000000741300000, 0x0000000741400000, 0x0000000741400000|100%|HC|  |TS  1|AC  0|TAMS 0x0000000741300000, 0x0000000741300000|
|  20|0x0000000741400000, 0x0000000741500000, 0x0000000741500000|100%|HS|  |TS  0|AC  0|TAMS 0x0000000741500000, 0x0000000741500000|
|  21|0x0000000741500000, 0x0000000741600000, 0x0000000741600000|100%|HC|  |TS  0|AC  0|TAMS 0x0000000741600000, 0x0000000741600000|
|  22|0x0000000741600000, 0x0000000741700000, 0x0000000741700000|100%|HS|  |TS  1|AC  0|TAMS 0x0000000741600000, 0x0000000741600000|
|  23|0x0000000741700000, 0x0000000741800000, 0x0000000741800000|100%|HC|  |TS  1|AC  0|TAMS 0x0000000741700000, 0x0000000741700000|
|  24|0x0000000741800000, 0x0000000741900000, 0x0000000741900000|100%| O|  |TS  0|AC  0|TAMS 0x0000000741900000, 0x0000000741900000|
|  25|0x0000000741900000, 0x0000000741a00000, 0x0000000741a00000|100%| O|  |TS  0|AC  0|TAMS 0x0000000741a00000, 0x0000000741a00000|
|  26|0x0000000741a00000, 0x0000000741b00000, 0x0000000741b00000|100%| O|  |TS  0|AC  0|TAMS 0x0000000741b00000, 0x0000000741b00000|
|  27|0x0000000741b00000, 0x0000000741c00000, 0x0000000741c00000|100%| O|  |TS  0|AC  0|TAMS 0x0000000741c00000, 0x0000000741c00000|
|  28|0x0000000741c00000, 0x0000000741d00000, 0x0000000741d00000|100%| O|  |TS  0|AC  0|TAMS 0x0000000741d00000, 0x0000000741d00000|
|  29|0x0000000741d00000, 0x0000000741e00000, 0x0000000741e00000|100%| O|  |TS  0|AC  0|TAMS 0x0000000741e00000, 0x0000000741e00000|
|  30|0x0000000741e00000, 0x0000000741f00000, 0x0000000741f00000|100%| O|  |TS  0|AC  0|TAMS 0x0000000741f00000, 0x0000000741f00000|
|  31|0x0000000741f00000, 0x0000000742000000, 0x0000000742000000|100%| O|  |TS  0|AC  0|TAMS 0x0000000742000000, 0x0000000742000000|
|  32|0x0000000742000000, 0x0000000742100000, 0x0000000742100000|100%| O|  |TS  0|AC  0|TAMS 0x0000000742100000, 0x0000000742100000|
|  33|0x0000000742100000, 0x0000000742200000, 0x0000000742200000|100%| O|  |TS  0|AC  0|TAMS 0x0000000742200000, 0x0000000742200000|
|  34|0x0000000742200000, 0x0000000742300000, 0x0000000742300000|100%| O|  |TS  0|AC  0|TAMS 0x0000000742300000, 0x0000000742300000|
|  35|0x0000000742300000, 0x0000000742400000, 0x0000000742400000|100%| O|  |TS  0|AC  0|TAMS 0x0000000742400000, 0x0000000742400000|
|  36|0x0000000742400000, 0x0000000742500000, 0x0000000742500000|100%| O|  |TS  0|AC  0|TAMS 0x0000000742500000, 0x0000000742500000|
|  37|0x0000000742500000, 0x0000000742600000, 0x0000000742600000|100%| O|  |TS  0|AC  0|TAMS 0x0000000742600000, 0x0000000742600000|
|  38|0x0000000742600000, 0x0000000742700000, 0x0000000742700000|100%| O|  |TS  0|AC  0|TAMS 0x0000000742700000, 0x0000000742700000|
|  39|0x0000000742700000, 0x0000000742800000, 0x0000000742800000|100%| O|  |TS  0|AC  0|TAMS 0x0000000742800000, 0x0000000742800000|
|  40|0x0000000742800000, 0x0000000742900000, 0x0000000742900000|100%| O|  |TS  0|AC  0|TAMS 0x0000000742900000, 0x0000000742900000|
|  41|0x0000000742900000, 0x0000000742a00000, 0x0000000742a00000|100%| O|  |TS  0|AC  0|TAMS 0x0000000742a00000, 0x0000000742a00000|
|  42|0x0000000742a00000, 0x0000000742b00000, 0x0000000742b00000|100%| O|  |TS  0|AC  0|TAMS 0x0000000742b00000, 0x0000000742b00000|
|  43|0x0000000742b00000, 0x0000000742c00000, 0x0000000742c00000|100%| O|  |TS  0|AC  0|TAMS 0x0000000742c00000, 0x0000000742c00000|
|  44|0x0000000742c00000, 0x0000000742d00000, 0x0000000742d00000|100%| O|  |TS  0|AC  0|TAMS 0x0000000742d00000, 0x0000000742d00000|
|  45|0x0000000742d00000, 0x0000000742e00000, 0x0000000742e00000|100%| O|  |TS  0|AC  0|TAMS 0x0000000742e00000, 0x0000000742e00000|
|  46|0x0000000742e00000, 0x0000000742f00000, 0x0000000742f00000|100%| O|  |TS  0|AC  0|TAMS 0x0000000742f00000, 0x0000000742f00000|
|  47|0x0000000742f00000, 0x0000000743000000, 0x0000000743000000|100%| O|  |TS  0|AC  0|TAMS 0x0000000743000000, 0x0000000743000000|
|  48|0x0000000743000000, 0x0000000743100000, 0x0000000743100000|100%| O|  |TS  0|AC  0|TAMS 0x0000000743100000, 0x0000000743100000|
|  49|0x0000000743100000, 0x0000000743200000, 0x0000000743200000|100%| O|  |TS  0|AC  0|TAMS 0x0000000743200000, 0x0000000743200000|
|  50|0x0000000743200000, 0x0000000743300000, 0x0000000743300000|100%| O|  |TS  0|AC  0|TAMS 0x0000000743300000, 0x0000000743300000|
|  51|0x0000000743300000, 0x0000000743400000, 0x0000000743400000|100%| O|  |TS  0|AC  0|TAMS 0x0000000743400000, 0x0000000743400000|
|  52|0x0000000743400000, 0x0000000743500000, 0x0000000743500000|100%| O|  |TS  0|AC  0|TAMS 0x0000000743500000, 0x0000000743500000|
|  53|0x0000000743500000, 0x0000000743600000, 0x0000000743600000|100%| O|  |TS  0|AC  0|TAMS 0x0000000743600000, 0x0000000743600000|
|  54|0x0000000743600000, 0x0000000743700000, 0x0000000743700000|100%| O|  |TS  0|AC  0|TAMS 0x0000000743700000, 0x0000000743700000|
|  55|0x0000000743700000, 0x0000000743800000, 0x0000000743800000|100%| O|  |TS  0|AC  0|TAMS 0x0000000743800000, 0x0000000743800000|
|  56|0x0000000743800000, 0x0000000743900000, 0x0000000743900000|100%| O|  |TS  0|AC  0|TAMS 0x0000000743900000, 0x0000000743900000|
|  57|0x0000000743900000, 0x0000000743a00000, 0x0000000743a00000|100%| O|  |TS  0|AC  0|TAMS 0x0000000743a00000, 0x0000000743a00000|
|  58|0x0000000743a00000, 0x0000000743b00000, 0x0000000743b00000|100%| O|  |TS  0|AC  0|TAMS 0x0000000743b00000, 0x0000000743b00000|
|  59|0x0000000743b00000, 0x0000000743c00000, 0x0000000743c00000|100%| O|  |TS  0|AC  0|TAMS 0x0000000743c00000, 0x0000000743c00000|
|  60|0x0000000743c00000, 0x0000000743d00000, 0x0000000743d00000|100%| O|  |TS  0|AC  0|TAMS 0x0000000743d00000, 0x0000000743d00000|
|  61|0x0000000743d00000, 0x0000000743e00000, 0x0000000743e00000|100%| O|  |TS  0|AC  0|TAMS 0x0000000743e00000, 0x0000000743e00000|
|  62|0x0000000743e00000, 0x0000000743f00000, 0x0000000743f00000|100%| O|  |TS  0|AC  0|TAMS 0x0000000743f00000, 0x0000000743f00000|
|  63|0x0000000743f00000, 0x0000000744000000, 0x0000000744000000|100%| O|  |TS  0|AC  0|TAMS 0x0000000744000000, 0x0000000744000000|
|  64|0x0000000744000000, 0x0000000744100000, 0x0000000744100000|100%| O|  |TS  0|AC  0|TAMS 0x0000000744100000, 0x0000000744100000|
|  65|0x0000000744100000, 0x0000000744200000, 0x0000000744200000|100%| O|  |TS  0|AC  0|TAMS 0x0000000744200000, 0x0000000744200000|
|  66|0x0000000744200000, 0x0000000744300000, 0x0000000744300000|100%| O|  |TS  0|AC  0|TAMS 0x0000000744300000, 0x0000000744300000|
|  67|0x0000000744300000, 0x0000000744400000, 0x0000000744400000|100%| O|  |TS  0|AC  0|TAMS 0x0000000744400000, 0x0000000744400000|
|  68|0x0000000744400000, 0x0000000744500000, 0x0000000744500000|100%| O|  |TS  0|AC  0|TAMS 0x0000000744500000, 0x0000000744500000|
|  69|0x0000000744500000, 0x0000000744600000, 0x0000000744600000|100%| O|  |TS  0|AC  0|TAMS 0x0000000744600000, 0x0000000744600000|
|  70|0x0000000744600000, 0x0000000744700000, 0x0000000744700000|100%| O|  |TS  0|AC  0|TAMS 0x0000000744700000, 0x0000000744700000|
|  71|0x0000000744700000, 0x0000000744800000, 0x0000000744800000|100%| O|  |TS  0|AC  0|TAMS 0x0000000744800000, 0x0000000744800000|
|  72|0x0000000744800000, 0x0000000744900000, 0x0000000744900000|100%| O|  |TS  0|AC  0|TAMS 0x0000000744900000, 0x0000000744900000|
|  73|0x0000000744900000, 0x0000000744a00000, 0x0000000744a00000|100%| O|  |TS  0|AC  0|TAMS 0x0000000744a00000, 0x0000000744a00000|
|  74|0x0000000744a00000, 0x0000000744b00000, 0x0000000744b00000|100%| O|  |TS  0|AC  0|TAMS 0x0000000744b00000, 0x0000000744b00000|
|  75|0x0000000744b00000, 0x0000000744c00000, 0x0000000744c00000|100%| O|  |TS  0|AC  0|TAMS 0x0000000744c00000, 0x0000000744c00000|
|  76|0x0000000744c00000, 0x0000000744d00000, 0x0000000744d00000|100%| O|  |TS  0|AC  0|TAMS 0x0000000744d00000, 0x0000000744d00000|
|  77|0x0000000744d00000, 0x0000000744e00000, 0x0000000744e00000|100%| O|  |TS  0|AC  0|TAMS 0x0000000744e00000, 0x0000000744e00000|
|  78|0x0000000744e00000, 0x0000000744f00000, 0x0000000744f00000|100%| O|  |TS  0|AC  0|TAMS 0x0000000744f00000, 0x0000000744f00000|
|  79|0x0000000744f00000, 0x0000000745000000, 0x0000000745000000|100%| O|  |TS  0|AC  0|TAMS 0x0000000745000000, 0x0000000745000000|
|  80|0x0000000745000000, 0x0000000745100000, 0x0000000745100000|100%| O|  |TS  0|AC  0|TAMS 0x0000000745100000, 0x0000000745100000|
|  81|0x0000000745100000, 0x0000000745200000, 0x0000000745200000|100%| O|  |TS  0|AC  0|TAMS 0x0000000745200000, 0x0000000745200000|
|  82|0x0000000745200000, 0x0000000745300000, 0x0000000745300000|100%| O|  |TS  0|AC  0|TAMS 0x0000000745300000, 0x0000000745300000|
|  83|0x0000000745300000, 0x0000000745400000, 0x0000000745400000|100%| O|  |TS  0|AC  0|TAMS 0x0000000745400000, 0x0000000745400000|
|  84|0x0000000745400000, 0x0000000745500000, 0x0000000745500000|100%| O|  |TS  0|AC  0|TAMS 0x0000000745500000, 0x0000000745500000|
|  85|0x0000000745500000, 0x0000000745600000, 0x0000000745600000|100%| O|  |TS  0|AC  0|TAMS 0x0000000745600000, 0x0000000745600000|
|  86|0x0000000745600000, 0x0000000745700000, 0x0000000745700000|100%| O|  |TS  0|AC  0|TAMS 0x0000000745700000, 0x0000000745700000|
|  87|0x0000000745700000, 0x0000000745800000, 0x0000000745800000|100%| O|  |TS  0|AC  0|TAMS 0x0000000745800000, 0x0000000745800000|
|  88|0x0000000745800000, 0x0000000745900000, 0x0000000745900000|100%| O|  |TS  0|AC  0|TAMS 0x0000000745900000, 0x0000000745900000|
|  89|0x0000000745900000, 0x0000000745a00000, 0x0000000745a00000|100%| O|  |TS  0|AC  0|TAMS 0x0000000745a00000, 0x0000000745a00000|
|  90|0x0000000745a00000, 0x0000000745b00000, 0x0000000745b00000|100%| O|  |TS  0|AC  0|TAMS 0x0000000745b00000, 0x0000000745b00000|
|  91|0x0000000745b00000, 0x0000000745c00000, 0x0000000745c00000|100%| O|  |TS  0|AC  0|TAMS 0x0000000745c00000, 0x0000000745c00000|
|  92|0x0000000745c00000, 0x0000000745d00000, 0x0000000745d00000|100%| O|  |TS  0|AC  0|TAMS 0x0000000745d00000, 0x0000000745d00000|
|  93|0x0000000745d00000, 0x0000000745e00000, 0x0000000745e00000|100%| O|  |TS  0|AC  0|TAMS 0x0000000745e00000, 0x0000000745e00000|
|  94|0x0000000745e00000, 0x0000000745f00000, 0x0000000745f00000|100%| O|  |TS  0|AC  0|TAMS 0x0000000745f00000, 0x0000000745f00000|
|  95|0x0000000745f00000, 0x0000000746000000, 0x0000000746000000|100%| O|  |TS  0|AC  0|TAMS 0x0000000746000000, 0x0000000746000000|
|  96|0x0000000746000000, 0x0000000746100000, 0x0000000746100000|100%| O|  |TS  0|AC  0|TAMS 0x0000000746100000, 0x0000000746100000|
|  97|0x0000000746100000, 0x0000000746200000, 0x0000000746200000|100%| O|  |TS  0|AC  0|TAMS 0x0000000746200000, 0x0000000746200000|
|  98|0x0000000746200000, 0x0000000746300000, 0x0000000746300000|100%| O|  |TS  0|AC  0|TAMS 0x0000000746300000, 0x0000000746300000|
|  99|0x0000000746300000, 0x0000000746400000, 0x0000000746400000|100%| O|  |TS  0|AC  0|TAMS 0x0000000746400000, 0x0000000746400000|
| 100|0x0000000746400000, 0x0000000746500000, 0x0000000746500000|100%| O|  |TS  0|AC  0|TAMS 0x0000000746500000, 0x0000000746500000|
| 101|0x0000000746500000, 0x0000000746600000, 0x0000000746600000|100%| O|  |TS  0|AC  0|TAMS 0x0000000746600000, 0x0000000746600000|
| 102|0x0000000746600000, 0x0000000746600000, 0x0000000746700000|  0%| F|  |TS  1|AC  0|TAMS 0x0000000746600000, 0x0000000746600000|
| 103|0x0000000746700000, 0x0000000746800000, 0x0000000746800000|100%| O|  |TS  1|AC  0|TAMS 0x0000000746700000, 0x0000000746800000|
| 104|0x0000000746800000, 0x0000000746900000, 0x0000000746900000|100%| O|  |TS  1|AC  0|TAMS 0x0000000746800000, 0x0000000746900000|
| 105|0x0000000746900000, 0x0000000746913200, 0x0000000746a00000|  7%| O|  |TS  1|AC  0|TAMS 0x0000000746900000, 0x0000000746913200|
| 106|0x0000000746a00000, 0x0000000746b00000, 0x0000000746b00000|100%|HS|  |TS  0|AC  0|TAMS 0x0000000746a00000, 0x0000000746a00000|
| 107|0x0000000746b00000, 0x0000000746c00000, 0x0000000746c00000|100%|HC|  |TS  0|AC  0|TAMS 0x0000000746b00000, 0x0000000746b00000|
| 108|0x0000000746c00000, 0x0000000746c00000, 0x0000000746d00000|  0%| F|  |TS  0|AC  0|TAMS 0x0000000746c00000, 0x0000000746c00000|
| 109|0x0000000746d00000, 0x0000000746d00000, 0x0000000746e00000|  0%| F|  |TS  0|AC  0|TAMS 0x0000000746d00000, 0x0000000746d00000|
| 110|0x0000000746e00000, 0x0000000746e00000, 0x0000000746f00000|  0%| F|  |TS  0|AC  0|TAMS 0x0000000746e00000, 0x0000000746e00000|
| 111|0x0000000746f00000, 0x0000000746f00000, 0x0000000747000000|  0%| F|  |TS  0|AC  0|TAMS 0x0000000746f00000, 0x0000000746f00000|
| 112|0x0000000747000000, 0x0000000747000000, 0x0000000747100000|  0%| F|  |TS  0|AC  0|TAMS 0x0000000747000000, 0x0000000747000000|
| 113|0x0000000747100000, 0x0000000747200000, 0x0000000747200000|100%|HS|  |TS  0|AC  0|TAMS 0x0000000747200000, 0x0000000747200000|
| 114|0x0000000747200000, 0x0000000747300000, 0x0000000747300000|100%|HC|  |TS  0|AC  0|TAMS 0x0000000747300000, 0x0000000747300000|
| 115|0x0000000747300000, 0x0000000747400000, 0x0000000747400000|100%|HS|  |TS  0|AC  0|TAMS 0x0000000747400000, 0x0000000747400000|
| 116|0x0000000747400000, 0x0000000747500000, 0x0000000747500000|100%|HC|  |TS  0|AC  0|TAMS 0x0000000747500000, 0x0000000747500000|
| 117|0x0000000747500000, 0x0000000747500000, 0x0000000747600000|  0%| F|  |TS  0|AC  0|TAMS 0x0000000747500000, 0x0000000747500000|
| 118|0x0000000747600000, 0x0000000747600000, 0x0000000747700000|  0%| F|  |TS  0|AC  0|TAMS 0x0000000747600000, 0x0000000747600000|
| 119|0x0000000747700000, 0x0000000747800000, 0x0000000747800000|100%|HS|  |TS  0|AC  0|TAMS 0x0000000747800000, 0x0000000747800000|
| 120|0x0000000747800000, 0x0000000747900000, 0x0000000747900000|100%|HC|  |TS  0|AC  0|TAMS 0x0000000747900000, 0x0000000747900000|
| 121|0x0000000747900000, 0x0000000747a00000, 0x0000000747a00000|100%|HS|  |TS  0|AC  0|TAMS 0x0000000747a00000, 0x0000000747a00000|
| 122|0x0000000747a00000, 0x0000000747b00000, 0x0000000747b00000|100%|HC|  |TS  0|AC  0|TAMS 0x0000000747b00000, 0x0000000747b00000|
| 123|0x0000000747b00000, 0x0000000747c00000, 0x0000000747c00000|100%| O|  |TS  0|AC  0|TAMS 0x0000000747c00000, 0x0000000747c00000|
| 124|0x0000000747c00000, 0x0000000747d00000, 0x0000000747d00000|100%| O|  |TS  0|AC  0|TAMS 0x0000000747d00000, 0x0000000747d00000|
| 125|0x0000000747d00000, 0x0000000747e00000, 0x0000000747e00000|100%| O|  |TS  1|AC  0|TAMS 0x0000000747dfb600, 0x0000000747e00000|
| 126|0x0000000747e00000, 0x0000000747e00000, 0x0000000747f00000|  0%| F|  |TS  0|AC  0|TAMS 0x0000000747e00000, 0x0000000747e00000|
| 127|0x0000000747f00000, 0x0000000747f00000, 0x0000000748000000|  0%| F|  |TS  0|AC  0|TAMS 0x0000000747f00000, 0x0000000747f00000|
| 128|0x0000000748000000, 0x0000000748000000, 0x0000000748100000|  0%| F|  |TS  0|AC  0|TAMS 0x0000000748000000, 0x0000000748000000|
| 129|0x0000000748100000, 0x0000000748100000, 0x0000000748200000|  0%| F|  |TS  0|AC  0|TAMS 0x0000000748100000, 0x0000000748100000|
| 130|0x0000000748200000, 0x0000000748200000, 0x0000000748300000|  0%| F|  |TS  0|AC  0|TAMS 0x0000000748200000, 0x0000000748200000|
| 131|0x0000000748300000, 0x0000000748300000, 0x0000000748400000|  0%| F|  |TS  0|AC  0|TAMS 0x0000000748300000, 0x0000000748300000|
| 132|0x0000000748400000, 0x0000000748400000, 0x0000000748500000|  0%| F|  |TS  0|AC  0|TAMS 0x0000000748400000, 0x0000000748400000|
| 133|0x0000000748500000, 0x0000000748500000, 0x0000000748600000|  0%| F|  |TS  0|AC  0|TAMS 0x0000000748500000, 0x0000000748500000|
| 134|0x0000000748600000, 0x0000000748600000, 0x0000000748700000|  0%| F|  |TS  0|AC  0|TAMS 0x0000000748600000, 0x0000000748600000|
| 135|0x0000000748700000, 0x0000000748700000, 0x0000000748800000|  0%| F|  |TS  0|AC  0|TAMS 0x0000000748700000, 0x0000000748700000|
| 136|0x0000000748800000, 0x0000000748800000, 0x0000000748900000|  0%| F|  |TS  0|AC  0|TAMS 0x0000000748800000, 0x0000000748800000|
| 137|0x0000000748900000, 0x0000000748900000, 0x0000000748a00000|  0%| F|  |TS  0|AC  0|TAMS 0x0000000748900000, 0x0000000748900000|
| 138|0x0000000748a00000, 0x0000000748a00000, 0x0000000748b00000|  0%| F|  |TS  0|AC  0|TAMS 0x0000000748a00000, 0x0000000748a00000|
| 139|0x0000000748b00000, 0x0000000748b00000, 0x0000000748c00000|  0%| F|  |TS  0|AC  0|TAMS 0x0000000748b00000, 0x0000000748b00000|
| 140|0x0000000748c00000, 0x0000000748c00000, 0x0000000748d00000|  0%| F|  |TS  0|AC  0|TAMS 0x0000000748c00000, 0x0000000748c00000|
| 141|0x0000000748d00000, 0x0000000748d00000, 0x0000000748e00000|  0%| F|  |TS  0|AC  0|TAMS 0x0000000748d00000, 0x0000000748d00000|
| 142|0x0000000748e00000, 0x0000000748e00000, 0x0000000748f00000|  0%| F|  |TS  0|AC  0|TAMS 0x0000000748e00000, 0x0000000748e00000|
| 143|0x0000000748f00000, 0x0000000748f00000, 0x0000000749000000|  0%| F|  |TS  0|AC  0|TAMS 0x0000000748f00000, 0x0000000748f00000|
| 144|0x0000000749000000, 0x0000000749000000, 0x0000000749100000|  0%| F|  |TS  0|AC  0|TAMS 0x0000000749000000, 0x0000000749000000|
| 145|0x0000000749100000, 0x0000000749100000, 0x0000000749200000|  0%| F|  |TS  0|AC  0|TAMS 0x0000000749100000, 0x0000000749100000|
| 146|0x0000000749200000, 0x0000000749200000, 0x0000000749300000|  0%| F|  |TS  0|AC  0|TAMS 0x0000000749200000, 0x0000000749200000|
| 147|0x0000000749300000, 0x0000000749300000, 0x0000000749400000|  0%| F|  |TS  0|AC  0|TAMS 0x0000000749300000, 0x0000000749300000|
| 148|0x0000000749400000, 0x0000000749400000, 0x0000000749500000|  0%| F|  |TS  0|AC  0|TAMS 0x0000000749400000, 0x0000000749400000|
| 149|0x0000000749500000, 0x0000000749500000, 0x0000000749600000|  0%| F|  |TS  0|AC  0|TAMS 0x0000000749500000, 0x0000000749500000|
| 150|0x0000000749600000, 0x0000000749600000, 0x0000000749700000|  0%| F|  |TS  0|AC  0|TAMS 0x0000000749600000, 0x0000000749600000|
| 151|0x0000000749700000, 0x0000000749700000, 0x0000000749800000|  0%| F|  |TS  0|AC  0|TAMS 0x0000000749700000, 0x0000000749700000|
| 152|0x0000000749800000, 0x0000000749800000, 0x0000000749900000|  0%| F|  |TS  0|AC  0|TAMS 0x0000000749800000, 0x0000000749800000|
| 153|0x0000000749900000, 0x0000000749900000, 0x0000000749a00000|  0%| F|  |TS  0|AC  0|TAMS 0x0000000749900000, 0x0000000749900000|
| 154|0x0000000749a00000, 0x0000000749a00000, 0x0000000749b00000|  0%| F|  |TS  0|AC  0|TAMS 0x0000000749a00000, 0x0000000749a00000|
| 155|0x0000000749b00000, 0x0000000749b00000, 0x0000000749c00000|  0%| F|  |TS  0|AC  0|TAMS 0x0000000749b00000, 0x0000000749b00000|
| 156|0x0000000749c00000, 0x0000000749c00000, 0x0000000749d00000|  0%| F|  |TS  0|AC  0|TAMS 0x0000000749c00000, 0x0000000749c00000|
| 157|0x0000000749d00000, 0x0000000749d00000, 0x0000000749e00000|  0%| F|  |TS  0|AC  0|TAMS 0x0000000749d00000, 0x0000000749d00000|
| 158|0x0000000749e00000, 0x0000000749e00000, 0x0000000749f00000|  0%| F|  |TS  0|AC  0|TAMS 0x0000000749e00000, 0x0000000749e00000|
| 159|0x0000000749f00000, 0x0000000749f00000, 0x000000074a000000|  0%| F|  |TS  0|AC  0|TAMS 0x0000000749f00000, 0x0000000749f00000|
| 160|0x000000074a000000, 0x000000074a000000, 0x000000074a100000|  0%| F|  |TS  0|AC  0|TAMS 0x000000074a000000, 0x000000074a000000|
| 161|0x000000074a100000, 0x000000074a100000, 0x000000074a200000|  0%| F|  |TS  0|AC  0|TAMS 0x000000074a100000, 0x000000074a100000|
| 162|0x000000074a200000, 0x000000074a200000, 0x000000074a300000|  0%| F|  |TS  0|AC  0|TAMS 0x000000074a200000, 0x000000074a200000|
| 163|0x000000074a300000, 0x000000074a300000, 0x000000074a400000|  0%| F|  |TS  0|AC  0|TAMS 0x000000074a300000, 0x000000074a300000|
| 164|0x000000074a400000, 0x000000074a400000, 0x000000074a500000|  0%| F|  |TS  0|AC  0|TAMS 0x000000074a400000, 0x000000074a400000|
| 165|0x000000074a500000, 0x000000074a500000, 0x000000074a600000|  0%| F|  |TS  0|AC  0|TAMS 0x000000074a500000, 0x000000074a500000|
| 166|0x000000074a600000, 0x000000074a600000, 0x000000074a700000|  0%| F|  |TS  0|AC  0|TAMS 0x000000074a600000, 0x000000074a600000|
| 167|0x000000074a700000, 0x000000074a700000, 0x000000074a800000|  0%| F|  |TS  0|AC  0|TAMS 0x000000074a700000, 0x000000074a700000|
| 168|0x000000074a800000, 0x000000074a800000, 0x000000074a900000|  0%| F|  |TS  0|AC  0|TAMS 0x000000074a800000, 0x000000074a800000|
| 169|0x000000074a900000, 0x000000074a900000, 0x000000074aa00000|  0%| F|  |TS  0|AC  0|TAMS 0x000000074a900000, 0x000000074a900000|
| 170|0x000000074aa00000, 0x000000074aa00000, 0x000000074ab00000|  0%| F|  |TS  0|AC  0|TAMS 0x000000074aa00000, 0x000000074aa00000|
| 171|0x000000074ab00000, 0x000000074ab00000, 0x000000074ac00000|  0%| F|  |TS  0|AC  0|TAMS 0x000000074ab00000, 0x000000074ab00000|
| 172|0x000000074ac00000, 0x000000074ac00000, 0x000000074ad00000|  0%| F|  |TS  0|AC  0|TAMS 0x000000074ac00000, 0x000000074ac00000|
| 173|0x000000074ad00000, 0x000000074ad00000, 0x000000074ae00000|  0%| F|  |TS  0|AC  0|TAMS 0x000000074ad00000, 0x000000074ad00000|
| 174|0x000000074ae00000, 0x000000074ae00000, 0x000000074af00000|  0%| F|  |TS  0|AC  0|TAMS 0x000000074ae00000, 0x000000074ae00000|
| 175|0x000000074af00000, 0x000000074af00000, 0x000000074b000000|  0%| F|  |TS  0|AC  0|TAMS 0x000000074af00000, 0x000000074af00000|
| 176|0x000000074b000000, 0x000000074b000000, 0x000000074b100000|  0%| F|  |TS  0|AC  0|TAMS 0x000000074b000000, 0x000000074b000000|
| 177|0x000000074b100000, 0x000000074b100000, 0x000000074b200000|  0%| F|  |TS  0|AC  0|TAMS 0x000000074b100000, 0x000000074b100000|
| 178|0x000000074b200000, 0x000000074b200000, 0x000000074b300000|  0%| F|  |TS  0|AC  0|TAMS 0x000000074b200000, 0x000000074b200000|
| 179|0x000000074b300000, 0x000000074b300000, 0x000000074b400000|  0%| F|  |TS  0|AC  0|TAMS 0x000000074b300000, 0x000000074b300000|
| 180|0x000000074b400000, 0x000000074b400000, 0x000000074b500000|  0%| F|  |TS  0|AC  0|TAMS 0x000000074b400000, 0x000000074b400000|
| 181|0x000000074b500000, 0x000000074b500000, 0x000000074b600000|  0%| F|  |TS  0|AC  0|TAMS 0x000000074b500000, 0x000000074b500000|
| 182|0x000000074b600000, 0x000000074b600000, 0x000000074b700000|  0%| F|  |TS  0|AC  0|TAMS 0x000000074b600000, 0x000000074b600000|
| 183|0x000000074b700000, 0x000000074b700000, 0x000000074b800000|  0%| F|  |TS  0|AC  0|TAMS 0x000000074b700000, 0x000000074b700000|
| 184|0x000000074b800000, 0x000000074b800000, 0x000000074b900000|  0%| F|  |TS  0|AC  0|TAMS 0x000000074b800000, 0x000000074b800000|
| 185|0x000000074b900000, 0x000000074b900000, 0x000000074ba00000|  0%| F|  |TS  0|AC  0|TAMS 0x000000074b900000, 0x000000074b900000|
| 186|0x000000074ba00000, 0x000000074ba00000, 0x000000074bb00000|  0%| F|  |TS  0|AC  0|TAMS 0x000000074ba00000, 0x000000074ba00000|
| 187|0x000000074bb00000, 0x000000074bb00000, 0x000000074bc00000|  0%| F|  |TS  0|AC  0|TAMS 0x000000074bb00000, 0x000000074bb00000|
| 188|0x000000074bc00000, 0x000000074bc00000, 0x000000074bd00000|  0%| F|  |TS  0|AC  0|TAMS 0x000000074bc00000, 0x000000074bc00000|
| 189|0x000000074bd00000, 0x000000074bd00000, 0x000000074be00000|  0%| F|  |TS  0|AC  0|TAMS 0x000000074bd00000, 0x000000074bd00000|
| 190|0x000000074be00000, 0x000000074be00000, 0x000000074bf00000|  0%| F|  |TS  0|AC  0|TAMS 0x000000074be00000, 0x000000074be00000|
| 191|0x000000074bf00000, 0x000000074bf00000, 0x000000074c000000|  0%| F|  |TS  0|AC  0|TAMS 0x000000074bf00000, 0x000000074bf00000|
| 192|0x000000074c000000, 0x000000074c000000, 0x000000074c100000|  0%| F|  |TS  0|AC  0|TAMS 0x000000074c000000, 0x000000074c000000|
| 193|0x000000074c100000, 0x000000074c100000, 0x000000074c200000|  0%| F|  |TS  0|AC  0|TAMS 0x000000074c100000, 0x000000074c100000|
| 194|0x000000074c200000, 0x000000074c200000, 0x000000074c300000|  0%| F|  |TS  0|AC  0|TAMS 0x000000074c200000, 0x000000074c200000|
| 195|0x000000074c300000, 0x000000074c300000, 0x000000074c400000|  0%| F|  |TS  0|AC  0|TAMS 0x000000074c300000, 0x000000074c300000|
| 196|0x000000074c400000, 0x000000074c400000, 0x000000074c500000|  0%| F|  |TS  0|AC  0|TAMS 0x000000074c400000, 0x000000074c400000|
| 197|0x000000074c500000, 0x000000074c500000, 0x000000074c600000|  0%| F|  |TS  0|AC  0|TAMS 0x000000074c500000, 0x000000074c500000|
| 198|0x000000074c600000, 0x000000074c600000, 0x000000074c700000|  0%| F|  |TS  0|AC  0|TAMS 0x000000074c600000, 0x000000074c600000|
| 199|0x000000074c700000, 0x000000074c700000, 0x000000074c800000|  0%| F|  |TS  0|AC  0|TAMS 0x000000074c700000, 0x000000074c700000|
| 200|0x000000074c800000, 0x000000074c800000, 0x000000074c900000|  0%| F|  |TS  0|AC  0|TAMS 0x000000074c800000, 0x000000074c800000|
| 201|0x000000074c900000, 0x000000074c900000, 0x000000074ca00000|  0%| F|  |TS  0|AC  0|TAMS 0x000000074c900000, 0x000000074c900000|
| 202|0x000000074ca00000, 0x000000074ca00000, 0x000000074cb00000|  0%| F|  |TS  0|AC  0|TAMS 0x000000074ca00000, 0x000000074ca00000|
| 203|0x000000074cb00000, 0x000000074cb00000, 0x000000074cc00000|  0%| F|  |TS  0|AC  0|TAMS 0x000000074cb00000, 0x000000074cb00000|
| 204|0x000000074cc00000, 0x000000074cc00000, 0x000000074cd00000|  0%| F|  |TS  0|AC  0|TAMS 0x000000074cc00000, 0x000000074cc00000|
| 205|0x000000074cd00000, 0x000000074cd00000, 0x000000074ce00000|  0%| F|  |TS  0|AC  0|TAMS 0x000000074cd00000, 0x000000074cd00000|
| 206|0x000000074ce00000, 0x000000074ce00000, 0x000000074cf00000|  0%| F|  |TS  0|AC  0|TAMS 0x000000074ce00000, 0x000000074ce00000|
| 207|0x000000074cf00000, 0x000000074cf00000, 0x000000074d000000|  0%| F|  |TS  0|AC  0|TAMS 0x000000074cf00000, 0x000000074cf00000|
| 208|0x000000074d000000, 0x000000074d000000, 0x000000074d100000|  0%| F|  |TS  0|AC  0|TAMS 0x000000074d000000, 0x000000074d000000|
| 209|0x000000074d100000, 0x000000074d18e728, 0x000000074d200000| 55%| S|CS|TS  1|AC  0|TAMS 0x000000074d100000, 0x000000074d100000|
| 210|0x000000074d200000, 0x000000074d300000, 0x000000074d300000|100%| S|CS|TS  1|AC  0|TAMS 0x000000074d200000, 0x000000074d200000|
| 211|0x000000074d300000, 0x000000074d400000, 0x000000074d400000|100%| S|CS|TS  1|AC  0|TAMS 0x000000074d300000, 0x000000074d300000|
| 212|0x000000074d400000, 0x000000074d400000, 0x000000074d500000|  0%| F|  |TS  1|AC  0|TAMS 0x000000074d400000, 0x000000074d400000|
| 213|0x000000074d500000, 0x000000074d500000, 0x000000074d600000|  0%| F|  |TS  1|AC  0|TAMS 0x000000074d500000, 0x000000074d500000|
| 214|0x000000074d600000, 0x000000074d600000, 0x000000074d700000|  0%| F|  |TS  1|AC  0|TAMS 0x000000074d600000, 0x000000074d600000|
| 215|0x000000074d700000, 0x000000074d700000, 0x000000074d800000|  0%| F|  |TS  1|AC  0|TAMS 0x000000074d700000, 0x000000074d700000|
| 216|0x000000074d800000, 0x000000074d900000, 0x000000074d900000|100%| S|CS|TS  1|AC  0|TAMS 0x000000074d800000, 0x000000074d800000|
| 217|0x000000074d900000, 0x000000074d900000, 0x000000074da00000|  0%| F|  |TS  1|AC  0|TAMS 0x000000074d900000, 0x000000074d900000|
| 218|0x000000074da00000, 0x000000074da00000, 0x000000074db00000|  0%| F|  |TS  1|AC  0|TAMS 0x000000074da00000, 0x000000074da00000|
| 219|0x000000074db00000, 0x000000074db00000, 0x000000074dc00000|  0%| F|  |TS  1|AC  0|TAMS 0x000000074db00000, 0x000000074db00000|
| 220|0x000000074dc00000, 0x000000074dc00000, 0x000000074dd00000|  0%| F|  |TS  1|AC  0|TAMS 0x000000074dc00000, 0x000000074dc00000|
| 221|0x000000074dd00000, 0x000000074dd00000, 0x000000074de00000|  0%| F|  |TS  1|AC  0|TAMS 0x000000074dd00000, 0x000000074dd00000|
| 222|0x000000074de00000, 0x000000074de00000, 0x000000074df00000|  0%| F|  |TS  1|AC  0|TAMS 0x000000074de00000, 0x000000074de00000|
| 223|0x000000074df00000, 0x000000074df00000, 0x000000074e000000|  0%| F|  |TS  1|AC  0|TAMS 0x000000074df00000, 0x000000074df00000|
| 224|0x000000074e000000, 0x000000074e000000, 0x000000074e100000|  0%| F|  |TS  1|AC  0|TAMS 0x000000074e000000, 0x000000074e000000|
| 225|0x000000074e100000, 0x000000074e100000, 0x000000074e200000|  0%| F|  |TS  1|AC  0|TAMS 0x000000074e100000, 0x000000074e100000|
| 226|0x000000074e200000, 0x000000074e200000, 0x000000074e300000|  0%| F|  |TS  1|AC  0|TAMS 0x000000074e200000, 0x000000074e200000|
| 227|0x000000074e300000, 0x000000074e300000, 0x000000074e400000|  0%| F|  |TS  1|AC  0|TAMS 0x000000074e300000, 0x000000074e300000|
| 228|0x000000074e400000, 0x000000074e400000, 0x000000074e500000|  0%| F|  |TS  1|AC  0|TAMS 0x000000074e400000, 0x000000074e400000|
| 229|0x000000074e500000, 0x000000074e500000, 0x000000074e600000|  0%| F|  |TS  1|AC  0|TAMS 0x000000074e500000, 0x000000074e500000|
| 230|0x000000074e600000, 0x000000074e600000, 0x000000074e700000|  0%| F|  |TS  1|AC  0|TAMS 0x000000074e600000, 0x000000074e600000|
| 231|0x000000074e700000, 0x000000074e7f9a30, 0x000000074e800000| 97%| E|  |TS  1|AC  0|TAMS 0x000000074e700000, 0x000000074e700000|
| 232|0x000000074e800000, 0x000000074e900000, 0x000000074e900000|100%| E|CS|TS  1|AC  0|TAMS 0x000000074e800000, 0x000000074e800000|
| 233|0x000000074e900000, 0x000000074ea00000, 0x000000074ea00000|100%| E|CS|TS  1|AC  0|TAMS 0x000000074e900000, 0x000000074e900000|
| 234|0x000000074ea00000, 0x000000074eb00000, 0x000000074eb00000|100%| E|CS|TS  1|AC  0|TAMS 0x000000074ea00000, 0x000000074ea00000|

Card table byte_map: [0x000000011d402000,0x000000011d802000] byte_map_base: 0x0000000119a02000

Marking Bits (Prev, Next): (CMBitMap*) 0x00007ffd94824e70, (CMBitMap*) 0x00007ffd94824ea8
 Prev Bits: [0x000000011dc02000, 0x000000011fc02000)
 Next Bits: [0x000000011fc02000, 0x0000000121c02000)

Polling page: 0x0000000104fef000

CodeHeap 'non-profiled nmethods': size=120032Kb used=1574Kb max_used=1728Kb free=118458Kb
 bounds [0x00000001156ca000, 0x000000011593a000, 0x000000011cc02000]
CodeHeap 'profiled nmethods': size=120032Kb used=8955Kb max_used=9573Kb free=111076Kb
 bounds [0x000000010e192000, 0x000000010eb12000, 0x00000001156ca000]
CodeHeap 'non-nmethods': size=5696Kb used=1801Kb max_used=1812Kb free=3895Kb
 bounds [0x000000010dc02000, 0x000000010de72000, 0x000000010e192000]
 total_blobs=6894 nmethods=4152 adapters=1222
 compilation: enabled

Compilation events (10 events):
Event: 23.234 Thread 0x00007ffd95876800 nmethod 4637 0x00000001156f6610 code [0x00000001156f67c0, 0x00000001156f68d0]
Event: 23.234 Thread 0x00007ffd95876800 4638       3       java.text.DecimalFormat::subformat (1238 bytes)
Event: 23.254 Thread 0x00007ffd9600e000 4650       4       java.lang.Math::max (45 bytes)
Event: 23.256 Thread 0x00007ffd9600e000 nmethod 4650 0x000000011571b990 code [0x000000011571bb40, 0x000000011571bc38]
Event: 23.256 Thread 0x00007ffd95876800 nmethod 4638 0x000000010eaede90 code [0x000000010eaee580, 0x000000010eaf7378]
Event: 23.256 Thread 0x00007ffd95876800 4651       3       java.awt.geom.AffineTransform::calculateType (536 bytes)
Event: 23.259 Thread 0x00007ffd95876800 nmethod 4651 0x000000010e1c6510 code [0x000000010e1c67e0, 0x000000010e1c77f8]
Event: 23.259 Thread 0x00007ffd95876800 4645       3       sun.java2d.marlin.MarlinRenderingEngine$NormalizingPathIterator::currentSegment (284 bytes)
Event: 23.259 Thread 0x00007ffd95876800 nmethod 4645 0x000000010e1bca10 code [0x000000010e1bcc60, 0x000000010e1bd3f8]
Event: 23.259 Thread 0x00007ffd95876800 4646       3       sun.java2d.marlin.MarlinRenderingEngine$NormalizingPathIterator::next (10 bytes)

GC Heap History (10 events):
Event: 17.806 GC heap before
{Heap before GC invocations=10 (full 0):
 garbage-first heap   total 157696K, used 96256K [0x0000000740000000, 0x00000007401004d0, 0x00000007c0000000)
  region size 1024K, 26 young (26624K), 2 survivors (2048K)
 Metaspace       used 38112K, capacity 39422K, committed 39580K, reserved 1081344K
  class space    used 6567K, capacity 6849K, committed 6868K, reserved 1048576K
}
Event: 17.910 GC heap after
{Heap after GC invocations=11 (full 0):
 garbage-first heap   total 157696K, used 96242K [0x0000000740000000, 0x00000007401004d0, 0x00000007c0000000)
  region size 1024K, 4 young (4096K), 4 survivors (4096K)
 Metaspace       used 38112K, capacity 39422K, committed 39580K, reserved 1081344K
  class space    used 6567K, capacity 6849K, committed 6868K, reserved 1048576K
}
Event: 18.260 GC heap before
{Heap before GC invocations=11 (full 0):
 garbage-first heap   total 157696K, used 107506K [0x0000000740000000, 0x00000007401004d0, 0x00000007c0000000)
  region size 1024K, 15 young (15360K), 4 survivors (4096K)
 Metaspace       used 38309K, capacity 39646K, committed 39964K, reserved 1083392K
  class space    used 6588K, capacity 6881K, committed 6996K, reserved 1048576K
}
Event: 18.410 GC heap after
{Heap after GC invocations=12 (full 0):
 garbage-first heap   total 157696K, used 106496K [0x0000000740000000, 0x00000007401004d0, 0x00000007c0000000)
  region size 1024K, 2 young (2048K), 2 survivors (2048K)
 Metaspace       used 38309K, capacity 39646K, committed 39964K, reserved 1083392K
  class space    used 6588K, capacity 6881K, committed 6996K, reserved 1048576K
}
Event: 19.556 GC heap before
{Heap before GC invocations=13 (full 0):
 garbage-first heap   total 157696K, used 138240K [0x0000000740000000, 0x00000007401004d0, 0x00000007c0000000)
  region size 1024K, 13 young (13312K), 2 survivors (2048K)
 Metaspace       used 38741K, capacity 40040K, committed 40476K, reserved 1083392K
  class space    used 6610K, capacity 6882K, committed 6996K, reserved 1048576K
}
Event: 19.615 GC heap after
{Heap after GC invocations=14 (full 0):
 garbage-first heap   total 240640K, used 130560K [0x0000000740000000, 0x0000000740100758, 0x00000007c0000000)
  region size 1024K, 2 young (2048K), 2 survivors (2048K)
 Metaspace       used 38741K, capacity 40040K, committed 40476K, reserved 1083392K
  class space    used 6610K, capacity 6882K, committed 6996K, reserved 1048576K
}
Event: 20.512 GC heap before
{Heap before GC invocations=14 (full 0):
 garbage-first heap   total 240640K, used 148992K [0x0000000740000000, 0x0000000740100758, 0x00000007c0000000)
  region size 1024K, 21 young (21504K), 2 survivors (2048K)
 Metaspace       used 40825K, capacity 42144K, committed 42396K, reserved 1085440K
  class space    used 6839K, capacity 7114K, committed 7124K, reserved 1048576K
}
Event: 20.525 GC heap after
{Heap after GC invocations=15 (full 0):
 garbage-first heap   total 240640K, used 119789K [0x0000000740000000, 0x0000000740100758, 0x00000007c0000000)
  region size 1024K, 4 young (4096K), 4 survivors (4096K)
 Metaspace       used 40825K, capacity 42144K, committed 42396K, reserved 1085440K
  class space    used 6839K, capacity 7114K, committed 7124K, reserved 1048576K
}
Event: 22.681 GC heap before
{Heap before GC invocations=16 (full 0):
 garbage-first heap   total 240640K, used 138221K [0x0000000740000000, 0x0000000740100758, 0x00000007c0000000)
  region size 1024K, 22 young (22528K), 4 survivors (4096K)
 Metaspace       used 44817K, capacity 46163K, committed 46620K, reserved 1089536K
  class space    used 7135K, capacity 7428K, committed 7508K, reserved 1048576K
}
Event: 22.703 GC heap after
{Heap after GC invocations=17 (full 0):
 garbage-first heap   total 240640K, used 113286K [0x0000000740000000, 0x0000000740100758, 0x00000007c0000000)
  region size 1024K, 4 young (4096K), 4 survivors (4096K)
 Metaspace       used 44817K, capacity 46163K, committed 46620K, reserved 1089536K
  class space    used 7135K, capacity 7428K, committed 7508K, reserved 1048576K
}

Deoptimization events (10 events):
Event: 22.660 Thread 0x00007ffd99170000 Uncommon trap: reason=class_check action=maybe_recompile pc=0x0000000115749fe8 method=java.nio.DirectByteBuffer.<init>(Lsun/nio/ch/DirectBuffer;IIIII)V @ 12 c2
Event: 22.680 Thread 0x00007ffd99170000 Uncommon trap: reason=predicate action=maybe_recompile pc=0x000000011584b0e4 method=java.util.ArrayList.remove(Ljava/lang/Object;)Z @ 49 c2
Event: 22.759 Thread 0x00007ffd9a86b000 Uncommon trap: reason=class_check action=maybe_recompile pc=0x0000000115749fe8 method=java.nio.DirectByteBuffer.<init>(Lsun/nio/ch/DirectBuffer;IIIII)V @ 12 c2
Event: 22.759 Thread 0x00007ffd9a86b000 Uncommon trap: reason=class_check action=maybe_recompile pc=0x0000000115749fe8 method=java.nio.DirectByteBuffer.<init>(Lsun/nio/ch/DirectBuffer;IIIII)V @ 12 c2
Event: 22.770 Thread 0x00007ffd9a86b000 Uncommon trap: reason=class_check action=maybe_recompile pc=0x0000000115749fe8 method=java.nio.DirectByteBuffer.<init>(Lsun/nio/ch/DirectBuffer;IIIII)V @ 12 c2
Event: 22.886 Thread 0x00007ffd99170000 Uncommon trap: reason=unstable_if action=reinterpret pc=0x00000001157be214 method=jdk.internal.org.objectweb.asm.Type.getArgumentsAndReturnSizes(Ljava/lang/String;)I @ 47 c2
Event: 23.049 Thread 0x00007ffd99170000 Uncommon trap: reason=class_check action=maybe_recompile pc=0x0000000115874028 method=sun.util.logging.PlatformLogger.isLoggable(Lsun/util/logging/PlatformLogger$Level;)Z @ 17 c2
Event: 23.050 Thread 0x00007ffd99170000 Uncommon trap: reason=class_check action=maybe_recompile pc=0x0000000115874028 method=sun.util.logging.PlatformLogger.isLoggable(Lsun/util/logging/PlatformLogger$Level;)Z @ 17 c2
Event: 23.050 Thread 0x00007ffd99170000 Uncommon trap: reason=class_check action=maybe_recompile pc=0x0000000115874028 method=sun.util.logging.PlatformLogger.isLoggable(Lsun/util/logging/PlatformLogger$Level;)Z @ 17 c2
Event: 23.050 Thread 0x00007ffd99170000 Uncommon trap: reason=class_check action=maybe_recompile pc=0x0000000115874028 method=sun.util.logging.PlatformLogger.isLoggable(Lsun/util/logging/PlatformLogger$Level;)Z @ 17 c2

Classes redefined (0 events):
No events

Internal exceptions (10 events):
Event: 20.429 Thread 0x00007ffd99170000 Exception <a 'sun/nio/fs/UnixException'{0x000000074dd3af78}> (0x000000074dd3af78) thrown at [/scratch/mesos/slaves/5af44a71-976a-41b7-81de-5773b84ec572-S38393/frameworks/1735e8a2-a1db-478c-8104-60c8b0af87dd-0196/executors/8b855640-c399-41ea-b65f-52272e574
Event: 20.448 Thread 0x00007ffd99170000 Exception <a 'sun/nio/fs/UnixException'{0x000000074dc982a8}> (0x000000074dc982a8) thrown at [/scratch/mesos/slaves/5af44a71-976a-41b7-81de-5773b84ec572-S38393/frameworks/1735e8a2-a1db-478c-8104-60c8b0af87dd-0196/executors/8b855640-c399-41ea-b65f-52272e574
Event: 22.885 Thread 0x00007ffd99170000 Exception <a 'java/lang/NoSuchMethodError'{0x000000074ea3a8e8}: method resolution failed> (0x000000074ea3a8e8) thrown at [/scratch/mesos/slaves/5af44a71-976a-41b7-81de-5773b84ec572-S38393/frameworks/1735e8a2-a1db-478c-8104-60c8b0af87dd-0196/executors/8b85
Event: 22.887 Thread 0x00007ffd99170000 Exception <a 'java/lang/NoSuchMethodError'{0x000000074ea424c0}: method resolution failed> (0x000000074ea424c0) thrown at [/scratch/mesos/slaves/5af44a71-976a-41b7-81de-5773b84ec572-S38393/frameworks/1735e8a2-a1db-478c-8104-60c8b0af87dd-0196/executors/8b85
Event: 22.888 Thread 0x00007ffd99170000 Exception <a 'java/lang/NoSuchMethodError'{0x000000074ea467a8}: method resolution failed> (0x000000074ea467a8) thrown at [/scratch/mesos/slaves/5af44a71-976a-41b7-81de-5773b84ec572-S38393/frameworks/1735e8a2-a1db-478c-8104-60c8b0af87dd-0196/executors/8b85
Event: 23.178 Thread 0x00007ffd99170000 Exception <a 'java/lang/NoSuchMethodError'{0x000000074e8b4d88}: method resolution failed> (0x000000074e8b4d88) thrown at [/scratch/mesos/slaves/5af44a71-976a-41b7-81de-5773b84ec572-S38393/frameworks/1735e8a2-a1db-478c-8104-60c8b0af87dd-0196/executors/8b85
Event: 23.191 Thread 0x00007ffd99170000 Exception <a 'java/lang/NoSuchMethodError'{0x000000074e8bb3d0}: java.lang.invoke.DirectMethodHandle$Holder.invokeStatic(Ljava/lang/Object;Ljava/lang/Object;IIII)Ljava/lang/Object;> (0x000000074e8bb3d0) thrown at [/scratch/mesos/slaves/5af44a71-976a-41b7-8
Event: 23.192 Thread 0x00007ffd99170000 Exception <a 'java/lang/NoSuchMethodError'{0x000000074e8bf1b0}: method resolution failed> (0x000000074e8bf1b0) thrown at [/scratch/mesos/slaves/5af44a71-976a-41b7-81de-5773b84ec572-S38393/frameworks/1735e8a2-a1db-478c-8104-60c8b0af87dd-0196/executors/8b85
Event: 23.216 Thread 0x00007ffd99170000 Exception <a 'java/lang/NoSuchMethodError'{0x000000074e8dd020}: method resolution failed> (0x000000074e8dd020) thrown at [/scratch/mesos/slaves/5af44a71-976a-41b7-81de-5773b84ec572-S38393/frameworks/1735e8a2-a1db-478c-8104-60c8b0af87dd-0196/executors/8b85
Event: 23.220 Thread 0x00007ffd99170000 Exception <a 'java/lang/NoSuchMethodError'{0x000000074e8e4998}: java.lang.invoke.DirectMethodHandle$Holder.invokeSpecial(Ljava/lang/Object;Ljava/lang/Object;ILjava/lang/Object;Ljava/lang/Object;)Ljava/lang/Object;> (0x000000074e8e4998) thrown at [/scratch

Events (10 events):
Event: 23.251 loading class jogamp/opengl/awt/AWTThreadingPlugin
Event: 23.251 loading class jogamp/opengl/awt/AWTThreadingPlugin done
Event: 23.251 loading class jogamp/opengl/ToolkitThreadingPlugin
Event: 23.251 loading class jogamp/opengl/ToolkitThreadingPlugin done
Event: 23.252 loading class jogamp/opengl/awt/AWTThreadingPlugin$1
Event: 23.252 loading class jogamp/opengl/awt/AWTThreadingPlugin$1 done
Event: 23.255 loading class com/jogamp/nativewindow/awt/JAWTWindow$JAWTComponentListener$2
Event: 23.255 loading class com/jogamp/nativewindow/awt/JAWTWindow$JAWTComponentListener$2 done
Event: 23.259 loading class jogamp/nativewindow/jawt/macosx/MacOSXJAWTWindow$1
Event: 23.259 loading class jogamp/nativewindow/jawt/macosx/MacOSXJAWTWindow$1 done


Dynamic libraries:
0x00007fff4bbb7000 	/System/Library/Frameworks/Cocoa.framework/Versions/A/Cocoa
0x00007fff581b7000 	/System/Library/Frameworks/Security.framework/Versions/A/Security
0x00007fff4a7fb000 	/System/Library/Frameworks/ApplicationServices.framework/Versions/A/ApplicationServices
0x00007fff74597000 	/usr/lib/libz.1.dylib
0x00007fff72453000 	/usr/lib/libSystem.B.dylib
0x00007fff4c37a000 	/System/Library/Frameworks/CoreFoundation.framework/Versions/A/CoreFoundation
0x00007fff4e4e5000 	/System/Library/Frameworks/Foundation.framework/Versions/C/Foundation
0x00007fff73b84000 	/usr/lib/libobjc.A.dylib
0x00007fff4994b000 	/System/Library/Frameworks/AppKit.framework/Versions/C/AppKit
0x00007fff4bf2f000 	/System/Library/Frameworks/CoreData.framework/Versions/A/CoreData
0x00007fff6bda7000 	/System/Library/PrivateFrameworks/RemoteViewServices.framework/Versions/A/RemoteViewServices
0x00007fff704f8000 	/System/Library/PrivateFrameworks/UIFoundation.framework/Versions/A/UIFoundation
0x00007fff60c09000 	/System/Library/PrivateFrameworks/DFRFoundation.framework/Versions/A/DFRFoundation
0x00007fff50b2d000 	/System/Library/Frameworks/Metal.framework/Versions/A/Metal
0x00007fff60da6000 	/System/Library/PrivateFrameworks/DesktopServicesPriv.framework/Versions/A/DesktopServicesPriv
0x00007fff730da000 	/usr/lib/libenergytrace.dylib
0x00007fff6e56d000 	/System/Library/PrivateFrameworks/SkyLight.framework/Versions/A/SkyLight
0x00007fff4c816000 	/System/Library/Frameworks/CoreGraphics.framework/Versions/A/CoreGraphics
0x00007fff7244e000 	/usr/lib/libScreenReader.dylib
0x00007fff4865e000 	/System/Library/Frameworks/Accelerate.framework/Versions/A/Accelerate
0x00007fff4ec5e000 	/System/Library/Frameworks/IOSurface.framework/Versions/A/IOSurface
0x00007fff4ad45000 	/System/Library/Frameworks/AudioToolbox.framework/Versions/A/AudioToolbox
0x00007fff4afd4000 	/System/Library/Frameworks/AudioUnit.framework/Versions/A/AudioUnit
0x00007fff60ca1000 	/System/Library/PrivateFrameworks/DataDetectorsCore.framework/Versions/A/DataDetectorsCore
0x00007fff4b6aa000 	/System/Library/Frameworks/Carbon.framework/Versions/A/Frameworks/HIToolbox.framework/Versions/A/HIToolbox
0x00007fff73234000 	/usr/lib/libicucore.A.dylib
0x00007fff57738000 	/System/Library/Frameworks/QuartzCore.framework/Versions/A/QuartzCore
0x00007fff6d824000 	/System/Library/PrivateFrameworks/SignpostNotification.framework/Versions/A/SignpostNotification
0x00007fff4ba90000 	/System/Library/Frameworks/Carbon.framework/Versions/A/Frameworks/SpeechRecognition.framework/Versions/A/SpeechRecognition
0x00007fff72631000 	/usr/lib/libauto.dylib
0x00007fff74486000 	/usr/lib/libxml2.2.dylib
0x00007fff6085c000 	/System/Library/PrivateFrameworks/CoreUI.framework/Versions/A/CoreUI
0x00007fff4be0b000 	/System/Library/Frameworks/CoreAudio.framework/Versions/A/CoreAudio
0x00007fff4e31f000 	/System/Library/Frameworks/DiskArbitration.framework/Versions/A/DiskArbitration
0x00007fff734a8000 	/usr/lib/liblangid.dylib
0x00007fff682b7000 	/System/Library/PrivateFrameworks/MultitouchSupport.framework/Versions/A/MultitouchSupport
0x00007fff4ebc1000 	/System/Library/Frameworks/IOKit.framework/Versions/A/IOKit
0x00007fff720dd000 	/usr/lib/libDiagnosticMessagesClient.dylib
0x00007fff4d4fd000 	/System/Library/Frameworks/CoreServices.framework/Versions/A/CoreServices
0x00007fff69de5000 	/System/Library/PrivateFrameworks/PerformanceAnalysis.framework/Versions/A/PerformanceAnalysis
0x00007fff568da000 	/System/Library/Frameworks/OpenGL.framework/Versions/A/OpenGL
0x00007fff4bbc5000 	/System/Library/Frameworks/ColorSync.framework/Versions/A/ColorSync
0x00007fff4ce46000 	/System/Library/Frameworks/CoreImage.framework/Versions/A/CoreImage
0x00007fff4de8d000 	/System/Library/Frameworks/CoreText.framework/Versions/A/CoreText
0x00007fff4ecbc000 	/System/Library/Frameworks/ImageIO.framework/Versions/A/ImageIO
0x00007fff5cfa4000 	/System/Library/PrivateFrameworks/Backup.framework/Versions/A/Backup
0x00007fff724ff000 	/usr/lib/libarchive.2.dylib
0x00007fff4b2f6000 	/System/Library/Frameworks/CFNetwork.framework/Versions/A/CFNetwork
0x00007fff58947000 	/System/Library/Frameworks/SystemConfiguration.framework/Versions/A/SystemConfiguration
0x00007fff72006000 	/usr/lib/libCRFSuite.dylib
0x00007fff7270a000 	/usr/lib/libc++.1.dylib
0x00007fff72761000 	/usr/lib/libc++abi.dylib
0x00007fff74645000 	/usr/lib/system/libcache.dylib
0x00007fff7464a000 	/usr/lib/system/libcommonCrypto.dylib
0x00007fff74655000 	/usr/lib/system/libcompiler_rt.dylib
0x00007fff7465d000 	/usr/lib/system/libcopyfile.dylib
0x00007fff74667000 	/usr/lib/system/libcorecrypto.dylib
0x00007fff74774000 	/usr/lib/system/libdispatch.dylib
0x00007fff747ae000 	/usr/lib/system/libdyld.dylib
0x00007fff747cc000 	/usr/lib/system/libkeymgr.dylib
0x00007fff747da000 	/usr/lib/system/liblaunch.dylib
0x00007fff747db000 	/usr/lib/system/libmacho.dylib
0x00007fff747e0000 	/usr/lib/system/libquarantine.dylib
0x00007fff747e3000 	/usr/lib/system/libremovefile.dylib
0x00007fff747e5000 	/usr/lib/system/libsystem_asl.dylib
0x00007fff747fd000 	/usr/lib/system/libsystem_blocks.dylib
0x00007fff747fe000 	/usr/lib/system/libsystem_c.dylib
0x00007fff74888000 	/usr/lib/system/libsystem_configuration.dylib
0x00007fff7488c000 	/usr/lib/system/libsystem_coreservices.dylib
0x00007fff74890000 	/usr/lib/system/libsystem_darwin.dylib
0x00007fff74892000 	/usr/lib/system/libsystem_dnssd.dylib
0x00007fff74899000 	/usr/lib/system/libsystem_info.dylib
0x00007fff7490a000 	/usr/lib/system/libsystem_m.dylib
0x00007fff74956000 	/usr/lib/system/libsystem_malloc.dylib
0x00007fff74976000 	/usr/lib/system/libsystem_network.dylib
0x00007fff74aa7000 	/usr/lib/system/libsystem_networkextension.dylib
0x00007fff74ab2000 	/usr/lib/system/libsystem_notify.dylib
0x00007fff74ad0000 	/usr/lib/system/libsystem_sandbox.dylib
0x00007fff74ad4000 	/usr/lib/system/libsystem_secinit.dylib
0x00007fff748e3000 	/usr/lib/system/libsystem_kernel.dylib
0x00007fff74abc000 	/usr/lib/system/libsystem_platform.dylib
0x00007fff74ac4000 	/usr/lib/system/libsystem_pthread.dylib
0x00007fff74ad6000 	/usr/lib/system/libsystem_symptoms.dylib
0x00007fff74ade000 	/usr/lib/system/libsystem_trace.dylib
0x00007fff74af3000 	/usr/lib/system/libunwind.dylib
0x00007fff74af9000 	/usr/lib/system/libxpc.dylib
0x00007fff71f19000 	/usr/lib/closure/libclosured.dylib
0x00007fff726eb000 	/usr/lib/libbsm.0.dylib
0x00007fff747cd000 	/usr/lib/system/libkxld.dylib
0x00007fff72317000 	/usr/lib/libOpenScriptingUtil.dylib
0x00007fff72a59000 	/usr/lib/libcoretls.dylib
0x00007fff72a72000 	/usr/lib/libcoretls_cfhelpers.dylib
0x00007fff73f88000 	/usr/lib/libpam.2.dylib
0x00007fff740af000 	/usr/lib/libsqlite3.dylib
0x00007fff74475000 	/usr/lib/libxar.1.dylib
0x00007fff726fc000 	/usr/lib/libbz2.1.0.dylib
0x00007fff734aa000 	/usr/lib/liblzma.5.dylib
0x00007fff7398b000 	/usr/lib/libnetwork.dylib
0x00007fff724e8000 	/usr/lib/libapple_nghttp2.dylib
0x00007fff73f8f000 	/usr/lib/libpcap.A.dylib
0x00007fff72632000 	/usr/lib/libboringssl.dylib
0x00007fff74410000 	/usr/lib/libusrtcp.dylib
0x00007fff724e7000 	/usr/lib/libapple_crypto.dylib
0x00007fff4d880000 	/System/Library/Frameworks/CoreServices.framework/Versions/A/Frameworks/FSEvents.framework/Versions/A/FSEvents
0x00007fff4d573000 	/System/Library/Frameworks/CoreServices.framework/Versions/A/Frameworks/CarbonCore.framework/Versions/A/CarbonCore
0x00007fff4da47000 	/System/Library/Frameworks/CoreServices.framework/Versions/A/Frameworks/Metadata.framework/Versions/A/Metadata
0x00007fff4daf8000 	/System/Library/Frameworks/CoreServices.framework/Versions/A/Frameworks/OSServices.framework/Versions/A/OSServices
0x00007fff4db59000 	/System/Library/Frameworks/CoreServices.framework/Versions/A/Frameworks/SearchKit.framework/Versions/A/SearchKit
0x00007fff4d4fe000 	/System/Library/Frameworks/CoreServices.framework/Versions/A/Frameworks/AE.framework/Versions/A/AE
0x00007fff4d889000 	/System/Library/Frameworks/CoreServices.framework/Versions/A/Frameworks/LaunchServices.framework/Versions/A/LaunchServices
0x00007fff4d84b000 	/System/Library/Frameworks/CoreServices.framework/Versions/A/Frameworks/DictionaryServices.framework/Versions/A/DictionaryServices
0x00007fff4dbc8000 	/System/Library/Frameworks/CoreServices.framework/Versions/A/Frameworks/SharedFileList.framework/Versions/A/SharedFileList
0x00007fff51d63000 	/System/Library/Frameworks/NetFS.framework/Versions/A/NetFS
0x00007fff68548000 	/System/Library/PrivateFrameworks/NetAuth.framework/Versions/A/NetAuth
0x00007fff71db0000 	/System/Library/PrivateFrameworks/login.framework/Versions/A/Frameworks/loginsupport.framework/Versions/A/loginsupport
0x00007fff70179000 	/System/Library/PrivateFrameworks/TCC.framework/Versions/A/TCC
0x00007fff7358b000 	/usr/lib/libmecabra.dylib
0x00007fff4a7fc000 	/System/Library/Frameworks/ApplicationServices.framework/Versions/A/Frameworks/ATS.framework/Versions/A/ATS
0x00007fff4abaa000 	/System/Library/Frameworks/ApplicationServices.framework/Versions/A/Frameworks/ColorSyncLegacy.framework/Versions/A/ColorSyncLegacy
0x00007fff4ac4e000 	/System/Library/Frameworks/ApplicationServices.framework/Versions/A/Frameworks/HIServices.framework/Versions/A/HIServices
0x00007fff4aca1000 	/System/Library/Frameworks/ApplicationServices.framework/Versions/A/Frameworks/LangAnalysis.framework/Versions/A/LangAnalysis
0x00007fff4acb0000 	/System/Library/Frameworks/ApplicationServices.framework/Versions/A/Frameworks/PrintCore.framework/Versions/A/PrintCore
0x00007fff4acfd000 	/System/Library/Frameworks/ApplicationServices.framework/Versions/A/Frameworks/QD.framework/Versions/A/QD
0x00007fff4ad38000 	/System/Library/Frameworks/ApplicationServices.framework/Versions/A/Frameworks/SpeechSynthesis.framework/Versions/A/SpeechSynthesis
0x00007fff4c294000 	/System/Library/Frameworks/CoreDisplay.framework/Versions/A/CoreDisplay
0x00007fff48677000 	/System/Library/Frameworks/Accelerate.framework/Versions/A/Frameworks/vImage.framework/Versions/A/vImage
0x00007fff49658000 	/System/Library/Frameworks/Accelerate.framework/Versions/A/Frameworks/vecLib.framework/Versions/A/vecLib
0x00007fff4942d000 	/System/Library/Frameworks/Accelerate.framework/Versions/A/Frameworks/vecLib.framework/Versions/A/libvDSP.dylib
0x00007fff48f67000 	/System/Library/Frameworks/Accelerate.framework/Versions/A/Frameworks/vecLib.framework/Versions/A/libBNNS.dylib
0x00007fff49393000 	/System/Library/Frameworks/Accelerate.framework/Versions/A/Frameworks/vecLib.framework/Versions/A/libQuadrature.dylib
0x00007fff495a1000 	/System/Library/Frameworks/Accelerate.framework/Versions/A/Frameworks/vecLib.framework/Versions/A/libvMisc.dylib
0x00007fff48fa2000 	/System/Library/Frameworks/Accelerate.framework/Versions/A/Frameworks/vecLib.framework/Versions/A/libLAPACK.dylib
0x00007fff48dc6000 	/System/Library/Frameworks/Accelerate.framework/Versions/A/Frameworks/vecLib.framework/Versions/A/libBLAS.dylib
0x00007fff4937c000 	/System/Library/Frameworks/Accelerate.framework/Versions/A/Frameworks/vecLib.framework/Versions/A/libLinearAlgebra.dylib
0x00007fff49399000 	/System/Library/Frameworks/Accelerate.framework/Versions/A/Frameworks/vecLib.framework/Versions/A/libSparse.dylib
0x00007fff4941a000 	/System/Library/Frameworks/Accelerate.framework/Versions/A/Frameworks/vecLib.framework/Versions/A/libSparseBLAS.dylib
0x00007fff653e2000 	/System/Library/PrivateFrameworks/GPUWrangler.framework/Versions/A/GPUWrangler
0x00007fff66b5f000 	/System/Library/PrivateFrameworks/IOAccelerator.framework/Versions/A/IOAccelerator
0x00007fff66b6a000 	/System/Library/PrivateFrameworks/IOPresentment.framework/Versions/A/IOPresentment
0x00007fff60c1b000 	/System/Library/PrivateFrameworks/DSExternalDisplay.framework/Versions/A/DSExternalDisplay
0x00007fff55d5a000 	/System/Library/Frameworks/OpenGL.framework/Versions/A/Libraries/libCoreFSCache.dylib
0x00007fff4dfde000 	/System/Library/Frameworks/CoreVideo.framework/Versions/A/CoreVideo
0x00007fff6615d000 	/System/Library/PrivateFrameworks/GraphVisualizer.framework/Versions/A/GraphVisualizer
0x00007fff50d64000 	/System/Library/Frameworks/MetalPerformanceShaders.framework/Versions/A/MetalPerformanceShaders
0x00007fff72115000 	/usr/lib/libFosl_dynamic.dylib
0x00007fff61cec000 	/System/Library/PrivateFrameworks/FaceCore.framework/Versions/A/FaceCore
0x00007fff54b61000 	/System/Library/Frameworks/OpenCL.framework/Versions/A/OpenCL
0x00007fff72798000 	/usr/lib/libcompression.dylib
0x00007fff4a8fb000 	/System/Library/Frameworks/ApplicationServices.framework/Versions/A/Frameworks/ATS.framework/Versions/A/Resources/libFontParser.dylib
0x00007fff4aa1e000 	/System/Library/Frameworks/ApplicationServices.framework/Versions/A/Frameworks/ATS.framework/Versions/A/Resources/libFontRegistry.dylib
0x00007fff4ef27000 	/System/Library/Frameworks/ImageIO.framework/Versions/A/Resources/libJPEG.dylib
0x00007fff4f251000 	/System/Library/Frameworks/ImageIO.framework/Versions/A/Resources/libTIFF.dylib
0x00007fff4f227000 	/System/Library/Frameworks/ImageIO.framework/Versions/A/Resources/libPng.dylib
0x00007fff4ee3a000 	/System/Library/Frameworks/ImageIO.framework/Versions/A/Resources/libGIF.dylib
0x00007fff4ee3f000 	/System/Library/Frameworks/ImageIO.framework/Versions/A/Resources/libJP2.dylib
0x00007fff4f24e000 	/System/Library/Frameworks/ImageIO.framework/Versions/A/Resources/libRadiance.dylib
0x00007fff5c6d1000 	/System/Library/PrivateFrameworks/AppleJPEG.framework/Versions/A/AppleJPEG
0x00007fff50bcb000 	/System/Library/Frameworks/MetalPerformanceShaders.framework/Frameworks/MPSCore.framework/Versions/A/MPSCore
0x00007fff50be7000 	/System/Library/Frameworks/MetalPerformanceShaders.framework/Frameworks/MPSImage.framework/Versions/A/MPSImage
0x00007fff50c7c000 	/System/Library/Frameworks/MetalPerformanceShaders.framework/Frameworks/MPSNeuralNetwork.framework/Versions/A/MPSNeuralNetwork
0x00007fff50c57000 	/System/Library/Frameworks/MetalPerformanceShaders.framework/Frameworks/MPSMatrix.framework/Versions/A/MPSMatrix
0x00007fff6802d000 	/System/Library/PrivateFrameworks/MetalTools.framework/Versions/A/MetalTools
0x00007fff55f24000 	/System/Library/Frameworks/OpenGL.framework/Versions/A/Libraries/libGLU.dylib
0x00007fff55d65000 	/System/Library/Frameworks/OpenGL.framework/Versions/A/Libraries/libGFXShared.dylib
0x00007fff55d6f000 	/System/Library/Frameworks/OpenGL.framework/Versions/A/Libraries/libGL.dylib
0x00007fff55d7b000 	/System/Library/Frameworks/OpenGL.framework/Versions/A/Libraries/libGLImage.dylib
0x00007fff55d57000 	/System/Library/Frameworks/OpenGL.framework/Versions/A/Libraries/libCVMSPluginSupport.dylib
0x00007fff55d60000 	/System/Library/Frameworks/OpenGL.framework/Versions/A/Libraries/libCoreVMClient.dylib
0x00007fff72f44000 	/usr/lib/libcups.2.dylib
0x00007fff5013a000 	/System/Library/Frameworks/Kerberos.framework/Versions/A/Kerberos
0x00007fff4e91b000 	/System/Library/Frameworks/GSS.framework/Versions/A/GSS
0x00007fff74042000 	/usr/lib/libresolv.9.dylib
0x00007fff73142000 	/usr/lib/libiconv.2.dylib
0x00007fff661ef000 	/System/Library/PrivateFrameworks/Heimdal.framework/Versions/A/Heimdal
0x00007fff73111000 	/usr/lib/libheimdal-asn1.dylib
0x00007fff54bcd000 	/System/Library/Frameworks/OpenDirectory.framework/Versions/A/OpenDirectory
0x00007fff5e9e1000 	/System/Library/PrivateFrameworks/CommonAuth.framework/Versions/A/CommonAuth
0x00007fff54bb0000 	/System/Library/Frameworks/OpenDirectory.framework/Versions/A/Frameworks/CFOpenDirectory.framework/Versions/A/CFOpenDirectory
0x00007fff584e0000 	/System/Library/Frameworks/SecurityFoundation.framework/Versions/A/SecurityFoundation
0x00007fff5b8a8000 	/System/Library/PrivateFrameworks/APFS.framework/Versions/A/APFS
0x00007fff74471000 	/usr/lib/libutil.dylib
0x00007fff5c754000 	/System/Library/PrivateFrameworks/AppleSauce.framework/Versions/A/AppleSauce
0x00007fff67347000 	/System/Library/PrivateFrameworks/LinguisticData.framework/Versions/A/LinguisticData
0x00007fff734c4000 	/usr/lib/libmarisa.dylib
0x00007fff67301000 	/System/Library/PrivateFrameworks/Lexicon.framework/Versions/A/Lexicon
0x00007fff72040000 	/usr/lib/libChineseTokenizer.dylib
0x00007fff72787000 	/usr/lib/libcmph.dylib
0x00007fff6720b000 	/System/Library/PrivateFrameworks/LanguageModeling.framework/Versions/A/LanguageModeling
0x00007fff5f4ed000 	/System/Library/PrivateFrameworks/CoreEmoji.framework/Versions/A/CoreEmoji
0x00007fff5859e000 	/System/Library/Frameworks/ServiceManagement.framework/Versions/A/ServiceManagement
0x00007fff5cf9c000 	/System/Library/PrivateFrameworks/BackgroundTaskManagement.framework/Versions/A/BackgroundTaskManagement
0x00007fff7456e000 	/usr/lib/libxslt.1.dylib
0x00007fff4b9ba000 	/System/Library/Frameworks/Carbon.framework/Versions/A/Frameworks/Ink.framework/Versions/A/Ink
0x00007fff7038e000 	/System/Library/PrivateFrameworks/TextureIO.framework/Versions/A/TextureIO
0x00007fff7252a000 	/usr/lib/libate.dylib
0x00007fff60b7b000 	/System/Library/PrivateFrameworks/CrashReporterSupport.framework/Versions/A/CrashReporterSupport
0x00007fff6d6e7000 	/System/Library/PrivateFrameworks/Sharing.framework/Versions/A/Sharing
0x00007fff66f4d000 	/System/Library/PrivateFrameworks/IconServices.framework/Versions/A/IconServices
0x00007fff5c556000 	/System/Library/PrivateFrameworks/Apple80211.framework/Versions/A/Apple80211
0x00007fff60991000 	/System/Library/PrivateFrameworks/CoreUtils.framework/Versions/A/CoreUtils
0x00007fff4e019000 	/System/Library/Frameworks/CoreWLAN.framework/Versions/A/CoreWLAN
0x00007fff4ea5d000 	/System/Library/Frameworks/IOBluetooth.framework/Versions/A/IOBluetooth
0x00007fff6bbb3000 	/System/Library/PrivateFrameworks/ProtocolBuffer.framework/Versions/A/ProtocolBuffer
0x00007fff60b16000 	/System/Library/PrivateFrameworks/CoreWiFi.framework/Versions/A/CoreWiFi
0x00007fff4bf05000 	/System/Library/Frameworks/CoreBluetooth.framework/Versions/A/CoreBluetooth
0x00007fff60d65000 	/System/Library/PrivateFrameworks/DebugSymbols.framework/Versions/A/DebugSymbols
0x00007fff60748000 	/System/Library/PrivateFrameworks/CoreSymbolication.framework/Versions/A/CoreSymbolication
0x00007fff6fb80000 	/System/Library/PrivateFrameworks/Symbolication.framework/Versions/A/Symbolication
0x00007fff5c580000 	/System/Library/PrivateFrameworks/AppleFSCompression.framework/Versions/A/AppleFSCompression
0x00007fff6efcf000 	/System/Library/PrivateFrameworks/SpeechRecognitionCore.framework/Versions/A/SpeechRecognitionCore
0x00000001062b0000 	/Applications/AnyLogic.app/Contents/jre/lib/server/libjvm.dylib
0x00007fff7433e000 	/usr/lib/libstdc++.6.0.9.dylib
0x0000000104fad000 	/Applications/AnyLogic.app/Contents/jre/lib/libverify.dylib
0x0000000104fba000 	/Applications/AnyLogic.app/Contents/jre/lib/libjava.dylib
0x0000000104ff8000 	/Applications/AnyLogic.app/Contents/jre/lib/libzip.dylib
0x0000000105840000 	/Applications/AnyLogic.app/Contents/jre/lib/libjimage.dylib
0x00000001061f9000 	/Applications/AnyLogic.app/Contents/jre/lib/libnio.dylib
0x00000001245fb000 	/Applications/AnyLogic.app/Contents/jre/lib/./libnet.dylib
0x0000000124782000 	/Applications/AnyLogic.app/Contents/jre/lib/libawt.dylib
0x0000000124827000 	/Applications/AnyLogic.app/Contents/jre/lib/./libmlib_image.dylib
0x00007fff50123000 	/System/Library/Frameworks/JavaVM.framework/Versions/A/Frameworks/JavaNativeFoundation.framework/Versions/A/JavaNativeFoundation
0x00007fff5012c000 	/System/Library/Frameworks/JavaVM.framework/Versions/A/Frameworks/JavaRuntimeSupport.framework/Versions/A/JavaRuntimeSupport
0x00007fff50135000 	/System/Library/Frameworks/JavaVM.framework/Versions/A/JavaVM
0x00007fff6710d000 	/System/Library/PrivateFrameworks/JavaLaunching.framework/Versions/A/JavaLaunching
0x00007fff4b6a5000 	/System/Library/Frameworks/Carbon.framework/Versions/A/Carbon
0x00007fff4b6a6000 	/System/Library/Frameworks/Carbon.framework/Versions/A/Frameworks/CommonPanels.framework/Versions/A/CommonPanels
0x00007fff4b9b0000 	/System/Library/Frameworks/Carbon.framework/Versions/A/Frameworks/Help.framework/Versions/A/Help
0x00007fff4b9b4000 	/System/Library/Frameworks/Carbon.framework/Versions/A/Frameworks/ImageCapture.framework/Versions/A/ImageCapture
0x00007fff4ba50000 	/System/Library/Frameworks/Carbon.framework/Versions/A/Frameworks/OpenScripting.framework/Versions/A/OpenScripting
0x00007fff4ba8b000 	/System/Library/Frameworks/Carbon.framework/Versions/A/Frameworks/Print.framework/Versions/A/Print
0x00007fff4ba8d000 	/System/Library/Frameworks/Carbon.framework/Versions/A/Frameworks/SecurityHI.framework/Versions/A/SecurityHI
0x0000000124895000 	/Applications/AnyLogic.app/Contents/jre/lib/libawt_lwawt.dylib
0x0000000124955000 	/Applications/AnyLogic.app/Contents/jre/lib/./libosxapp.dylib
0x00007fff4e4be000 	/System/Library/Frameworks/ExceptionHandling.framework/Versions/A/ExceptionHandling
0x0000000124a04000 	/Applications/AnyLogic.app/Contents/jre/lib/libfontmanager.dylib
0x00007fff603db000 	/System/Library/PrivateFrameworks/CoreServicesInternal.framework/Versions/A/CoreServicesInternal
0x00007fff4469d000 	/System/Library/CoreServices/RawCamera.bundle/Contents/MacOS/RawCamera
0x00007fff6809f000 	/System/Library/PrivateFrameworks/MobileAsset.framework/Versions/A/MobileAsset
0x00007fff6f487000 	/System/Library/PrivateFrameworks/StreamingZip.framework/Versions/A/StreamingZip
0x00007fff504c4000 	/System/Library/Frameworks/MediaToolbox.framework/Versions/A/MediaToolbox
0x00007fff5f12f000 	/System/Library/PrivateFrameworks/CoreAVCHD.framework/Versions/A/CoreAVCHD
0x00007fff50411000 	/System/Library/Frameworks/MediaAccessibility.framework/Versions/A/MediaAccessibility
0x00007fff67b4d000 	/System/Library/PrivateFrameworks/Mangrove.framework/Versions/A/Mangrove
0x00007fff4d3c4000 	/System/Library/Frameworks/CoreMedia.framework/Versions/A/CoreMedia
0x00007fff58b6c000 	/System/Library/Frameworks/VideoToolbox.framework/Versions/A/VideoToolbox
0x00007fff5ed26000 	/System/Library/PrivateFrameworks/CoreAUC.framework/Versions/A/CoreAUC
0x00007fff740ad000 	/usr/lib/libspindump.dylib
0x00007fff5c849000 	/System/Library/PrivateFrameworks/AppleVA.framework/Versions/A/AppleVA
0x00007fff4865f000 	/System/Library/Frameworks/Accelerate.framework/Versions/A/Frameworks/vImage.framework/Versions/A/Libraries/libCGInterfaces.dylib
0x00007fff4ab0d000 	/System/Library/Frameworks/ApplicationServices.framework/Versions/A/Frameworks/ATS.framework/Versions/A/Resources/libTrueTypeScaler.dylib
0x00007fff45f78000 	/System/Library/Extensions/AppleIntelHD4000GraphicsMTLDriver.bundle/Contents/MacOS/AppleIntelHD4000GraphicsMTLDriver
0x00007fff63d76000 	/System/Library/PrivateFrameworks/GPUCompiler.framework/Versions/3802/Libraries/libmetal_timestamp.dylib
0x000000012815e000 	/Applications/AnyLogic.app/Contents/jre/lib/libosxui.dylib
0x00007fff568ea000 	/System/Library/Frameworks/OpenGL.framework/Versions/A/Resources/GLEngine.bundle/GLEngine
0x00007fff55db7000 	/System/Library/Frameworks/OpenGL.framework/Versions/A/Libraries/libGLProgrammability.dylib
0x00000001297ea000 	/System/Library/Extensions/AppleIntelHD4000GraphicsGLDriver.bundle/Contents/MacOS/AppleIntelHD4000GraphicsGLDriver
0x00007fff653d6000 	/System/Library/PrivateFrameworks/GPUSupport.framework/Versions/A/Libraries/libGPUSupportMercury.dylib
0x00007fff56a82000 	/System/Library/Frameworks/OpenGL.framework/Versions/A/Resources/GLRendererFloat.bundle/GLRendererFloat
0x00007fff54b58000 	/System/Library/Frameworks/OpenCL.framework/Versions/A/Libraries/libcldcpuengine.dylib
0x00007fff72c0c000 	/usr/lib/libcrypto.35.dylib
0x00007fff704f1000 	/System/Library/PrivateFrameworks/TrustEvaluationAgent.framework/Versions/A/TrustEvaluationAgent
0x00007fff7137c000 	/System/Library/PrivateFrameworks/ViewBridge.framework/Versions/A/ViewBridge
0x00000001695c4000 	/Applications/AnyLogic.app/Contents/jre/lib/libjavajpeg.dylib
0x000000012796f000 	/Applications/AnyLogic.app/Contents/jre/lib/libmanagement.dylib
0x0000000127974000 	/Applications/AnyLogic.app/Contents/jre/lib/libmanagement_ext.dylib
0x000000012a5ce000 	/Applications/AnyLogic.app/Contents/Resources/Java/plugins/org.j3d.opengl.swt.carbon.osx_0.7.0/libgluegen-rt.jnilib
0x00000001287f0000 	/Applications/AnyLogic.app/Contents/Resources/Java/plugins/org.j3d.opengl.swt.carbon.osx_0.7.0/libnativewindow_awt.jnilib
0x0000000128906000 	/Applications/AnyLogic.app/Contents/jre/lib/libjawt.dylib
0x0000000169357000 	/Applications/AnyLogic.app/Contents/Resources/Java/plugins/org.j3d.opengl.swt.carbon.osx_0.7.0/libnativewindow_macosx.jnilib
0x000000016a270000 	/Applications/AnyLogic.app/Contents/Resources/Java/plugins/org.j3d.opengl.swt.carbon.osx_0.7.0/libjogl_desktop.jnilib

VM Arguments:
jvm_args: -Xmx2048m -Dnativewindow.awt.nohidpi=true -DlanguageId_xjal=en0q477n -DFlowchartCountersVisible_xjal=true -DTileCachePath_xjal=/Applications/AnyLogic.app/Contents/Resources/Java/plugins/com.anylogic.gis_8.2.3.201712291404/tiles -DFlowchartPortStateAnimated_xjal=true -DuseProxy_xjal=false -Djava.library.path=/Applications/AnyLogic.app/Contents/Resources/Java/plugins/org.j3d.opengl.swt.carbon.osx_0.7.0:/Applications/AnyLogic.app/Contents/Resources/Java/plugins/org.j3d.opengl.swt.carbon.osx_0.7.0 -Dfile.encoding=UTF-8 
java_command: com.anylogic.ms.MS final_project_15APR2018.Simulation 183d572
java_class_path (initial): /Users/BlakeNguyen/.AnyLogicPLE/Workspace8/Final_Project_15APR2018_BUILD/classes:/Applications/AnyLogic.app/Contents/Resources/Java/plugins/com.anylogic.engine_8.2.3.201712291404/com.anylogic.engine.jar:/Applications/AnyLogic.app/Contents/Resources/Java/plugins/com.anylogic.engine_8.2.3.201712291404/com.anylogic.engine.al3d.jar:/Applications/AnyLogic.app/Contents/Resources/Java/plugins/com.anylogic.engine_8.2.3.201712291404/com.anylogic.engine.resources.jar:/Applications/AnyLogic.app/Contents/Resources/Java/plugins/com.anylogic.engine_8.2.3.201712291404/com.anylogic.engine.nl.jar:/Applications/AnyLogic.app/Contents/Resources/Java/plugins/com.anylogic.optimizer_8.2.3.201712291404/lib/OptQuest.jar:/Applications/AnyLogic.app/Contents/Resources/Java/plugins/com.anylogic.third_party_libraries_8.2.3.201712291404/lib/database/hsqldb.jar:/Applications/AnyLogic.app/Contents/Resources/Java/plugins/com.anylogic.third_party_libraries_8.2.3.201712291404/lib/database/querydsl/org.apache.servicemix.bundles.javax-inject-1_2.jar:/Applications/AnyLogic.app/Contents/Resources/Java/plugins/com.anylogic.third_party_libraries_8.2.3.201712291404/lib/database/querydsl/ant-launcher-1.8.1.jar:/Applications/AnyLogic.app/Contents/Resources/Java/plugins/com.anylogic.third_party_libraries_8.2.3.201712291404/lib/database/querydsl/guava-18.0.jar:/Applications/AnyLogic.app/Contents/Resources/Java/plugins/org.apache.poi_1.0.0/lib/poi-examples-3.10.1-20140818.jar:/Applications/AnyLogic.app/Contents/Resources/Java/plugins/com.anylogic.third_party_libraries_8.2.3.201712291404/lib/database/querydsl/geolatte-geom-0.13.jar:/Applications/AnyLogic.app/Contents/Resources/Java/plugins/org.apache.poi_1.0.0/lib/poi-3.10.1-20140818.jar:/Applications/AnyLogic.app/Contents/Resources/Java/plugins/com.anylogic.third_party_libraries_8.2.3.201712291404/lib/database/querydsl/postgis-stubs-1.3.3.jar:/Applications/AnyLogic.app/Contents/Resources/Java/plugins/com.anylogic.third_party_libraries
Launcher Type: SUN_STANDARD

Logging:
Log output configuration:
#0: stdout all=warning uptime,level,tags
#1: stderr all=off uptime,level,tags

Environment Variables:
PATH=/usr/bin:/bin:/usr/sbin:/sbin
SHELL=/bin/bash

Signal Handlers:
SIGSEGV: [libjvm.dylib+0x73e2dc], sa_mask[0]=11111111011111110111111111111111, sa_flags=SA_ONSTACK|SA_RESTART|SA_SIGINFO
SIGBUS: [libjvm.dylib+0x73e2dc], sa_mask[0]=11111111011111110111111111111111, sa_flags=SA_RESTART|SA_SIGINFO
SIGFPE: [libjvm.dylib+0x73e2dc], sa_mask[0]=11111111011111110111111111111111, sa_flags=SA_RESTART|SA_SIGINFO
SIGPIPE: [libjvm.dylib+0x5f15ac], sa_mask[0]=11111111011111110111111111111111, sa_flags=SA_RESTART|SA_SIGINFO
SIGXFSZ: [libjvm.dylib+0x5f15ac], sa_mask[0]=11111111011111110111111111111111, sa_flags=SA_RESTART|SA_SIGINFO
SIGILL: [libjvm.dylib+0x73e2dc], sa_mask[0]=11111111011111110111111111111111, sa_flags=SA_RESTART|SA_SIGINFO
SIGUSR2: [libjvm.dylib+0x5f1e3c], sa_mask[0]=00100000000000000000000000000000, sa_flags=SA_RESTART|SA_SIGINFO
SIGHUP: [libjvm.dylib+0x5f0679], sa_mask[0]=11111111011111110111111111111111, sa_flags=SA_RESTART|SA_SIGINFO
SIGINT: [libjvm.dylib+0x5f0679], sa_mask[0]=11111111011111110111111111111111, sa_flags=SA_RESTART|SA_SIGINFO
SIGTERM: [libjvm.dylib+0x5f0679], sa_mask[0]=11111111011111110111111111111111, sa_flags=SA_RESTART|SA_SIGINFO
SIGQUIT: [libjvm.dylib+0x5f0679], sa_mask[0]=11111111011111110111111111111111, sa_flags=SA_RESTART|SA_SIGINFO


---------------  S Y S T E M  ---------------

OS:uname:Darwin 17.5.0 Darwin Kernel Version 17.5.0: Mon Mar  5 22:24:32 PST 2018; root:xnu-4570.51.1~1/RELEASE_X86_64 x86_64
rlimit: STACK 8192k, CORE 0k, NPROC 709, NOFILE 10240, AS infinity
load average:11.76 8.84 5.86

CPU:total 4 (initial active 4) (2 cores per cpu, 2 threads per core) family 6 model 58 stepping 9, cmov, cx8, fxsr, mmx, sse, sse2, sse3, ssse3, sse4.1, sse4.2, popcnt, avx, aes, clmul, erms, ht, tsc, tscinvbit, tscinv

Memory: 4k page, physical 8388608k(44096k free)

vm_info: Java HotSpot(TM) 64-Bit Server VM (9.0.1+11) for bsd-amd64 JRE (9.0.1+11), built on Sep 28 2017 03:49:57 by "mach5one" with gcc 4.2.1 Compatible Apple LLVM 6.1.0 (clang-602.0.49)

END.
